Log file open, 06/28/19 13:31:44
LogWindows: Failed to load 'aqProf.dll' (GetLastError=126)
LogWindows: File 'aqProf.dll' does not exist
LogWindows: Failed to load 'VtuneApi.dll' (GetLastError=126)
LogWindows: File 'VtuneApi.dll' does not exist
LogWindows: Failed to load 'VtuneApi32e.dll' (GetLastError=126)
LogWindows: File 'VtuneApi32e.dll' does not exist
LogConsoleResponse: Display: Failed to find resolution value strings in scalability ini. Falling back to default.
LogInit: Display: Running engine for game: Labarynth
LogPakFile: Registered encryption key '00000000000000000000000000000000': 0 pak files mounted, 0 remain pending
LogPlatformFile: Not using cached read wrapper
LogTaskGraph: Started task graph with 5 named threads and 35 total threads with 3 sets of task threads.
LogStats: Stats thread started at 0.395949
LogD3D11RHI: Loaded GFSDK_Aftermath_Lib.x64.dll
LogICUInternationalization: ICU TimeZone Detection - Raw Offset: -8:00, Platform Override: ''
LogPluginManager: Mounting plugin Paper2D
LogPluginManager: Mounting plugin AISupport
LogPluginManager: Mounting plugin LightPropagationVolume
LogPluginManager: Mounting plugin ActorLayerUtilities
LogPluginManager: Mounting plugin AnimationSharing
LogPluginManager: Mounting plugin CLionSourceCodeAccess
LogPluginManager: Mounting plugin CodeLiteSourceCodeAccess
LogPluginManager: Mounting plugin GitSourceControl
LogPluginManager: Mounting plugin KDevelopSourceCodeAccess
LogPluginManager: Mounting plugin NullSourceCodeAccess
LogPluginManager: Mounting plugin PerforceSourceControl
LogPluginManager: Mounting plugin SubversionSourceControl
LogPluginManager: Mounting plugin UObjectPlugin
LogPluginManager: Mounting plugin VisualStudioCodeSourceCodeAccess
LogPluginManager: Mounting plugin VisualStudioSourceCodeAccess
LogPluginManager: Mounting plugin XCodeSourceCodeAccess
LogPluginManager: Mounting plugin AssetManagerEditor
LogPluginManager: Mounting plugin CryptoKeys
LogPluginManager: Mounting plugin DataValidation
LogPluginManager: Mounting plugin FacialAnimation
LogPluginManager: Mounting plugin GameplayTagsEditor
LogPluginManager: Mounting plugin MacGraphicsSwitching
LogPluginManager: Mounting plugin MaterialAnalyzer
LogPluginManager: Mounting plugin MobileLauncherProfileWizard
LogPluginManager: Mounting plugin PluginBrowser
LogPluginManager: Mounting plugin SpeedTreeImporter
LogPluginManager: Mounting plugin DatasmithContent
LogPluginManager: Mounting plugin VariantManagerContent
LogPluginManager: Mounting plugin AlembicImporter
LogPluginManager: Mounting plugin AppleImageUtils
LogPluginManager: Mounting plugin AppleVision
LogPluginManager: Mounting plugin BackChannel
LogPluginManager: Mounting plugin CharacterAI
LogPluginManager: Mounting plugin GeometryCache
LogPluginManager: Mounting plugin HTML5Networking
LogPluginManager: Mounting plugin ProxyLODPlugin
LogPluginManager: Mounting plugin SkeletalReduction
LogPluginManager: Mounting plugin MagicLeap
LogPluginManager: Mounting plugin MagicLeapMedia
LogPluginManager: Mounting plugin AndroidMedia
LogPluginManager: Mounting plugin AvfMedia
LogPluginManager: Mounting plugin ImgMedia
LogPluginManager: Mounting plugin LinearTimecode
LogPluginManager: Mounting plugin MediaCompositing
LogPluginManager: Mounting plugin MediaPlayerEditor
LogPluginManager: Mounting plugin WebMMedia
LogPluginManager: Mounting plugin WmfMedia
LogPluginManager: Mounting plugin TcpMessaging
LogPluginManager: Mounting plugin UdpMessaging
LogPluginManager: Mounting plugin ActorSequence
LogPluginManager: Mounting plugin LevelSequenceEditor
LogPluginManager: Mounting plugin MatineeToLevelSequence
LogPluginManager: Mounting plugin NetcodeUnitTest
LogPluginManager: Mounting plugin NUTUnrealEngine4
LogPluginManager: Mounting plugin OnlineSubsystemGooglePlay
LogPluginManager: Mounting plugin OnlineSubsystemIOS
LogPluginManager: Mounting plugin OnlineSubsystem
LogPluginManager: Mounting plugin OnlineSubsystemNull
LogPluginManager: Mounting plugin OnlineSubsystemUtils
LogPluginManager: Mounting plugin LauncherChunkInstaller
LogPluginManager: Mounting plugin AndroidDeviceProfileSelector
LogPluginManager: Mounting plugin AndroidMoviePlayer
LogPluginManager: Mounting plugin AndroidPermission
LogPluginManager: Mounting plugin AppleMoviePlayer
LogPluginManager: Mounting plugin ArchVisCharacter
LogPluginManager: Mounting plugin AudioCapture
LogPluginManager: Mounting plugin CableComponent
LogPluginManager: Mounting plugin CustomMeshComponent
LogPluginManager: Mounting plugin EditableMesh
LogPluginManager: Mounting plugin ExampleDeviceProfileSelector
LogPluginManager: Mounting plugin Firebase
LogPluginManager: Mounting plugin GoogleCloudMessaging
LogPluginManager: Mounting plugin IOSDeviceProfileSelector
LogPluginManager: Mounting plugin LinuxDeviceProfileSelector
LogPluginManager: Mounting plugin LocationServicesBPLibrary
LogPluginManager: Mounting plugin MobilePatchingUtils
LogPluginManager: Mounting plugin OculusVR
LogPluginManager: Mounting plugin PhysXVehicles
LogPluginManager: Mounting plugin ProceduralMeshComponent
LogPluginManager: Mounting plugin RuntimePhysXCooking
LogPluginManager: Mounting plugin SignificanceManager
LogPluginManager: Mounting plugin SteamVR
LogPluginManager: Mounting plugin WebMMoviePlayer
LogPluginManager: Mounting plugin WindowsMoviePlayer
LogInit: Using libcurl 7.55.1-DEV
LogInit:  - built for x86_64-pc-win32
LogInit:  - supports SSL with OpenSSL/1.1.1
LogInit:  - supports HTTP deflate (compression) using libz 1.2.8
LogInit:  - other features:
LogInit:      CURL_VERSION_SSL
LogInit:      CURL_VERSION_LIBZ
LogInit:      CURL_VERSION_IPV6
LogInit:      CURL_VERSION_ASYNCHDNS
LogInit:      CURL_VERSION_LARGEFILE
LogInit:      CURL_VERSION_IDN
LogInit:  CurlRequestOptions (configurable via config and command line):
LogInit:  - bVerifyPeer = true  - Libcurl will verify peer certificate
LogInit:  - bUseHttpProxy = false  - Libcurl will NOT use HTTP proxy
LogInit:  - bDontReuseConnections = false  - Libcurl will reuse connections
LogInit:  - MaxHostConnections = 16  - Libcurl will limit the number of connections to a host
LogInit:  - LocalHostAddr = Default
LogInit:  - BufferSize = 65536
LogInit: WinSock: version 1.1 (2.2), MaxSocks=32767, MaxUdp=65467
LogInit: Build: ++UE4+Release-4.22-CL-7053642
LogInit: Engine Version: 4.22.3-7053642+++UE4+Release-4.22
LogInit: Compatible Engine Version: 4.22.0-5660361+++UE4+Release-4.22
LogInit: Net CL: 5660361
LogInit: OS: Windows 10 (Release 1809) (), CPU: AMD Ryzen 5 2600 Six-Core Processor            , GPU: NVIDIA GeForce GTX 1070 Ti
LogInit: Compiled (64-bit): Jun 18 2019 03:09:11
LogInit: Compiled with Visual C++: 19.16.27025.01
LogInit: Build Configuration: Development
LogInit: Branch Name: ++UE4+Release-4.22
LogInit: Command Line: 
LogInit: Base Directory: D:/Games/Epic/UE_4.22/Engine/Binaries/Win64/
LogInit: Installed Engine Build: 1
LogDevObjectVersion: Number of dev versions registered: 23
LogDevObjectVersion:   Dev-Blueprints (B0D832E4-1F89-4F0D-ACCF-7EB736FD4AA2): 10
LogDevObjectVersion:   Dev-Build (E1C64328-A22C-4D53-A36C-8E866417BD8C): 0
LogDevObjectVersion:   Dev-Core (375EC13C-06E4-48FB-B500-84F0262A717E): 3
LogDevObjectVersion:   Dev-Editor (E4B068ED-F494-42E9-A231-DA0B2E46BB41): 30
LogDevObjectVersion:   Dev-Framework (CFFC743F-43B0-4480-9391-14DF171D2073): 35
LogDevObjectVersion:   Dev-Mobile (B02B49B5-BB20-44E9-A304-32B752E40360): 2
LogDevObjectVersion:   Dev-Networking (A4E4105C-59A1-49B5-A7C5-40C4547EDFEE): 0
LogDevObjectVersion:   Dev-Online (39C831C9-5AE6-47DC-9A44-9C173E1C8E7C): 0
LogDevObjectVersion:   Dev-Physics (78F01B33-EBEA-4F98-B9B4-84EACCB95AA2): 0
LogDevObjectVersion:   Dev-Platform (6631380F-2D4D-43E0-8009-CF276956A95A): 0
LogDevObjectVersion:   Dev-Rendering (12F88B9F-8875-4AFC-A67C-D90C383ABD29): 28
LogDevObjectVersion:   Dev-Sequencer (7B5AE74C-D270-4C10-A958-57980B212A5A): 11
LogDevObjectVersion:   Dev-VR (D7296918-1DD6-4BDD-9DE2-64A83CC13884): 2
LogDevObjectVersion:   Dev-LoadTimes (C2A15278-BFE7-4AFE-6C17-90FF531DF755): 1
LogDevObjectVersion:   Private-Geometry (6EACA3D4-40EC-4CC1-B786-8BED09428FC5): 3
LogDevObjectVersion:   Dev-AnimPhys (29E575DD-E0A3-4627-9D10-D276232CDCEA): 17
LogDevObjectVersion:   Dev-Anim (AF43A65D-7FD3-4947-9873-3E8ED9C1BB05): 2
LogDevObjectVersion:   Dev-ReflectionCapture (6B266CEC-1EC7-4B8F-A30B-E4D90942FC07): 1
LogDevObjectVersion:   Dev-Automation (0DF73D61-A23F-47EA-B727-89E90C41499A): 1
LogDevObjectVersion:   FortniteMain (601D1886-AC64-4F84-AA16-D3DE0DEAC7D6): 25
LogDevObjectVersion:   Dev-Enterprise (9DFFBCD6-494F-0158-E221-12823C92A888): 6
LogDevObjectVersion:   Dev-Niagara (F2AED0AC-9AFE-416F-8664-AA7FFA26D6FC): 1
LogDevObjectVersion:   Dev-Destruction (174F1F0B-B4C6-45A5-B13F-2EE8D0FB917D): 2
LogInit: Presizing for max 16777216 objects, including 0 objects not considered by GC, pre-allocating 0 bytes for permanent pool.
LogInit: Object subsystem initialized
LogConfig: Setting CVar [[con.DebugEarlyDefault:1]]
LogConfig: Setting CVar [[r.setres:1280x720]]
[2019.06.28-20.31.44:402][  0]LogConfig: Setting CVar [[r.VSync:0]]
[2019.06.28-20.31.44:402][  0]LogConfig: Setting CVar [[r.RHICmdBypass:0]]
[2019.06.28-20.31.44:402][  0]LogConfig: Applying CVar settings from Section [/Script/Engine.RendererSettings] File [C:/Users/orion/Desktop/Code/Labarynth/Project/Saved/Config/Windows/Engine.ini]
[2019.06.28-20.31.44:402][  0]LogConfig: Setting CVar [[r.GPUCrashDebugging:0]]
[2019.06.28-20.31.44:402][  0]LogConfig: Applying CVar settings from Section [/Script/Engine.RendererOverrideSettings] File [C:/Users/orion/Desktop/Code/Labarynth/Project/Saved/Config/Windows/Engine.ini]
[2019.06.28-20.31.44:402][  0]LogConfig: Applying CVar settings from Section [/Script/Engine.StreamingSettings] File [C:/Users/orion/Desktop/Code/Labarynth/Project/Saved/Config/Windows/Engine.ini]
[2019.06.28-20.31.44:402][  0]LogConfig: Setting CVar [[s.MinBulkDataSizeForAsyncLoading:131072]]
[2019.06.28-20.31.44:402][  0]LogConfig: Setting CVar [[s.AsyncLoadingThreadEnabled:0]]
[2019.06.28-20.31.44:403][  0]LogConfig: Setting CVar [[s.EventDrivenLoaderEnabled:1]]
[2019.06.28-20.31.44:403][  0]LogConfig: Setting CVar [[s.WarnIfTimeLimitExceeded:0]]
[2019.06.28-20.31.44:403][  0]LogConfig: Setting CVar [[s.TimeLimitExceededMultiplier:1.5]]
[2019.06.28-20.31.44:403][  0]LogConfig: Setting CVar [[s.TimeLimitExceededMinTime:0.005]]
[2019.06.28-20.31.44:403][  0]LogConfig: Setting CVar [[s.UseBackgroundLevelStreaming:1]]
[2019.06.28-20.31.44:403][  0]LogConfig: Setting CVar [[s.PriorityAsyncLoadingExtraTime:15.0]]
[2019.06.28-20.31.44:403][  0]LogConfig: Setting CVar [[s.LevelStreamingActorsUpdateTimeLimit:5.0]]
[2019.06.28-20.31.44:403][  0]LogConfig: Setting CVar [[s.PriorityLevelStreamingActorsUpdateExtraTime:5.0]]
[2019.06.28-20.31.44:403][  0]LogConfig: Setting CVar [[s.LevelStreamingComponentsRegistrationGranularity:10]]
[2019.06.28-20.31.44:403][  0]LogConfig: Setting CVar [[s.UnregisterComponentsTimeLimit:1.0]]
[2019.06.28-20.31.44:403][  0]LogConfig: Setting CVar [[s.LevelStreamingComponentsUnregistrationGranularity:5]]
[2019.06.28-20.31.44:403][  0]LogConfig: Applying CVar settings from Section [/Script/Engine.GarbageCollectionSettings] File [C:/Users/orion/Desktop/Code/Labarynth/Project/Saved/Config/Windows/Engine.ini]
[2019.06.28-20.31.44:403][  0]LogConfig: Setting CVar [[gc.MaxObjectsNotConsideredByGC:1]]
[2019.06.28-20.31.44:403][  0]LogConfig: Setting CVar [[gc.SizeOfPermanentObjectPool:0]]
[2019.06.28-20.31.44:403][  0]LogConfig: Setting CVar [[gc.FlushStreamingOnGC:0]]
[2019.06.28-20.31.44:403][  0]LogConfig: Setting CVar [[gc.NumRetriesBeforeForcingGC:10]]
[2019.06.28-20.31.44:403][  0]LogConfig: Setting CVar [[gc.AllowParallelGC:1]]
[2019.06.28-20.31.44:403][  0]LogConfig: Setting CVar [[gc.TimeBetweenPurgingPendingKillObjects:61.1]]
[2019.06.28-20.31.44:403][  0]LogConfig: Setting CVar [[gc.MaxObjectsInEditor:16777216]]
[2019.06.28-20.31.44:403][  0]LogConfig: Setting CVar [[gc.IncrementalBeginDestroyEnabled:1]]
[2019.06.28-20.31.44:403][  0]LogConfig: Setting CVar [[gc.CreateGCClusters:1]]
[2019.06.28-20.31.44:403][  0]LogConfig: Setting CVar [[gc.MinGCClusterSize:5]]
[2019.06.28-20.31.44:403][  0]LogConfig: Setting CVar [[gc.ActorClusteringEnabled:0]]
[2019.06.28-20.31.44:403][  0]LogConfig: Setting CVar [[gc.BlueprintClusteringEnabled:0]]
[2019.06.28-20.31.44:403][  0]LogConfig: Setting CVar [[gc.UseDisregardForGCOnDedicatedServers:0]]
[2019.06.28-20.31.44:403][  0]LogConfig: Applying CVar settings from Section [/Script/Engine.NetworkSettings] File [C:/Users/orion/Desktop/Code/Labarynth/Project/Saved/Config/Windows/Engine.ini]
[2019.06.28-20.31.44:403][  0]LogConfig: Applying CVar settings from Section [/Script/UnrealEd.CookerSettings] File [C:/Users/orion/Desktop/Code/Labarynth/Project/Saved/Config/Windows/Engine.ini]
[2019.06.28-20.31.44:405][  0]LogConfig: Applying CVar settings from Section [ViewDistanceQuality@3] File [C:/Users/orion/Desktop/Code/Labarynth/Project/Saved/Config/Windows/Scalability.ini]
[2019.06.28-20.31.44:405][  0]LogConfig: Setting CVar [[r.SkeletalMeshLODBias:0]]
[2019.06.28-20.31.44:405][  0]LogConfig: Setting CVar [[r.ViewDistanceScale:1.0]]
[2019.06.28-20.31.44:405][  0]LogConfig: Applying CVar settings from Section [AntiAliasingQuality@3] File [C:/Users/orion/Desktop/Code/Labarynth/Project/Saved/Config/Windows/Scalability.ini]
[2019.06.28-20.31.44:405][  0]LogConfig: Setting CVar [[r.PostProcessAAQuality:4]]
[2019.06.28-20.31.44:405][  0]LogConfig: Applying CVar settings from Section [ShadowQuality@3] File [C:/Users/orion/Desktop/Code/Labarynth/Project/Saved/Config/Windows/Scalability.ini]
[2019.06.28-20.31.44:405][  0]LogConfig: Setting CVar [[r.LightFunctionQuality:1]]
[2019.06.28-20.31.44:405][  0]LogConfig: Setting CVar [[r.ShadowQuality:5]]
[2019.06.28-20.31.44:405][  0]LogConfig: Setting CVar [[r.Shadow.CSM.MaxCascades:10]]
[2019.06.28-20.31.44:405][  0]LogConfig: Setting CVar [[r.Shadow.MaxResolution:2048]]
[2019.06.28-20.31.44:405][  0]LogConfig: Setting CVar [[r.Shadow.MaxCSMResolution:2048]]
[2019.06.28-20.31.44:405][  0]LogConfig: Setting CVar [[r.Shadow.RadiusThreshold:0.01]]
[2019.06.28-20.31.44:405][  0]LogConfig: Setting CVar [[r.Shadow.DistanceScale:1.0]]
[2019.06.28-20.31.44:405][  0]LogConfig: Setting CVar [[r.Shadow.CSM.TransitionScale:1.0]]
[2019.06.28-20.31.44:405][  0]LogConfig: Setting CVar [[r.Shadow.PreShadowResolutionFactor:1.0]]
[2019.06.28-20.31.44:405][  0]LogConfig: Setting CVar [[r.DistanceFieldShadowing:1]]
[2019.06.28-20.31.44:406][  0]LogConfig: Setting CVar [[r.DistanceFieldAO:1]]
[2019.06.28-20.31.44:406][  0]LogConfig: Setting CVar [[r.AOQuality:2]]
[2019.06.28-20.31.44:406][  0]LogConfig: Setting CVar [[r.VolumetricFog:1]]
[2019.06.28-20.31.44:406][  0]LogConfig: Setting CVar [[r.VolumetricFog.GridPixelSize:8]]
[2019.06.28-20.31.44:406][  0]LogConfig: Setting CVar [[r.VolumetricFog.GridSizeZ:128]]
[2019.06.28-20.31.44:406][  0]LogConfig: Setting CVar [[r.VolumetricFog.HistoryMissSupersampleCount:4]]
[2019.06.28-20.31.44:406][  0]LogConfig: Setting CVar [[r.LightMaxDrawDistanceScale:1]]
[2019.06.28-20.31.44:406][  0]LogConfig: Setting CVar [[r.CapsuleShadows:1]]
[2019.06.28-20.31.44:406][  0]LogConfig: Applying CVar settings from Section [PostProcessQuality@3] File [C:/Users/orion/Desktop/Code/Labarynth/Project/Saved/Config/Windows/Scalability.ini]
[2019.06.28-20.31.44:406][  0]LogConfig: Setting CVar [[r.MotionBlurQuality:4]]
[2019.06.28-20.31.44:406][  0]LogConfig: Setting CVar [[r.AmbientOcclusionMipLevelFactor:0.4]]
[2019.06.28-20.31.44:406][  0]LogConfig: Setting CVar [[r.AmbientOcclusionMaxQuality:100]]
[2019.06.28-20.31.44:406][  0]LogConfig: Setting CVar [[r.AmbientOcclusionLevels:-1]]
[2019.06.28-20.31.44:406][  0]LogConfig: Setting CVar [[r.AmbientOcclusionRadiusScale:1.0]]
[2019.06.28-20.31.44:406][  0]LogConfig: Setting CVar [[r.DepthOfFieldQuality:2]]
[2019.06.28-20.31.44:406][  0]LogConfig: Setting CVar [[r.RenderTargetPoolMin:400]]
[2019.06.28-20.31.44:406][  0]LogConfig: Setting CVar [[r.LensFlareQuality:2]]
[2019.06.28-20.31.44:406][  0]LogConfig: Setting CVar [[r.SceneColorFringeQuality:1]]
[2019.06.28-20.31.44:406][  0]LogConfig: Setting CVar [[r.EyeAdaptationQuality:2]]
[2019.06.28-20.31.44:406][  0]LogConfig: Setting CVar [[r.BloomQuality:5]]
[2019.06.28-20.31.44:406][  0]LogConfig: Setting CVar [[r.FastBlurThreshold:100]]
[2019.06.28-20.31.44:406][  0]LogConfig: Setting CVar [[r.Upscale.Quality:3]]
[2019.06.28-20.31.44:406][  0]LogConfig: Setting CVar [[r.Tonemapper.GrainQuantization:1]]
[2019.06.28-20.31.44:406][  0]LogConfig: Setting CVar [[r.LightShaftQuality:1]]
[2019.06.28-20.31.44:406][  0]LogConfig: Setting CVar [[r.Filter.SizeScale:1]]
[2019.06.28-20.31.44:406][  0]LogConfig: Setting CVar [[r.Tonemapper.Quality:5]]
[2019.06.28-20.31.44:406][  0]LogConfig: Setting CVar [[r.DOF.Gather.AccumulatorQuality:1        ; higher gathering accumulator quality]]
[2019.06.28-20.31.44:406][  0]LogConfig: Setting CVar [[r.DOF.Gather.PostfilterMethod:1          ; Median3x3 postfilering method]]
[2019.06.28-20.31.44:406][  0]LogConfig: Setting CVar [[r.DOF.Gather.EnableBokehSettings:0       ; no bokeh simulation when gathering]]
[2019.06.28-20.31.44:406][  0]LogConfig: Setting CVar [[r.DOF.Gather.RingCount:4                 ; medium number of samples when gathering]]
[2019.06.28-20.31.44:406][  0]LogConfig: Setting CVar [[r.DOF.Scatter.ForegroundCompositing:1    ; additive foreground scattering]]
[2019.06.28-20.31.44:406][  0]LogConfig: Setting CVar [[r.DOF.Scatter.BackgroundCompositing:2    ; additive background scattering]]
[2019.06.28-20.31.44:406][  0]LogConfig: Setting CVar [[r.DOF.Scatter.EnableBokehSettings:1      ; bokeh simulation when scattering]]
[2019.06.28-20.31.44:406][  0]LogConfig: Setting CVar [[r.DOF.Scatter.MaxSpriteRatio:0.1         ; only a maximum of 10% of scattered bokeh]]
[2019.06.28-20.31.44:406][  0]LogConfig: Setting CVar [[r.DOF.Recombine.Quality:1                ; cheap slight out of focus]]
[2019.06.28-20.31.44:406][  0]LogConfig: Setting CVar [[r.DOF.Recombine.EnableBokehSettings:0    ; no bokeh simulation on slight out of focus]]
[2019.06.28-20.31.44:406][  0]LogConfig: Setting CVar [[r.DOF.TemporalAAQuality:1                ; more stable temporal accumulation]]
[2019.06.28-20.31.44:406][  0]LogConfig: Setting CVar [[r.DOF.Kernel.MaxForegroundRadius:0.025]]
[2019.06.28-20.31.44:406][  0]LogConfig: Setting CVar [[r.DOF.Kernel.MaxBackgroundRadius:0.025]]
[2019.06.28-20.31.44:406][  0]LogConfig: Applying CVar settings from Section [TextureQuality@3] File [C:/Users/orion/Desktop/Code/Labarynth/Project/Saved/Config/Windows/Scalability.ini]
[2019.06.28-20.31.44:406][  0]LogConfig: Setting CVar [[r.Streaming.MipBias:0]]
[2019.06.28-20.31.44:406][  0]LogConfig: Setting CVar [[r.Streaming.AmortizeCPUToGPUCopy:0]]
[2019.06.28-20.31.44:406][  0]LogConfig: Setting CVar [[r.Streaming.MaxNumTexturesToStreamPerFrame:0]]
[2019.06.28-20.31.44:406][  0]LogConfig: Setting CVar [[r.Streaming.Boost:1]]
[2019.06.28-20.31.44:406][  0]LogConfig: Setting CVar [[r.MaxAnisotropy:8]]
[2019.06.28-20.31.44:406][  0]LogConfig: Setting CVar [[r.Streaming.LimitPoolSizeToVRAM:0]]
[2019.06.28-20.31.44:406][  0]LogConfig: Setting CVar [[r.Streaming.PoolSize:1000]]
[2019.06.28-20.31.44:406][  0]LogConfig: Setting CVar [[r.Streaming.MaxEffectiveScreenSize:0]]
[2019.06.28-20.31.44:406][  0]LogConfig: Applying CVar settings from Section [EffectsQuality@3] File [C:/Users/orion/Desktop/Code/Labarynth/Project/Saved/Config/Windows/Scalability.ini]
[2019.06.28-20.31.44:406][  0]LogConfig: Setting CVar [[r.TranslucencyLightingVolumeDim:64]]
[2019.06.28-20.31.44:406][  0]LogConfig: Setting CVar [[r.RefractionQuality:2]]
[2019.06.28-20.31.44:406][  0]LogConfig: Setting CVar [[r.SSR.Quality:3]]
[2019.06.28-20.31.44:406][  0]LogConfig: Setting CVar [[r.SceneColorFormat:4]]
[2019.06.28-20.31.44:406][  0]LogConfig: Setting CVar [[r.DetailMode:2]]
[2019.06.28-20.31.44:406][  0]LogConfig: Setting CVar [[r.TranslucencyVolumeBlur:1]]
[2019.06.28-20.31.44:406][  0]LogConfig: Setting CVar [[r.MaterialQualityLevel:1 ; High quality]]
[2019.06.28-20.31.44:406][  0]LogConfig: Setting CVar [[r.SSS.Scale:1]]
[2019.06.28-20.31.44:406][  0]LogConfig: Setting CVar [[r.SSS.SampleSet:2]]
[2019.06.28-20.31.44:406][  0]LogConfig: Setting CVar [[r.SSS.Quality:1]]
[2019.06.28-20.31.44:406][  0]LogConfig: Setting CVar [[r.SSS.HalfRes:1]]
[2019.06.28-20.31.44:406][  0]LogConfig: Setting CVar [[r.EmitterSpawnRateScale:1.0]]
[2019.06.28-20.31.44:406][  0]LogConfig: Setting CVar [[r.ParticleLightQuality:2]]
[2019.06.28-20.31.44:406][  0]LogConfig: Applying CVar settings from Section [FoliageQuality@3] File [C:/Users/orion/Desktop/Code/Labarynth/Project/Saved/Config/Windows/Scalability.ini]
[2019.06.28-20.31.44:406][  0]LogConfig: Setting CVar [[foliage.DensityScale:1.0]]
[2019.06.28-20.31.44:406][  0]LogConfig: Setting CVar [[grass.DensityScale:1.0]]
[2019.06.28-20.31.44:406][  0]LogInit: Selected Device Profile: [Windows]
[2019.06.28-20.31.44:406][  0]LogInit: Applying CVar settings loaded from the selected device profile: [Windows]
[2019.06.28-20.31.44:419][  0]LogHAL: Display: Platform has ~ 16 GB [17125666816 / 17179869184 / 16], which maps to Larger [LargestMinGB=32, LargerMinGB=12, DefaultMinGB=8, SmallerMinGB=6, SmallestMinGB=0)
[2019.06.28-20.31.44:419][  0]LogConfig: Setting CVar [[r.Vulkan.UseRealUBs:0		; Required until we fix HLR fall-out]]
[2019.06.28-20.31.44:419][  0]LogInit: Going up to parent DeviceProfile []
[2019.06.28-20.31.44:419][  0]LogConfig: Applying CVar settings from Section [ViewDistanceQuality@3] File [C:/Users/orion/Desktop/Code/Labarynth/Project/Saved/Config/Windows/Scalability.ini]
[2019.06.28-20.31.44:419][  0]LogConfig: Setting CVar [[r.SkeletalMeshLODBias:0]]
[2019.06.28-20.31.44:419][  0]LogConfig: Setting CVar [[r.ViewDistanceScale:1.0]]
[2019.06.28-20.31.44:419][  0]LogConfig: Applying CVar settings from Section [AntiAliasingQuality@3] File [C:/Users/orion/Desktop/Code/Labarynth/Project/Saved/Config/Windows/Scalability.ini]
[2019.06.28-20.31.44:419][  0]LogConfig: Setting CVar [[r.PostProcessAAQuality:4]]
[2019.06.28-20.31.44:419][  0]LogConfig: Applying CVar settings from Section [ShadowQuality@3] File [C:/Users/orion/Desktop/Code/Labarynth/Project/Saved/Config/Windows/Scalability.ini]
[2019.06.28-20.31.44:419][  0]LogConfig: Setting CVar [[r.LightFunctionQuality:1]]
[2019.06.28-20.31.44:419][  0]LogConfig: Setting CVar [[r.ShadowQuality:5]]
[2019.06.28-20.31.44:419][  0]LogConfig: Setting CVar [[r.Shadow.CSM.MaxCascades:10]]
[2019.06.28-20.31.44:419][  0]LogConfig: Setting CVar [[r.Shadow.MaxResolution:2048]]
[2019.06.28-20.31.44:419][  0]LogConfig: Setting CVar [[r.Shadow.MaxCSMResolution:2048]]
[2019.06.28-20.31.44:419][  0]LogConfig: Setting CVar [[r.Shadow.RadiusThreshold:0.01]]
[2019.06.28-20.31.44:419][  0]LogConfig: Setting CVar [[r.Shadow.DistanceScale:1.0]]
[2019.06.28-20.31.44:419][  0]LogConfig: Setting CVar [[r.Shadow.CSM.TransitionScale:1.0]]
[2019.06.28-20.31.44:419][  0]LogConfig: Setting CVar [[r.Shadow.PreShadowResolutionFactor:1.0]]
[2019.06.28-20.31.44:419][  0]LogConfig: Setting CVar [[r.DistanceFieldShadowing:1]]
[2019.06.28-20.31.44:419][  0]LogConfig: Setting CVar [[r.DistanceFieldAO:1]]
[2019.06.28-20.31.44:419][  0]LogConfig: Setting CVar [[r.AOQuality:2]]
[2019.06.28-20.31.44:419][  0]LogConfig: Setting CVar [[r.VolumetricFog:1]]
[2019.06.28-20.31.44:419][  0]LogConfig: Setting CVar [[r.VolumetricFog.GridPixelSize:8]]
[2019.06.28-20.31.44:419][  0]LogConfig: Setting CVar [[r.VolumetricFog.GridSizeZ:128]]
[2019.06.28-20.31.44:419][  0]LogConfig: Setting CVar [[r.VolumetricFog.HistoryMissSupersampleCount:4]]
[2019.06.28-20.31.44:419][  0]LogConfig: Setting CVar [[r.LightMaxDrawDistanceScale:1]]
[2019.06.28-20.31.44:419][  0]LogConfig: Setting CVar [[r.CapsuleShadows:1]]
[2019.06.28-20.31.44:419][  0]LogConfig: Applying CVar settings from Section [PostProcessQuality@3] File [C:/Users/orion/Desktop/Code/Labarynth/Project/Saved/Config/Windows/Scalability.ini]
[2019.06.28-20.31.44:419][  0]LogConfig: Setting CVar [[r.MotionBlurQuality:4]]
[2019.06.28-20.31.44:419][  0]LogConfig: Setting CVar [[r.AmbientOcclusionMipLevelFactor:0.4]]
[2019.06.28-20.31.44:419][  0]LogConfig: Setting CVar [[r.AmbientOcclusionMaxQuality:100]]
[2019.06.28-20.31.44:419][  0]LogConfig: Setting CVar [[r.AmbientOcclusionLevels:-1]]
[2019.06.28-20.31.44:419][  0]LogConfig: Setting CVar [[r.AmbientOcclusionRadiusScale:1.0]]
[2019.06.28-20.31.44:419][  0]LogConfig: Setting CVar [[r.DepthOfFieldQuality:2]]
[2019.06.28-20.31.44:419][  0]LogConfig: Setting CVar [[r.RenderTargetPoolMin:400]]
[2019.06.28-20.31.44:419][  0]LogConfig: Setting CVar [[r.LensFlareQuality:2]]
[2019.06.28-20.31.44:419][  0]LogConfig: Setting CVar [[r.SceneColorFringeQuality:1]]
[2019.06.28-20.31.44:419][  0]LogConfig: Setting CVar [[r.EyeAdaptationQuality:2]]
[2019.06.28-20.31.44:419][  0]LogConfig: Setting CVar [[r.BloomQuality:5]]
[2019.06.28-20.31.44:419][  0]LogConfig: Setting CVar [[r.FastBlurThreshold:100]]
[2019.06.28-20.31.44:419][  0]LogConfig: Setting CVar [[r.Upscale.Quality:3]]
[2019.06.28-20.31.44:419][  0]LogConfig: Setting CVar [[r.Tonemapper.GrainQuantization:1]]
[2019.06.28-20.31.44:419][  0]LogConfig: Setting CVar [[r.LightShaftQuality:1]]
[2019.06.28-20.31.44:419][  0]LogConfig: Setting CVar [[r.Filter.SizeScale:1]]
[2019.06.28-20.31.44:419][  0]LogConfig: Setting CVar [[r.Tonemapper.Quality:5]]
[2019.06.28-20.31.44:419][  0]LogConfig: Setting CVar [[r.DOF.Gather.AccumulatorQuality:1        ; higher gathering accumulator quality]]
[2019.06.28-20.31.44:419][  0]LogConfig: Setting CVar [[r.DOF.Gather.PostfilterMethod:1          ; Median3x3 postfilering method]]
[2019.06.28-20.31.44:419][  0]LogConfig: Setting CVar [[r.DOF.Gather.EnableBokehSettings:0       ; no bokeh simulation when gathering]]
[2019.06.28-20.31.44:419][  0]LogConfig: Setting CVar [[r.DOF.Gather.RingCount:4                 ; medium number of samples when gathering]]
[2019.06.28-20.31.44:419][  0]LogConfig: Setting CVar [[r.DOF.Scatter.ForegroundCompositing:1    ; additive foreground scattering]]
[2019.06.28-20.31.44:419][  0]LogConfig: Setting CVar [[r.DOF.Scatter.BackgroundCompositing:2    ; additive background scattering]]
[2019.06.28-20.31.44:419][  0]LogConfig: Setting CVar [[r.DOF.Scatter.EnableBokehSettings:1      ; bokeh simulation when scattering]]
[2019.06.28-20.31.44:419][  0]LogConfig: Setting CVar [[r.DOF.Scatter.MaxSpriteRatio:0.1         ; only a maximum of 10% of scattered bokeh]]
[2019.06.28-20.31.44:419][  0]LogConfig: Setting CVar [[r.DOF.Recombine.Quality:1                ; cheap slight out of focus]]
[2019.06.28-20.31.44:419][  0]LogConfig: Setting CVar [[r.DOF.Recombine.EnableBokehSettings:0    ; no bokeh simulation on slight out of focus]]
[2019.06.28-20.31.44:419][  0]LogConfig: Setting CVar [[r.DOF.TemporalAAQuality:1                ; more stable temporal accumulation]]
[2019.06.28-20.31.44:419][  0]LogConfig: Setting CVar [[r.DOF.Kernel.MaxForegroundRadius:0.025]]
[2019.06.28-20.31.44:419][  0]LogConfig: Setting CVar [[r.DOF.Kernel.MaxBackgroundRadius:0.025]]
[2019.06.28-20.31.44:419][  0]LogConfig: Applying CVar settings from Section [TextureQuality@3] File [C:/Users/orion/Desktop/Code/Labarynth/Project/Saved/Config/Windows/Scalability.ini]
[2019.06.28-20.31.44:419][  0]LogConfig: Setting CVar [[r.Streaming.MipBias:0]]
[2019.06.28-20.31.44:419][  0]LogConfig: Setting CVar [[r.Streaming.AmortizeCPUToGPUCopy:0]]
[2019.06.28-20.31.44:419][  0]LogConfig: Setting CVar [[r.Streaming.MaxNumTexturesToStreamPerFrame:0]]
[2019.06.28-20.31.44:419][  0]LogConfig: Setting CVar [[r.Streaming.Boost:1]]
[2019.06.28-20.31.44:419][  0]LogConfig: Setting CVar [[r.MaxAnisotropy:8]]
[2019.06.28-20.31.44:419][  0]LogConfig: Setting CVar [[r.Streaming.LimitPoolSizeToVRAM:0]]
[2019.06.28-20.31.44:419][  0]LogConfig: Setting CVar [[r.Streaming.PoolSize:1000]]
[2019.06.28-20.31.44:419][  0]LogConfig: Setting CVar [[r.Streaming.MaxEffectiveScreenSize:0]]
[2019.06.28-20.31.44:419][  0]LogConfig: Applying CVar settings from Section [EffectsQuality@3] File [C:/Users/orion/Desktop/Code/Labarynth/Project/Saved/Config/Windows/Scalability.ini]
[2019.06.28-20.31.44:419][  0]LogConfig: Setting CVar [[r.TranslucencyLightingVolumeDim:64]]
[2019.06.28-20.31.44:419][  0]LogConfig: Setting CVar [[r.RefractionQuality:2]]
[2019.06.28-20.31.44:419][  0]LogConfig: Setting CVar [[r.SSR.Quality:3]]
[2019.06.28-20.31.44:419][  0]LogConfig: Setting CVar [[r.SceneColorFormat:4]]
[2019.06.28-20.31.44:420][  0]LogConfig: Setting CVar [[r.DetailMode:2]]
[2019.06.28-20.31.44:420][  0]LogConfig: Setting CVar [[r.TranslucencyVolumeBlur:1]]
[2019.06.28-20.31.44:420][  0]LogConfig: Setting CVar [[r.MaterialQualityLevel:1 ; High quality]]
[2019.06.28-20.31.44:420][  0]LogConfig: Setting CVar [[r.SSS.Scale:1]]
[2019.06.28-20.31.44:420][  0]LogConfig: Setting CVar [[r.SSS.SampleSet:2]]
[2019.06.28-20.31.44:420][  0]LogConfig: Setting CVar [[r.SSS.Quality:1]]
[2019.06.28-20.31.44:420][  0]LogConfig: Setting CVar [[r.SSS.HalfRes:1]]
[2019.06.28-20.31.44:420][  0]LogConfig: Setting CVar [[r.EmitterSpawnRateScale:1.0]]
[2019.06.28-20.31.44:420][  0]LogConfig: Setting CVar [[r.ParticleLightQuality:2]]
[2019.06.28-20.31.44:420][  0]LogConfig: Applying CVar settings from Section [FoliageQuality@3] File [C:/Users/orion/Desktop/Code/Labarynth/Project/Saved/Config/Windows/Scalability.ini]
[2019.06.28-20.31.44:420][  0]LogConfig: Setting CVar [[foliage.DensityScale:1.0]]
[2019.06.28-20.31.44:420][  0]LogConfig: Setting CVar [[grass.DensityScale:1.0]]
[2019.06.28-20.31.44:420][  0]LogConfig: Applying CVar settings from Section [Startup] File [../../../Engine/Config/ConsoleVariables.ini]
[2019.06.28-20.31.44:420][  0]LogConfig: Setting CVar [[net.UseAdaptiveNetUpdateFrequency:0]]
[2019.06.28-20.31.44:420][  0]LogConfig: Setting CVar [[p.chaos.AllowCreatePhysxBodies:1]]
[2019.06.28-20.31.44:420][  0]LogConfig: Applying CVar settings from Section [ConsoleVariables] File [C:/Users/orion/Desktop/Code/Labarynth/Project/Saved/Config/Windows/Engine.ini]
[2019.06.28-20.31.44:420][  0]LogInit: Computer: DESKTOP-1IMMQE8
[2019.06.28-20.31.44:420][  0]LogInit: User: orion
[2019.06.28-20.31.44:420][  0]LogInit: CPU Page size=4096, Cores=6
[2019.06.28-20.31.44:420][  0]LogInit: High frequency timer resolution =10.000000 MHz
[2019.06.28-20.31.44:420][  0]LogMemory: Memory total: Physical=15.9GB (16GB approx)
[2019.06.28-20.31.44:420][  0]LogMemory: Platform Memory Stats for Windows
[2019.06.28-20.31.44:420][  0]LogMemory: Process Physical Memory: 98.32 MB used, 98.32 MB peak
[2019.06.28-20.31.44:420][  0]LogMemory: Process Virtual Memory: 89.89 MB used, 89.89 MB peak
[2019.06.28-20.31.44:420][  0]LogMemory: Physical Memory: 8051.62 MB used,  8280.69 MB free, 16332.31 MB total
[2019.06.28-20.31.44:420][  0]LogMemory: Virtual Memory: 4674.63 MB used,  134213056.00 MB free, 134217728.00 MB total
[2019.06.28-20.31.44:434][  0]LogInit: Using OS detected language (en-US).
[2019.06.28-20.31.44:434][  0]LogInit: Using OS detected locale (en-US).
[2019.06.28-20.31.44:435][  0]LogTextLocalizationManager: No specific localization for 'en-US' exists, so the 'en' localization will be used.
[2019.06.28-20.31.44:577][  0]LogInit: Setting process to per monitor DPI aware
[2019.06.28-20.31.44:605][  0]LogSlate: New Slate User Created.  User Index 0, Is Virtual User: 0
[2019.06.28-20.31.44:605][  0]LogSlate: Slate User Registered.  User Index 0, Is Virtual User: 0
[2019.06.28-20.31.44:766][  0]LogHMD: Failed to initialize OpenVR with code 110
[2019.06.28-20.31.44:766][  0]LogD3D11RHI: D3D11 adapters:
[2019.06.28-20.31.44:828][  0]LogD3D11RHI:    0. 'NVIDIA GeForce GTX 1070 Ti' (Feature Level 11_0)
[2019.06.28-20.31.44:828][  0]LogD3D11RHI:       8080/0/8166 MB DedicatedVideo/DedicatedSystem/SharedSystem, Outputs:1, VendorId:0x10de
[2019.06.28-20.31.44:830][  0]LogD3D11RHI:    1. 'Microsoft Basic Render Driver' (Feature Level 11_0)
[2019.06.28-20.31.44:830][  0]LogD3D11RHI:       0/0/8166 MB DedicatedVideo/DedicatedSystem/SharedSystem, Outputs:0, VendorId:0x1414
[2019.06.28-20.31.44:830][  0]LogD3D11RHI: Chosen D3D11 Adapter: 0
[2019.06.28-20.31.44:838][  0]LogD3D11RHI: Creating new Direct3DDevice
[2019.06.28-20.31.44:838][  0]LogD3D11RHI:     GPU DeviceId: 0x1b82 (for the marketing name, search the web for "GPU Device Id")
[2019.06.28-20.31.44:838][  0]LogWindows: EnumDisplayDevices:
[2019.06.28-20.31.44:838][  0]LogWindows:    0. 'NVIDIA GeForce GTX 1070 Ti' (P:1 D:1)
[2019.06.28-20.31.44:838][  0]LogWindows:    1. 'NVIDIA GeForce GTX 1070 Ti' (P:0 D:0)
[2019.06.28-20.31.44:838][  0]LogWindows:    2. 'NVIDIA GeForce GTX 1070 Ti' (P:0 D:0)
[2019.06.28-20.31.44:838][  0]LogWindows:    3. 'NVIDIA GeForce GTX 1070 Ti' (P:0 D:0)
[2019.06.28-20.31.44:839][  0]LogWindows: DebugString: FoundDriverCount:4 
[2019.06.28-20.31.44:839][  0]LogD3D11RHI:     Adapter Name: NVIDIA GeForce GTX 1070 Ti
[2019.06.28-20.31.44:839][  0]LogD3D11RHI:   Driver Version: 399.24 (internal:24.21.13.9924, unified:399.24)
[2019.06.28-20.31.44:839][  0]LogD3D11RHI:      Driver Date: 9-5-2018
[2019.06.28-20.31.44:839][  0]LogRHI: Texture pool is 5656 MB (70% of 8080 MB)
[2019.06.28-20.31.44:881][  0]LogD3D11RHI: Async texture creation enabled
[2019.06.28-20.31.44:884][  0]LogRendererCore: FGlobalReadBuffer::InitRHI
[2019.06.28-20.31.44:884][  0]LogRendererCore: FGlobalReadBuffer::InitRHI
[2019.06.28-20.31.44:884][  0]LogRendererCore: FGlobalReadBuffer::InitRHI
[2019.06.28-20.31.44:898][  0]LogD3D11RHI: GPU Timing Frequency: 1000.000000 (Debug: 2 2)
[2019.06.28-20.31.45:179][  0]LogTemp: Display: Module 'AllDesktopTargetPlatform' loaded TargetPlatform 'AllDesktop'
[2019.06.28-20.31.45:195][  0]LogTemp: Display: Module 'MacClientTargetPlatform' loaded TargetPlatform 'MacClient'
[2019.06.28-20.31.45:210][  0]LogTemp: Display: Module 'MacNoEditorTargetPlatform' loaded TargetPlatform 'MacNoEditor'
[2019.06.28-20.31.45:226][  0]LogTemp: Display: Module 'MacServerTargetPlatform' loaded TargetPlatform 'MacServer'
[2019.06.28-20.31.45:242][  0]LogTemp: Display: Module 'MacTargetPlatform' loaded TargetPlatform 'Mac'
[2019.06.28-20.31.45:257][  0]LogTemp: Display: Module 'WindowsClientTargetPlatform' loaded TargetPlatform 'WindowsClient'
[2019.06.28-20.31.45:271][  0]LogTemp: Display: Module 'WindowsNoEditorTargetPlatform' loaded TargetPlatform 'WindowsNoEditor'
[2019.06.28-20.31.45:286][  0]LogTemp: Display: Module 'WindowsServerTargetPlatform' loaded TargetPlatform 'WindowsServer'
[2019.06.28-20.31.45:293][  0]LogTemp: Display: Module 'WindowsTargetPlatform' loaded TargetPlatform 'Windows'
[2019.06.28-20.31.45:385][  0]LogTemp: Display: Module 'AndroidTargetPlatform' loaded TargetPlatform 'Android'
[2019.06.28-20.31.45:385][  0]LogTemp: Display: Module 'AndroidTargetPlatform' loaded TargetPlatform 'Android_ASTC'
[2019.06.28-20.31.45:385][  0]LogTemp: Display: Module 'AndroidTargetPlatform' loaded TargetPlatform 'Android_ATC'
[2019.06.28-20.31.45:385][  0]LogTemp: Display: Module 'AndroidTargetPlatform' loaded TargetPlatform 'Android_DXT'
[2019.06.28-20.31.45:385][  0]LogTemp: Display: Module 'AndroidTargetPlatform' loaded TargetPlatform 'Android_ETC1'
[2019.06.28-20.31.45:385][  0]LogTemp: Display: Module 'AndroidTargetPlatform' loaded TargetPlatform 'Android_ETC1a'
[2019.06.28-20.31.45:385][  0]LogTemp: Display: Module 'AndroidTargetPlatform' loaded TargetPlatform 'Android_ETC2'
[2019.06.28-20.31.45:385][  0]LogTemp: Display: Module 'AndroidTargetPlatform' loaded TargetPlatform 'Android_PVRTC'
[2019.06.28-20.31.45:385][  0]LogTemp: Display: Module 'AndroidTargetPlatform' loaded TargetPlatform 'AndroidClient'
[2019.06.28-20.31.45:385][  0]LogTemp: Display: Module 'AndroidTargetPlatform' loaded TargetPlatform 'Android_ASTCClient'
[2019.06.28-20.31.45:385][  0]LogTemp: Display: Module 'AndroidTargetPlatform' loaded TargetPlatform 'Android_ATCClient'
[2019.06.28-20.31.45:385][  0]LogTemp: Display: Module 'AndroidTargetPlatform' loaded TargetPlatform 'Android_DXTClient'
[2019.06.28-20.31.45:385][  0]LogTemp: Display: Module 'AndroidTargetPlatform' loaded TargetPlatform 'Android_ETC1Client'
[2019.06.28-20.31.45:385][  0]LogTemp: Display: Module 'AndroidTargetPlatform' loaded TargetPlatform 'Android_ETC1aClient'
[2019.06.28-20.31.45:385][  0]LogTemp: Display: Module 'AndroidTargetPlatform' loaded TargetPlatform 'Android_ETC2Client'
[2019.06.28-20.31.45:385][  0]LogTemp: Display: Module 'AndroidTargetPlatform' loaded TargetPlatform 'Android_PVRTCClient'
[2019.06.28-20.31.45:385][  0]LogTemp: Display: Module 'AndroidTargetPlatform' loaded TargetPlatform 'Android_Multi'
[2019.06.28-20.31.45:385][  0]LogTemp: Display: Module 'AndroidTargetPlatform' loaded TargetPlatform 'Android_MultiClient'
[2019.06.28-20.31.45:386][  0]LogTemp: Display: Module 'HTML5TargetPlatform' loaded TargetPlatform 'HTML5'
[2019.06.28-20.31.45:436][  0]LogTemp: Display: Module 'IOSTargetPlatform' loaded TargetPlatform 'IOSClient'
[2019.06.28-20.31.45:436][  0]LogTemp: Display: Module 'IOSTargetPlatform' loaded TargetPlatform 'IOS'
[2019.06.28-20.31.45:461][  0]LogTemp: Display: Module 'TVOSTargetPlatform' loaded TargetPlatform 'TVOSClient'
[2019.06.28-20.31.45:462][  0]LogTemp: Display: Module 'TVOSTargetPlatform' loaded TargetPlatform 'TVOS'
[2019.06.28-20.31.45:475][  0]LogTemp: Display: Module 'LinuxClientTargetPlatform' loaded TargetPlatform 'LinuxClient'
[2019.06.28-20.31.45:489][  0]LogTemp: Display: Module 'LinuxNoEditorTargetPlatform' loaded TargetPlatform 'LinuxNoEditor'
[2019.06.28-20.31.45:502][  0]LogTemp: Display: Module 'LinuxServerTargetPlatform' loaded TargetPlatform 'LinuxServer'
[2019.06.28-20.31.45:516][  0]LogTemp: Display: Module 'LinuxTargetPlatform' loaded TargetPlatform 'Linux'
[2019.06.28-20.31.45:566][  0]LogTemp: Display: Module 'LuminTargetPlatform' loaded TargetPlatform 'Lumin'
[2019.06.28-20.31.45:566][  0]LogTemp: Display: Module 'LuminTargetPlatform' loaded TargetPlatform 'LuminClient'
[2019.06.28-20.31.45:566][  0]LogTargetPlatformManager: Display: Building Assets For Windows
[2019.06.28-20.31.45:572][  0]LogAudioDebug: Display: Lib vorbis DLL was dynamically loaded.
[2019.06.28-20.31.45:608][  0]LogShaderCompilers: Guid format shader working directory is 1 characters bigger than the processId version (C:/Users/orion/Desktop/Code/Labarynth/Project/Intermediate/Shaders/WorkingDirectory/8764/).
[2019.06.28-20.31.45:609][  0]LogShaderCompilers: Cleaned the shader compiler working directory 'C:/Users/orion/AppData/Local/Temp/UnrealShaderWorkingDir/58D8DF054CCD6AFB46CC91AE2BC71C5A/'.
[2019.06.28-20.31.45:610][  0]LogXGEController: Cannot use XGE Controller as Incredibuild is not installed on this machine.
[2019.06.28-20.31.45:610][  0]LogShaderCompilers: Cannot use XGE Shader Compiler as Incredibuild is not installed on this machine.
[2019.06.28-20.31.45:610][  0]LogShaderCompilers: Display: Using Local Shader Compiler.
[2019.06.28-20.31.46:156][  0]LogDerivedDataCache: Display: Max Cache Size: 512 MB
[2019.06.28-20.31.46:196][  0]LogDerivedDataCache: Loaded boot cache 0.04s 71MB C:/Users/orion/AppData/Local/UnrealEngine/4.22/DerivedDataCache/Boot.ddc.
[2019.06.28-20.31.46:196][  0]LogDerivedDataCache: Display: Loaded Boot cache: C:/Users/orion/AppData/Local/UnrealEngine/4.22/DerivedDataCache/Boot.ddc
[2019.06.28-20.31.46:196][  0]LogDerivedDataCache: FDerivedDataBackendGraph:  Pak pak cache file C:/Users/orion/Desktop/Code/Labarynth/Project/DerivedDataCache/DDC.ddp not found, will not use a pak cache.
[2019.06.28-20.31.46:196][  0]LogDerivedDataCache: Unable to find inner node Pak for hierarchical cache Hierarchy.
[2019.06.28-20.31.46:196][  0]LogDerivedDataCache: FDerivedDataBackendGraph:  CompressedPak pak cache file C:/Users/orion/Desktop/Code/Labarynth/Project/DerivedDataCache/Compressed.ddp not found, will not use a pak cache.
[2019.06.28-20.31.46:196][  0]LogDerivedDataCache: Unable to find inner node CompressedPak for hierarchical cache Hierarchy.
[2019.06.28-20.31.46:209][  0]LogDerivedDataCache: Display: Pak cache opened for reading ../../../Engine/DerivedDataCache/Compressed.ddp.
[2019.06.28-20.31.46:209][  0]LogDerivedDataCache: FDerivedDataBackendGraph:  EnterprisePak pak cache file ../../../Enterprise/DerivedDataCache/Compressed.ddp not found, will not use a pak cache.
[2019.06.28-20.31.46:209][  0]LogDerivedDataCache: Unable to find inner node EnterprisePak for hierarchical cache Hierarchy.
[2019.06.28-20.31.46:221][  0]LogDerivedDataCache: Using Local data cache path C:/Users/orion/AppData/Local/UnrealEngine/Common/DerivedDataCache: Writable
[2019.06.28-20.31.46:221][  0]LogDerivedDataCache: Shared data cache path not found in *engine.ini, will not use an Shared cache.
[2019.06.28-20.31.46:221][  0]LogDerivedDataCache: Unable to find inner node Shared for hierarchical cache Hierarchy.
[2019.06.28-20.31.46:243][  0]LogMaterial: Verifying Global Shaders for PCD3D_SM5
[2019.06.28-20.31.46:245][  0]LogSlate: Using FreeType 2.6.0
[2019.06.28-20.31.46:245][  0]LogSlate: SlateFontServices - WITH_FREETYPE: 1, WITH_HARFBUZZ: 1
[2019.06.28-20.31.46:323][  0]LogAssetRegistry: FAssetRegistry took 0.0349 seconds to start up
[2019.06.28-20.31.46:649][  0]LogInit: Selected Device Profile: [Windows]
[2019.06.28-20.31.46:770][  0]LogMeshReduction: Using QuadricMeshReduction for automatic static mesh reduction
[2019.06.28-20.31.46:770][  0]LogMeshReduction: Using SimplygonMeshReduction for automatic skeletal mesh reduction
[2019.06.28-20.31.46:770][  0]LogMeshReduction: Using ProxyLODMeshReduction for automatic mesh merging
[2019.06.28-20.31.46:770][  0]LogMeshReduction: No distributed automatic mesh merging module available
[2019.06.28-20.31.46:770][  0]LogMeshMerging: No distributed automatic mesh merging module available
[2019.06.28-20.31.46:779][  0]LogNetVersion: Labarynth 1.0.0, NetCL: 5660361, EngineNetVer: 10, GameNetVer: 0 (Checksum: 4033422899)
[2019.06.28-20.31.47:141][  0]LogPackageLocalizationCache: Processed 10 localized package path(s) for 1 prioritized culture(s) in 0.041939 seconds
[2019.06.28-20.31.47:149][  0]LogUObjectArray: 42205 objects as part of root set at end of initial load.
[2019.06.28-20.31.47:149][  0]LogUObjectAllocator: 7325032 out of 0 bytes used by permanent object pool.
[2019.06.28-20.31.47:149][  0]LogUObjectArray: CloseDisregardForGC: 0/0 objects in disregard for GC pool
[2019.06.28-20.31.47:848][  0]LogTcpMessaging: Initializing TcpMessaging bridge
[2019.06.28-20.31.47:862][  0]LogUdpMessaging: Initializing bridge on interface 0.0.0.0:0 to multicast group 230.0.0.1:6666.
[2019.06.28-20.31.47:965][  0]SourceControl: Source control is disabled
[2019.06.28-20.31.47:965][  0]SourceControl: Source control is disabled
[2019.06.28-20.31.47:966][  0]SourceControl: Source control is disabled
[2019.06.28-20.31.47:967][  0]SourceControl: Source control is disabled
[2019.06.28-20.31.48:029][  0]LogAndroidPermission: UAndroidPermissionCallbackProxy::GetInstance
[2019.06.28-20.31.48:141][  0]LogOcInput: OculusInput pre-init called
[2019.06.28-20.31.48:746][  0]LogEngine: Initializing Engine...
[2019.06.28-20.31.48:747][  0]LogHMD: Failed to initialize OpenVR with code 110
[2019.06.28-20.31.48:748][  0]LogStats: UGameplayTagsManager::InitializeManager -  0.000 s
[2019.06.28-20.31.48:939][  0]LogInit: Initializing FReadOnlyCVARCache
[2019.06.28-20.31.48:947][  0]LogAIModule: Creating AISystem for world Untitled
[2019.06.28-20.31.48:983][  0]LogInit: XAudio2 using 'Speakers (2- High Definition Audio Device)' : 2 channels at 48 kHz using 16 bits per sample (channel mask 0x3)
[2019.06.28-20.31.49:000][  0]LogInit: FAudioDevice initialized.
[2019.06.28-20.31.49:000][  0]LogNetVersion: Set ProjectVersion to 1.0.0.0. Version Checksum will be recalculated on next use.
[2019.06.28-20.31.49:075][  0]LogDerivedDataCache: Saved boot cache 0.07s 71MB C:/Users/orion/AppData/Local/UnrealEngine/4.22/DerivedDataCache/Boot.ddc.
[2019.06.28-20.31.49:084][  0]LogInit: Texture streaming: Enabled
[2019.06.28-20.31.49:097][  0]LogEngineSessionManager: EngineSessionManager initialized
[2019.06.28-20.31.49:114][  0]LogInit: Transaction tracking system initialized
[2019.06.28-20.31.49:129][  0]BlueprintLog: New page: Editor Load
[2019.06.28-20.31.49:185][  0]LocalizationService: Localization service is disabled
[2019.06.28-20.31.49:440][  0]LogFileCache: Scanning file cache for directory 'C:/Users/orion/Desktop/Code/Labarynth/Project/Content/' took 0.02s
[2019.06.28-20.31.49:440][  0]LogCook: Display: Max memory allowance for cook 16384mb min free memory 0mb
[2019.06.28-20.31.49:441][  0]LogCook: Display: Mobile HDR setting 1
[2019.06.28-20.31.49:583][  0]SourceControl: Source control is disabled
[2019.06.28-20.31.49:583][  0]Cmd: MAP LOAD FILE="C:/Users/orion/Desktop/Code/Labarynth/Project/Content/FirstPersonBP/Maps/FirstPersonExampleMap.umap" TEMPLATE=0 SHOWPROGRESS=1 FEATURELEVEL=3
[2019.06.28-20.31.49:583][  0]LightingResults: New page: Lighting Build
[2019.06.28-20.31.49:585][  0]MapCheck: New page: Map Check
[2019.06.28-20.31.49:585][  0]LightingResults: New page: Lighting Build
[2019.06.28-20.31.49:616][  0]LogUObjectHash: Compacting FUObjectHashTables data took   1.61ms
[2019.06.28-20.31.50:027][  0]LogAIModule: Creating AISystem for world FirstPersonExampleMap
[2019.06.28-20.31.50:040][  0]LogEditorServer: Finished looking for orphan Actors (0.000 secs)
[2019.06.28-20.31.50:075][  0]LogUObjectHash: Compacting FUObjectHashTables data took   2.23ms
[2019.06.28-20.31.50:075][  0]Cmd: MAP CHECKDEP NOCLEARLOG
[2019.06.28-20.31.50:075][  0]MapCheck: Map check complete: 0 Error(s), 0 Warning(s), took 0.138ms to complete.
[2019.06.28-20.31.50:075][  0]LogFileHelpers: Loading map 'FirstPersonExampleMap' took 0.493
[2019.06.28-20.31.50:179][  0]LogSlate: Updating window title bar state: overlay mode, drag disabled, window buttons hidden, title bar hidden
[2019.06.28-20.31.50:186][  0]LogSlate: Updating window title bar state: overlay mode, drag disabled, window buttons hidden, title bar hidden
[2019.06.28-20.31.50:193][  0]LogSlate: Updating window title bar state: overlay mode, drag disabled, window buttons hidden, title bar hidden
[2019.06.28-20.31.50:201][  0]LogSlate: Updating window title bar state: overlay mode, drag disabled, window buttons hidden, title bar hidden
[2019.06.28-20.31.50:206][  0]LogCollectionManager: Loaded 0 collections in 0.000904 seconds
[2019.06.28-20.31.50:220][  0]LogFileCache: Scanning file cache for directory 'C:/Users/orion/Desktop/Code/Labarynth/Project/Saved/Collections/' took 0.01s
[2019.06.28-20.31.50:220][  0]LogFileCache: Scanning file cache for directory 'C:/Users/orion/Desktop/Code/Labarynth/Project/Content/Developers/orion/Collections/' took 0.00s
[2019.06.28-20.31.50:220][  0]LogFileCache: Scanning file cache for directory 'C:/Users/orion/Desktop/Code/Labarynth/Project/Content/Collections/' took 0.00s
[2019.06.28-20.31.50:220][  0]LogCollectionManager: Rebuilt the GUID cache for 0 collections in 0.000000 seconds
[2019.06.28-20.31.50:229][  0]LogContentBrowser: Native class hierarchy populated in 0.0094 seconds. Added 2733 classes and 661 folders.
[2019.06.28-20.31.50:234][  0]LogContentBrowser: Native class hierarchy updated for 'WidgetCarousel' in 0.0002 seconds. Added 0 classes and 0 folders.
[2019.06.28-20.31.50:235][  0]LogPakFile: Registered encryption key '00000000000000000000000000000000': 0 pak files mounted, 0 remain pending
[2019.06.28-20.31.50:236][  0]LogPakFile: Registered encryption key '00000000000000000000000000000000': 0 pak files mounted, 0 remain pending
[2019.06.28-20.31.50:236][  0]LogPakFile: Registered encryption key '00000000000000000000000000000000': 0 pak files mounted, 0 remain pending
[2019.06.28-20.31.50:236][  0]LogPakFile: Registered encryption key '00000000000000000000000000000000': 0 pak files mounted, 0 remain pending
[2019.06.28-20.31.50:237][  0]LogPakFile: Registered encryption key '00000000000000000000000000000000': 0 pak files mounted, 0 remain pending
[2019.06.28-20.31.50:237][  0]LogPakFile: Registered encryption key '00000000000000000000000000000000': 0 pak files mounted, 0 remain pending
[2019.06.28-20.31.50:237][  0]LogPakFile: Registered encryption key '00000000000000000000000000000000': 0 pak files mounted, 0 remain pending
[2019.06.28-20.31.50:238][  0]LogPakFile: Registered encryption key '00000000000000000000000000000000': 0 pak files mounted, 0 remain pending
[2019.06.28-20.31.50:238][  0]LogPakFile: Registered encryption key '00000000000000000000000000000000': 0 pak files mounted, 0 remain pending
[2019.06.28-20.31.50:238][  0]LogPakFile: Registered encryption key '00000000000000000000000000000000': 0 pak files mounted, 0 remain pending
[2019.06.28-20.31.50:239][  0]LogPakFile: Registered encryption key '00000000000000000000000000000000': 0 pak files mounted, 0 remain pending
[2019.06.28-20.31.50:239][  0]LogPakFile: Registered encryption key '00000000000000000000000000000000': 0 pak files mounted, 0 remain pending
[2019.06.28-20.31.50:240][  0]LogPakFile: Registered encryption key '00000000000000000000000000000000': 0 pak files mounted, 0 remain pending
[2019.06.28-20.31.50:240][  0]LogPakFile: Registered encryption key '00000000000000000000000000000000': 0 pak files mounted, 0 remain pending
[2019.06.28-20.31.50:241][  0]LogPakFile: Registered encryption key '00000000000000000000000000000000': 0 pak files mounted, 0 remain pending
[2019.06.28-20.31.50:241][  0]LogPakFile: Registered encryption key '00000000000000000000000000000000': 0 pak files mounted, 0 remain pending
[2019.06.28-20.31.50:241][  0]LogPakFile: Registered encryption key '00000000000000000000000000000000': 0 pak files mounted, 0 remain pending
[2019.06.28-20.31.50:242][  0]LogPakFile: Registered encryption key '00000000000000000000000000000000': 0 pak files mounted, 0 remain pending
[2019.06.28-20.31.50:242][  0]LogPakFile: Registered encryption key '00000000000000000000000000000000': 0 pak files mounted, 0 remain pending
[2019.06.28-20.31.50:242][  0]LogPakFile: Registered encryption key '00000000000000000000000000000000': 0 pak files mounted, 0 remain pending
[2019.06.28-20.31.50:243][  0]LogPakFile: Registered encryption key '00000000000000000000000000000000': 0 pak files mounted, 0 remain pending
[2019.06.28-20.31.50:243][  0]LogPakFile: Registered encryption key '00000000000000000000000000000000': 0 pak files mounted, 0 remain pending
[2019.06.28-20.31.50:243][  0]LogPakFile: Registered encryption key '00000000000000000000000000000000': 0 pak files mounted, 0 remain pending
[2019.06.28-20.31.50:244][  0]LogPakFile: Registered encryption key '00000000000000000000000000000000': 0 pak files mounted, 0 remain pending
[2019.06.28-20.31.50:244][  0]LogPakFile: Registered encryption key '00000000000000000000000000000000': 0 pak files mounted, 0 remain pending
[2019.06.28-20.31.50:245][  0]LogPakFile: Registered encryption key '00000000000000000000000000000000': 0 pak files mounted, 0 remain pending
[2019.06.28-20.31.50:268][  0]LogContentBrowser: Native class hierarchy updated for 'AddContentDialog' in 0.0003 seconds. Added 0 classes and 0 folders.
[2019.06.28-20.31.50:280][  0]LogSlate: Took 0.000139 seconds to synchronously load lazily loaded font '../../../Engine/Content/Slate/Fonts/Roboto-Regular.ttf' (155K)
[2019.06.28-20.31.50:283][  0]LogSlate: Took 0.000140 seconds to synchronously load lazily loaded font '../../../Engine/Content/Slate/Fonts/Roboto-Bold.ttf' (160K)
[2019.06.28-20.31.50:289][  0]LogSlate: Took 0.000171 seconds to synchronously load lazily loaded font '../../../Engine/Content/Editor/Slate/Fonts/FontAwesome.ttf' (139K)
[2019.06.28-20.31.50:352][  0]LogRenderer: Reallocating scene render targets to support 1092x580 Format 10 NumSamples 1 (Frame:1).
[2019.06.28-20.31.50:456][  0]LogContentBrowser: Native class hierarchy updated for 'HierarchicalLODOutliner' in 0.0003 seconds. Added 0 classes and 0 folders.
[2019.06.28-20.31.50:456][  0]LogLoad: (Engine Initialization) Total time: 7.79 seconds
[2019.06.28-20.31.50:456][  0]LogLoad: (Engine Initialization) Total Blueprint compile time: 0.00 seconds
[2019.06.28-20.31.50:492][  0]LogAssetRegistry: Asset discovery search completed in 4.1921 seconds
[2019.06.28-20.31.50:494][  0]LogCollectionManager: Rebuilt the object cache for 0 collections in 0.000000 seconds (found 0 objects)
[2019.06.28-20.31.50:494][  0]LogCollectionManager: Fixed up redirectors for 0 collections in 0.000067 seconds (updated 0 objects)
[2019.06.28-20.31.50:505][  0]LogContentStreaming: Texture pool size now 1000 MB
[2019.06.28-20.31.50:527][  0]LogSlate: Took 0.000112 seconds to synchronously load lazily loaded font '../../../Engine/Content/Slate/Fonts/Roboto-Light.ttf' (167K)
[2019.06.28-20.31.54:266][417]LogSlate: FSceneViewport::OnFocusLost() reason 0
[2019.06.28-20.31.54:299][421]LogTemp: Repeating last play command: Selected Viewport
[2019.06.28-20.31.54:312][421]LogBlueprintUserMessages: Early PlayInEditor Detection: Level '/Game/FirstPersonBP/Maps/FirstPersonExampleMap.FirstPersonExampleMap:PersistentLevel' has LevelScriptBlueprint '/Game/FirstPersonBP/Maps/FirstPersonExampleMap.FirstPersonExampleMap:PersistentLevel.FirstPersonExampleMap' with GeneratedClass '/Game/FirstPersonBP/Maps/FirstPersonExampleMap.FirstPersonExampleMap_C' with ClassGeneratedBy '/Game/FirstPersonBP/Maps/FirstPersonExampleMap.FirstPersonExampleMap:PersistentLevel.FirstPersonExampleMap'
[2019.06.28-20.31.54:312][421]LogPlayLevel: PlayLevel: No blueprints needed recompiling
[2019.06.28-20.31.54:312][421]PIE: New page: PIE session: FirstPersonExampleMap (Jun 28, 2019, 6:31:54 AM)
[2019.06.28-20.31.54:325][421]LogPlayLevel: Creating play world package: /Game/FirstPersonBP/Maps/UEDPIE_0_FirstPersonExampleMap
[2019.06.28-20.31.54:341][421]LogPlayLevel: PIE: StaticDuplicateObject took: (0.014715s)
[2019.06.28-20.31.54:341][421]LogAIModule: Creating AISystem for world FirstPersonExampleMap
[2019.06.28-20.31.54:341][421]LogPlayLevel: PIE: World Init took: (0.000491s)
[2019.06.28-20.31.54:341][421]LogPlayLevel: PIE: Created PIE world by copying editor world from /Game/FirstPersonBP/Maps/FirstPersonExampleMap.FirstPersonExampleMap to /Game/FirstPersonBP/Maps/UEDPIE_0_FirstPersonExampleMap.FirstPersonExampleMap (0.015449s)
[2019.06.28-20.31.54:370][421]LogUObjectHash: Compacting FUObjectHashTables data took   1.10ms
[2019.06.28-20.31.54:402][421]LogInit: XAudio2 using 'Speakers (2- High Definition Audio Device)' : 2 channels at 48 kHz using 16 bits per sample (channel mask 0x3)
[2019.06.28-20.31.54:413][421]LogInit: FAudioDevice initialized.
[2019.06.28-20.31.54:451][421]LogLoad: Game class is 'FirstPersonGameMode_C'
[2019.06.28-20.31.54:456][421]LogWorld: Bringing World /Game/FirstPersonBP/Maps/UEDPIE_0_FirstPersonExampleMap.FirstPersonExampleMap up for play (max tick rate 0) at 2019.06.28-13.31.54
[2019.06.28-20.31.54:458][421]LogWorld: Bringing up level for play took: 0.005775
[2019.06.28-20.31.54:472][421]LogContentBrowser: Native class hierarchy updated for 'MovieSceneCapture' in 0.0003 seconds. Added 20 classes and 0 folders.
[2019.06.28-20.31.54:484][421]PIE: Play in editor start time for /Game/FirstPersonBP/Maps/UEDPIE_0_FirstPersonExampleMap -0.589
[2019.06.28-20.31.54:485][421]LogBlueprintUserMessages: Late PlayInEditor Detection: Level '/Game/FirstPersonBP/Maps/FirstPersonExampleMap.FirstPersonExampleMap:PersistentLevel' has LevelScriptBlueprint '/Game/FirstPersonBP/Maps/FirstPersonExampleMap.FirstPersonExampleMap:PersistentLevel.FirstPersonExampleMap' with GeneratedClass '/Game/FirstPersonBP/Maps/FirstPersonExampleMap.FirstPersonExampleMap_C' with ClassGeneratedBy '/Game/FirstPersonBP/Maps/FirstPersonExampleMap.FirstPersonExampleMap:PersistentLevel.FirstPersonExampleMap'
[2019.06.28-20.32.37:124][522]LogCharacterMovement: B_Skeleton5 is stuck and failed to move! Velocity: X=41.39 Y=8.77 Z=0.00 Location: X=-252.02 Y=152.26 Z=354.81 Normal: X=-0.10 Y=-0.14 Z=0.98 PenetrationDepth:5.633 Actor:Candle3 Component:StaticMeshComponent0 BoneName:None (0 other events since notify)
[2019.06.28-20.32.44:919][457]LogCharacterMovement: FirstPersonCharacter_C_1 is stuck and failed to move! Velocity: X=-21.55 Y=-30.10 Z=0.00 Location: X=-1838.09 Y=-950.11 Z=268.37 Normal: X=-0.90 Y=0.44 Z=0.01 PenetrationDepth:8.675 Actor:EditorCube24 Component:StaticMeshComponent0 BoneName:None (0 other events since notify)
[2019.06.28-20.32.46:263][618]LogSpawn: Warning: SpawnActor failed because of collision at the spawn location [X=-1988.173 Y=-909.880 Z=287.786] for [FirstPersonProjectile_C]
[2019.06.28-20.32.46:447][640]LogSpawn: Warning: SpawnActor failed because of collision at the spawn location [X=-1986.207 Y=-915.741 Z=296.064] for [FirstPersonProjectile_C]
[2019.06.28-20.32.46:622][661]LogSpawn: Warning: SpawnActor failed because of collision at the spawn location [X=-1987.862 Y=-911.326 Z=297.411] for [FirstPersonProjectile_C]
[2019.06.28-20.32.46:764][678]LogSpawn: Warning: SpawnActor failed because of collision at the spawn location [X=-1993.163 Y=-902.169 Z=297.001] for [FirstPersonProjectile_C]
[2019.06.28-20.32.49:806][ 43]LogSpawn: Warning: SpawnActor failed because of collision at the spawn location [X=-1989.508 Y=-1376.512 Z=271.735] for [FirstPersonProjectile_C]
[2019.06.28-20.32.50:339][107]LogSpawn: Warning: SpawnActor failed because of collision at the spawn location [X=-1969.004 Y=-1321.484 Z=287.921] for [FirstPersonProjectile_C]
[2019.06.28-20.32.50:856][169]LogSpawn: Warning: SpawnActor failed because of collision at the spawn location [X=-1997.495 Y=-1335.242 Z=280.739] for [FirstPersonProjectile_C]
[2019.06.28-20.32.51:047][192]LogSpawn: Warning: SpawnActor failed because of collision at the spawn location [X=-1992.935 Y=-1335.810 Z=284.013] for [FirstPersonProjectile_C]
[2019.06.28-20.32.51:239][215]LogSpawn: Warning: SpawnActor failed because of collision at the spawn location [X=-1992.875 Y=-1335.904 Z=283.553] for [FirstPersonProjectile_C]
[2019.06.28-20.32.56:046][772]LogSpawn: Warning: SpawnActor failed because of collision at the spawn location [X=-1950.941 Y=-1320.323 Z=278.320] for [FirstPersonProjectile_C]
[2019.06.28-20.33.12:747][776]LogBlueprintUserMessages: Early EndPlayMap Detection: Level '/Game/FirstPersonBP/Maps/FirstPersonExampleMap.FirstPersonExampleMap:PersistentLevel' has LevelScriptBlueprint '/Game/FirstPersonBP/Maps/FirstPersonExampleMap.FirstPersonExampleMap:PersistentLevel.FirstPersonExampleMap' with GeneratedClass '/Game/FirstPersonBP/Maps/FirstPersonExampleMap.FirstPersonExampleMap_C' with ClassGeneratedBy '/Game/FirstPersonBP/Maps/FirstPersonExampleMap.FirstPersonExampleMap:PersistentLevel.FirstPersonExampleMap'
[2019.06.28-20.33.12:747][776]LogSlate: Updating window title bar state: overlay mode, drag disabled, window buttons hidden, title bar hidden
[2019.06.28-20.33.12:778][776]LogPlayLevel: Display: Shutting down PIE online subsystems
[2019.06.28-20.33.12:778][776]LogBlueprintUserMessages: Late EndPlayMap Detection: Level '/Game/FirstPersonBP/Maps/FirstPersonExampleMap.FirstPersonExampleMap:PersistentLevel' has LevelScriptBlueprint '/Game/FirstPersonBP/Maps/FirstPersonExampleMap.FirstPersonExampleMap:PersistentLevel.FirstPersonExampleMap' with GeneratedClass '/Game/FirstPersonBP/Maps/FirstPersonExampleMap.FirstPersonExampleMap_C' with ClassGeneratedBy '/Game/FirstPersonBP/Maps/FirstPersonExampleMap.FirstPersonExampleMap:PersistentLevel.FirstPersonExampleMap'
[2019.06.28-20.33.12:811][776]LogSlate: Updating window title bar state: overlay mode, drag disabled, window buttons hidden, title bar hidden
[2019.06.28-20.33.12:815][776]LogUObjectHash: Compacting FUObjectHashTables data took   1.55ms
[2019.06.28-20.33.12:868][778]LogPlayLevel: Display: Destroying online subsystem :Context_2
[2019.06.28-20.33.24:666][132]LogEditorViewport: Clicking on Actor (LMB): StaticMeshActor (TableExtraLong)
[2019.06.28-20.33.30:980][770]Cmd: TRANSACTION UNDO
[2019.06.28-20.33.30:980][770]LogEditorTransaction: Undo Move Actors
[2019.06.28-20.33.30:995][770]LogSlate: Took 0.003448 seconds to synchronously load lazily loaded font '../../../Engine/Content/Slate/Fonts/Roboto-Light.ttf' (167K)
[2019.06.28-20.34.00:309][807]LogSlate: FSceneViewport::OnFocusLost() reason 0
[2019.06.28-20.34.04:448][201]LogSlate: FSceneViewport::OnFocusLost() reason 0
[2019.06.28-20.34.15:454][205]Cmd: EDIT COPY
[2019.06.28-20.34.15:735][227]Cmd: EDIT PASTE
[2019.06.28-20.34.18:064][459]Cmd: TRANSACTION UNDO
[2019.06.28-20.34.18:064][459]LogEditorTransaction: Undo Move Actors
[2019.06.28-20.34.25:112][121]LogEditorViewport: Clicking on Actor (LMB): StaticMeshActor (TableExtraLong2)
[2019.06.28-20.34.26:640][262]Cmd: EDIT COPY
[2019.06.28-20.34.26:934][289]Cmd: EDIT PASTE
[2019.06.28-20.34.46:803][278]LogSlate: FSceneViewport::OnFocusLost() reason 0
[2019.06.28-20.34.51:335][776]LogSlate: FSceneViewport::OnFocusLost() reason 0
[2019.06.28-20.35.00:792][713]LogEditorViewport: Clicking on Actor (LMB): StaticMeshActor (EditorCube11)
[2019.06.28-20.35.08:847][597]LogEditorViewport: Clicking on Actor (context menu): StaticMeshActor (Floor)
[2019.06.28-20.35.08:898][597]LogSlate: FSceneViewport::OnFocusLost() reason 2
[2019.06.28-20.35.09:817][702]LogEditorViewport: Clicking on Actor (LMB): StaticMeshActor (Floor)
[2019.06.28-20.35.12:869][961]LogEditorViewport: Clicking on Actor (LMB): StaticMeshActor (Barrel2)
[2019.06.28-20.35.16:288][279]LogEditorViewport: Clicking on Actor (LMB): StaticMeshActor (Barrel3)
[2019.06.28-20.35.21:260][735]LogEditorViewport: Clicking on Actor (LMB): StaticMeshActor (Barrel2)
[2019.06.28-20.35.25:494][207]LogEditorViewport: Clicking on Actor (LMB): StaticMeshActor (Barrel3)
[2019.06.28-20.35.31:614][827]LogSlate: FSceneViewport::OnFocusLost() reason 0
[2019.06.28-20.35.31:707][836]LogTemp: Repeating last play command: Selected Viewport
[2019.06.28-20.35.31:719][836]LogBlueprintUserMessages: Early PlayInEditor Detection: Level '/Game/FirstPersonBP/Maps/FirstPersonExampleMap.FirstPersonExampleMap:PersistentLevel' has LevelScriptBlueprint '/Game/FirstPersonBP/Maps/FirstPersonExampleMap.FirstPersonExampleMap:PersistentLevel.FirstPersonExampleMap' with GeneratedClass '/Game/FirstPersonBP/Maps/FirstPersonExampleMap.FirstPersonExampleMap_C' with ClassGeneratedBy '/Game/FirstPersonBP/Maps/FirstPersonExampleMap.FirstPersonExampleMap:PersistentLevel.FirstPersonExampleMap'
[2019.06.28-20.35.31:719][836]LogPlayLevel: PlayLevel: No blueprints needed recompiling
[2019.06.28-20.35.31:719][836]PIE: New page: PIE session: FirstPersonExampleMap (Jun 28, 2019, 6:35:31 AM)
[2019.06.28-20.35.31:720][836]LogPlayLevel: Creating play world package: /Game/FirstPersonBP/Maps/UEDPIE_0_FirstPersonExampleMap
[2019.06.28-20.35.31:742][836]LogPlayLevel: PIE: StaticDuplicateObject took: (0.022838s)
[2019.06.28-20.35.31:743][836]LogAIModule: Creating AISystem for world FirstPersonExampleMap
[2019.06.28-20.35.31:743][836]LogPlayLevel: PIE: World Init took: (0.000568s)
[2019.06.28-20.35.31:743][836]LogPlayLevel: PIE: Created PIE world by copying editor world from /Game/FirstPersonBP/Maps/FirstPersonExampleMap.FirstPersonExampleMap to /Game/FirstPersonBP/Maps/UEDPIE_0_FirstPersonExampleMap.FirstPersonExampleMap (0.023540s)
[2019.06.28-20.35.31:773][836]LogUObjectHash: Compacting FUObjectHashTables data took   1.14ms
[2019.06.28-20.35.31:807][836]LogInit: XAudio2 using 'Speakers (2- High Definition Audio Device)' : 2 channels at 48 kHz using 16 bits per sample (channel mask 0x3)
[2019.06.28-20.35.31:819][836]LogInit: FAudioDevice initialized.
[2019.06.28-20.35.31:847][836]LogLoad: Game class is 'FirstPersonGameMode_C'
[2019.06.28-20.35.31:852][836]LogWorld: Bringing World /Game/FirstPersonBP/Maps/UEDPIE_0_FirstPersonExampleMap.FirstPersonExampleMap up for play (max tick rate 0) at 2019.06.28-13.35.31
[2019.06.28-20.35.31:853][836]LogWorld: Bringing up level for play took: 0.005525
[2019.06.28-20.35.31:866][836]PIE: Play in editor start time for /Game/FirstPersonBP/Maps/UEDPIE_0_FirstPersonExampleMap 0.793
[2019.06.28-20.35.31:867][836]LogBlueprintUserMessages: Late PlayInEditor Detection: Level '/Game/FirstPersonBP/Maps/FirstPersonExampleMap.FirstPersonExampleMap:PersistentLevel' has LevelScriptBlueprint '/Game/FirstPersonBP/Maps/FirstPersonExampleMap.FirstPersonExampleMap:PersistentLevel.FirstPersonExampleMap' with GeneratedClass '/Game/FirstPersonBP/Maps/FirstPersonExampleMap.FirstPersonExampleMap_C' with ClassGeneratedBy '/Game/FirstPersonBP/Maps/FirstPersonExampleMap.FirstPersonExampleMap:PersistentLevel.FirstPersonExampleMap'
[2019.06.28-20.35.33:990][ 84]LogBlueprintUserMessages: Early EndPlayMap Detection: Level '/Game/FirstPersonBP/Maps/FirstPersonExampleMap.FirstPersonExampleMap:PersistentLevel' has LevelScriptBlueprint '/Game/FirstPersonBP/Maps/FirstPersonExampleMap.FirstPersonExampleMap:PersistentLevel.FirstPersonExampleMap' with GeneratedClass '/Game/FirstPersonBP/Maps/FirstPersonExampleMap.FirstPersonExampleMap_C' with ClassGeneratedBy '/Game/FirstPersonBP/Maps/FirstPersonExampleMap.FirstPersonExampleMap:PersistentLevel.FirstPersonExampleMap'
[2019.06.28-20.35.33:990][ 84]LogSlate: Updating window title bar state: overlay mode, drag disabled, window buttons hidden, title bar hidden
[2019.06.28-20.35.34:023][ 84]LogPlayLevel: Display: Shutting down PIE online subsystems
[2019.06.28-20.35.34:023][ 84]LogBlueprintUserMessages: Late EndPlayMap Detection: Level '/Game/FirstPersonBP/Maps/FirstPersonExampleMap.FirstPersonExampleMap:PersistentLevel' has LevelScriptBlueprint '/Game/FirstPersonBP/Maps/FirstPersonExampleMap.FirstPersonExampleMap:PersistentLevel.FirstPersonExampleMap' with GeneratedClass '/Game/FirstPersonBP/Maps/FirstPersonExampleMap.FirstPersonExampleMap_C' with ClassGeneratedBy '/Game/FirstPersonBP/Maps/FirstPersonExampleMap.FirstPersonExampleMap:PersistentLevel.FirstPersonExampleMap'
[2019.06.28-20.35.34:056][ 84]LogSlate: Updating window title bar state: overlay mode, drag disabled, window buttons hidden, title bar hidden
[2019.06.28-20.35.34:059][ 84]LogUObjectHash: Compacting FUObjectHashTables data took   1.13ms
[2019.06.28-20.35.34:101][ 86]LogPlayLevel: Display: Destroying online subsystem :Context_5
[2019.06.28-20.35.35:027][197]LogEditorViewport: Clicking on Actor (LMB): StaticMeshActor (Barrel3)
[2019.06.28-20.35.35:863][291]Cmd: EDIT COPY
[2019.06.28-20.35.36:388][353]Cmd: EDIT PASTE
[2019.06.28-20.35.44:907][290]LogSlate: FSceneViewport::OnFocusLost() reason 0
[2019.06.28-20.35.44:982][299]LogTemp: Repeating last play command: Selected Viewport
[2019.06.28-20.35.44:994][299]LogBlueprintUserMessages: Early PlayInEditor Detection: Level '/Game/FirstPersonBP/Maps/FirstPersonExampleMap.FirstPersonExampleMap:PersistentLevel' has LevelScriptBlueprint '/Game/FirstPersonBP/Maps/FirstPersonExampleMap.FirstPersonExampleMap:PersistentLevel.FirstPersonExampleMap' with GeneratedClass '/Game/FirstPersonBP/Maps/FirstPersonExampleMap.FirstPersonExampleMap_C' with ClassGeneratedBy '/Game/FirstPersonBP/Maps/FirstPersonExampleMap.FirstPersonExampleMap:PersistentLevel.FirstPersonExampleMap'
[2019.06.28-20.35.44:994][299]LogPlayLevel: PlayLevel: No blueprints needed recompiling
[2019.06.28-20.35.44:994][299]PIE: New page: PIE session: FirstPersonExampleMap (Jun 28, 2019, 6:35:44 AM)
[2019.06.28-20.35.44:994][299]LogPlayLevel: Creating play world package: /Game/FirstPersonBP/Maps/UEDPIE_0_FirstPersonExampleMap
[2019.06.28-20.35.45:007][299]LogPlayLevel: PIE: StaticDuplicateObject took: (0.011996s)
[2019.06.28-20.35.45:007][299]LogAIModule: Creating AISystem for world FirstPersonExampleMap
[2019.06.28-20.35.45:007][299]LogPlayLevel: PIE: World Init took: (0.000624s)
[2019.06.28-20.35.45:007][299]LogPlayLevel: PIE: Created PIE world by copying editor world from /Game/FirstPersonBP/Maps/FirstPersonExampleMap.FirstPersonExampleMap to /Game/FirstPersonBP/Maps/UEDPIE_0_FirstPersonExampleMap.FirstPersonExampleMap (0.012787s)
[2019.06.28-20.35.45:037][299]LogUObjectHash: Compacting FUObjectHashTables data took   1.12ms
[2019.06.28-20.35.45:068][299]LogInit: XAudio2 using 'Speakers (2- High Definition Audio Device)' : 2 channels at 48 kHz using 16 bits per sample (channel mask 0x3)
[2019.06.28-20.35.45:079][299]LogInit: FAudioDevice initialized.
[2019.06.28-20.35.45:111][299]LogLoad: Game class is 'FirstPersonGameMode_C'
[2019.06.28-20.35.45:116][299]LogWorld: Bringing World /Game/FirstPersonBP/Maps/UEDPIE_0_FirstPersonExampleMap.FirstPersonExampleMap up for play (max tick rate 0) at 2019.06.28-13.35.45
[2019.06.28-20.35.45:117][299]LogWorld: Bringing up level for play took: 0.005593
[2019.06.28-20.35.45:130][299]PIE: Play in editor start time for /Game/FirstPersonBP/Maps/UEDPIE_0_FirstPersonExampleMap 0.057
[2019.06.28-20.35.45:131][299]LogBlueprintUserMessages: Late PlayInEditor Detection: Level '/Game/FirstPersonBP/Maps/FirstPersonExampleMap.FirstPersonExampleMap:PersistentLevel' has LevelScriptBlueprint '/Game/FirstPersonBP/Maps/FirstPersonExampleMap.FirstPersonExampleMap:PersistentLevel.FirstPersonExampleMap' with GeneratedClass '/Game/FirstPersonBP/Maps/FirstPersonExampleMap.FirstPersonExampleMap_C' with ClassGeneratedBy '/Game/FirstPersonBP/Maps/FirstPersonExampleMap.FirstPersonExampleMap:PersistentLevel.FirstPersonExampleMap'
[2019.06.28-20.35.49:808][856]LogBlueprintUserMessages: Early EndPlayMap Detection: Level '/Game/FirstPersonBP/Maps/FirstPersonExampleMap.FirstPersonExampleMap:PersistentLevel' has LevelScriptBlueprint '/Game/FirstPersonBP/Maps/FirstPersonExampleMap.FirstPersonExampleMap:PersistentLevel.FirstPersonExampleMap' with GeneratedClass '/Game/FirstPersonBP/Maps/FirstPersonExampleMap.FirstPersonExampleMap_C' with ClassGeneratedBy '/Game/FirstPersonBP/Maps/FirstPersonExampleMap.FirstPersonExampleMap:PersistentLevel.FirstPersonExampleMap'
[2019.06.28-20.35.49:808][856]LogSlate: Updating window title bar state: overlay mode, drag disabled, window buttons hidden, title bar hidden
[2019.06.28-20.35.49:837][856]LogPlayLevel: Display: Shutting down PIE online subsystems
[2019.06.28-20.35.49:837][856]LogBlueprintUserMessages: Late EndPlayMap Detection: Level '/Game/FirstPersonBP/Maps/FirstPersonExampleMap.FirstPersonExampleMap:PersistentLevel' has LevelScriptBlueprint '/Game/FirstPersonBP/Maps/FirstPersonExampleMap.FirstPersonExampleMap:PersistentLevel.FirstPersonExampleMap' with GeneratedClass '/Game/FirstPersonBP/Maps/FirstPersonExampleMap.FirstPersonExampleMap_C' with ClassGeneratedBy '/Game/FirstPersonBP/Maps/FirstPersonExampleMap.FirstPersonExampleMap:PersistentLevel.FirstPersonExampleMap'
[2019.06.28-20.35.49:872][856]LogSlate: Updating window title bar state: overlay mode, drag disabled, window buttons hidden, title bar hidden
[2019.06.28-20.35.49:875][856]LogUObjectHash: Compacting FUObjectHashTables data took   1.12ms
[2019.06.28-20.35.49:917][858]LogPlayLevel: Display: Destroying online subsystem :Context_6
[2019.06.28-20.35.51:602][ 59]LogSlate: FSceneViewport::OnFocusLost() reason 0
[2019.06.28-20.35.51:668][ 67]LogTemp: Repeating last play command: Selected Viewport
[2019.06.28-20.35.51:681][ 67]LogBlueprintUserMessages: Early PlayInEditor Detection: Level '/Game/FirstPersonBP/Maps/FirstPersonExampleMap.FirstPersonExampleMap:PersistentLevel' has LevelScriptBlueprint '/Game/FirstPersonBP/Maps/FirstPersonExampleMap.FirstPersonExampleMap:PersistentLevel.FirstPersonExampleMap' with GeneratedClass '/Game/FirstPersonBP/Maps/FirstPersonExampleMap.FirstPersonExampleMap_C' with ClassGeneratedBy '/Game/FirstPersonBP/Maps/FirstPersonExampleMap.FirstPersonExampleMap:PersistentLevel.FirstPersonExampleMap'
[2019.06.28-20.35.51:681][ 67]LogPlayLevel: PlayLevel: No blueprints needed recompiling
[2019.06.28-20.35.51:681][ 67]PIE: New page: PIE session: FirstPersonExampleMap (Jun 28, 2019, 6:35:51 AM)
[2019.06.28-20.35.51:681][ 67]LogPlayLevel: Creating play world package: /Game/FirstPersonBP/Maps/UEDPIE_0_FirstPersonExampleMap
[2019.06.28-20.35.51:694][ 67]LogPlayLevel: PIE: StaticDuplicateObject took: (0.012677s)
[2019.06.28-20.35.51:694][ 67]LogAIModule: Creating AISystem for world FirstPersonExampleMap
[2019.06.28-20.35.51:694][ 67]LogPlayLevel: PIE: World Init took: (0.000493s)
[2019.06.28-20.35.51:694][ 67]LogPlayLevel: PIE: Created PIE world by copying editor world from /Game/FirstPersonBP/Maps/FirstPersonExampleMap.FirstPersonExampleMap to /Game/FirstPersonBP/Maps/UEDPIE_0_FirstPersonExampleMap.FirstPersonExampleMap (0.013301s)
[2019.06.28-20.35.51:723][ 67]LogUObjectHash: Compacting FUObjectHashTables data took   1.13ms
[2019.06.28-20.35.51:755][ 67]LogInit: XAudio2 using 'Speakers (2- High Definition Audio Device)' : 2 channels at 48 kHz using 16 bits per sample (channel mask 0x3)
[2019.06.28-20.35.51:765][ 67]LogInit: FAudioDevice initialized.
[2019.06.28-20.35.51:792][ 67]LogLoad: Game class is 'FirstPersonGameMode_C'
[2019.06.28-20.35.51:797][ 67]LogWorld: Bringing World /Game/FirstPersonBP/Maps/UEDPIE_0_FirstPersonExampleMap.FirstPersonExampleMap up for play (max tick rate 0) at 2019.06.28-13.35.51
[2019.06.28-20.35.51:798][ 67]LogWorld: Bringing up level for play took: 0.005771
[2019.06.28-20.35.51:811][ 67]PIE: Play in editor start time for /Game/FirstPersonBP/Maps/UEDPIE_0_FirstPersonExampleMap 0.738
[2019.06.28-20.35.51:812][ 67]LogBlueprintUserMessages: Late PlayInEditor Detection: Level '/Game/FirstPersonBP/Maps/FirstPersonExampleMap.FirstPersonExampleMap:PersistentLevel' has LevelScriptBlueprint '/Game/FirstPersonBP/Maps/FirstPersonExampleMap.FirstPersonExampleMap:PersistentLevel.FirstPersonExampleMap' with GeneratedClass '/Game/FirstPersonBP/Maps/FirstPersonExampleMap.FirstPersonExampleMap_C' with ClassGeneratedBy '/Game/FirstPersonBP/Maps/FirstPersonExampleMap.FirstPersonExampleMap:PersistentLevel.FirstPersonExampleMap'
[2019.06.28-20.35.53:067][213]LogBlueprintUserMessages: Early EndPlayMap Detection: Level '/Game/FirstPersonBP/Maps/FirstPersonExampleMap.FirstPersonExampleMap:PersistentLevel' has LevelScriptBlueprint '/Game/FirstPersonBP/Maps/FirstPersonExampleMap.FirstPersonExampleMap:PersistentLevel.FirstPersonExampleMap' with GeneratedClass '/Game/FirstPersonBP/Maps/FirstPersonExampleMap.FirstPersonExampleMap_C' with ClassGeneratedBy '/Game/FirstPersonBP/Maps/FirstPersonExampleMap.FirstPersonExampleMap:PersistentLevel.FirstPersonExampleMap'
[2019.06.28-20.35.53:067][213]LogSlate: Updating window title bar state: overlay mode, drag disabled, window buttons hidden, title bar hidden
[2019.06.28-20.35.53:098][213]LogPlayLevel: Display: Shutting down PIE online subsystems
[2019.06.28-20.35.53:098][213]LogBlueprintUserMessages: Late EndPlayMap Detection: Level '/Game/FirstPersonBP/Maps/FirstPersonExampleMap.FirstPersonExampleMap:PersistentLevel' has LevelScriptBlueprint '/Game/FirstPersonBP/Maps/FirstPersonExampleMap.FirstPersonExampleMap:PersistentLevel.FirstPersonExampleMap' with GeneratedClass '/Game/FirstPersonBP/Maps/FirstPersonExampleMap.FirstPersonExampleMap_C' with ClassGeneratedBy '/Game/FirstPersonBP/Maps/FirstPersonExampleMap.FirstPersonExampleMap:PersistentLevel.FirstPersonExampleMap'
[2019.06.28-20.35.53:131][213]LogSlate: Updating window title bar state: overlay mode, drag disabled, window buttons hidden, title bar hidden
[2019.06.28-20.35.53:135][213]LogUObjectHash: Compacting FUObjectHashTables data took   1.16ms
[2019.06.28-20.35.53:178][215]LogPlayLevel: Display: Destroying online subsystem :Context_7
[2019.06.28-20.35.56:892][639]LogEditorViewport: Clicking on Actor (LMB): StaticMeshActor (TableExtraLong2)
[2019.06.28-20.35.59:653][920]LogEditorViewport: Clicking on Actor (LMB): StaticMeshActor (CandleCup15)
[2019.06.28-20.36.01:425][116]Cmd: TRANSACTION UNDO
[2019.06.28-20.36.01:425][116]LogEditorTransaction: Undo Move Actors
[2019.06.28-20.36.02:035][185]Cmd: TRANSACTION UNDO
[2019.06.28-20.36.02:035][185]LogEditorTransaction: Undo Clicking on Actors
[2019.06.28-20.36.05:424][511]LogSlate: FSceneViewport::OnFocusLost() reason 0
[2019.06.28-20.36.07:713][778]Cmd: DELETE
[2019.06.28-20.36.07:713][778]Cmd: ACTOR DELETE
[2019.06.28-20.36.07:715][778]LogEditorActor: Deleted Actor: StaticMeshActor
[2019.06.28-20.36.07:744][778]LogUObjectHash: Compacting FUObjectHashTables data took   0.63ms
[2019.06.28-20.36.07:744][778]LogEditorActor: Deleted 1 Actors (0.031 secs)
[2019.06.28-20.36.12:529][343]Cmd: DELETE
[2019.06.28-20.36.12:529][343]Cmd: ACTOR DELETE
[2019.06.28-20.36.12:532][343]LogEditorActor: Deleted Actor: StaticMeshActor
[2019.06.28-20.36.12:533][343]LogEditorActor: Deleted Actor: StaticMeshActor
[2019.06.28-20.36.12:533][343]LogEditorActor: Deleted Actor: StaticMeshActor
[2019.06.28-20.36.12:533][343]LogEditorActor: Deleted Actor: StaticMeshActor
[2019.06.28-20.36.12:533][343]LogEditorActor: Deleted Actor: StaticMeshActor
[2019.06.28-20.36.12:534][343]LogEditorActor: Deleted Actor: StaticMeshActor
[2019.06.28-20.36.12:534][343]LogEditorActor: Deleted Actor: StaticMeshActor
[2019.06.28-20.36.12:562][343]LogUObjectHash: Compacting FUObjectHashTables data took   0.64ms
[2019.06.28-20.36.12:562][343]LogEditorActor: Deleted 7 Actors (0.033 secs)
[2019.06.28-20.36.16:834][851]Cmd: DELETE
[2019.06.28-20.36.16:834][851]Cmd: ACTOR DELETE
[2019.06.28-20.36.16:837][851]LogEditorActor: Deleted Actor: StaticMeshActor
[2019.06.28-20.36.16:866][851]LogUObjectHash: Compacting FUObjectHashTables data took   0.63ms
[2019.06.28-20.36.16:867][851]LogEditorActor: Deleted 1 Actors (0.032 secs)
[2019.06.28-20.36.18:511][ 48]LogTemp: Repeating last play command: Selected Viewport
[2019.06.28-20.36.18:525][ 48]LogBlueprintUserMessages: Early PlayInEditor Detection: Level '/Game/FirstPersonBP/Maps/FirstPersonExampleMap.FirstPersonExampleMap:PersistentLevel' has LevelScriptBlueprint '/Game/FirstPersonBP/Maps/FirstPersonExampleMap.FirstPersonExampleMap:PersistentLevel.FirstPersonExampleMap' with GeneratedClass '/Game/FirstPersonBP/Maps/FirstPersonExampleMap.FirstPersonExampleMap_C' with ClassGeneratedBy '/Game/FirstPersonBP/Maps/FirstPersonExampleMap.FirstPersonExampleMap:PersistentLevel.FirstPersonExampleMap'
[2019.06.28-20.36.18:525][ 48]LogPlayLevel: PlayLevel: No blueprints needed recompiling
[2019.06.28-20.36.18:525][ 48]PIE: New page: PIE session: FirstPersonExampleMap (Jun 28, 2019, 6:36:18 AM)
[2019.06.28-20.36.18:525][ 48]LogPlayLevel: Creating play world package: /Game/FirstPersonBP/Maps/UEDPIE_0_FirstPersonExampleMap
[2019.06.28-20.36.18:536][ 48]LogPlayLevel: PIE: StaticDuplicateObject took: (0.011347s)
[2019.06.28-20.36.18:537][ 48]LogAIModule: Creating AISystem for world FirstPersonExampleMap
[2019.06.28-20.36.18:537][ 48]LogPlayLevel: PIE: World Init took: (0.000558s)
[2019.06.28-20.36.18:537][ 48]LogPlayLevel: PIE: Created PIE world by copying editor world from /Game/FirstPersonBP/Maps/FirstPersonExampleMap.FirstPersonExampleMap to /Game/FirstPersonBP/Maps/UEDPIE_0_FirstPersonExampleMap.FirstPersonExampleMap (0.012030s)
[2019.06.28-20.36.18:567][ 48]LogUObjectHash: Compacting FUObjectHashTables data took   1.10ms
[2019.06.28-20.36.18:599][ 48]LogInit: XAudio2 using 'Speakers (2- High Definition Audio Device)' : 2 channels at 48 kHz using 16 bits per sample (channel mask 0x3)
[2019.06.28-20.36.18:610][ 48]LogInit: FAudioDevice initialized.
[2019.06.28-20.36.18:639][ 48]LogLoad: Game class is 'FirstPersonGameMode_C'
[2019.06.28-20.36.18:643][ 48]LogWorld: Bringing World /Game/FirstPersonBP/Maps/UEDPIE_0_FirstPersonExampleMap.FirstPersonExampleMap up for play (max tick rate 0) at 2019.06.28-13.36.18
[2019.06.28-20.36.18:645][ 48]LogWorld: Bringing up level for play took: 0.005266
[2019.06.28-20.36.18:657][ 48]PIE: Play in editor start time for /Game/FirstPersonBP/Maps/UEDPIE_0_FirstPersonExampleMap -0.416
[2019.06.28-20.36.18:658][ 48]LogBlueprintUserMessages: Late PlayInEditor Detection: Level '/Game/FirstPersonBP/Maps/FirstPersonExampleMap.FirstPersonExampleMap:PersistentLevel' has LevelScriptBlueprint '/Game/FirstPersonBP/Maps/FirstPersonExampleMap.FirstPersonExampleMap:PersistentLevel.FirstPersonExampleMap' with GeneratedClass '/Game/FirstPersonBP/Maps/FirstPersonExampleMap.FirstPersonExampleMap_C' with ClassGeneratedBy '/Game/FirstPersonBP/Maps/FirstPersonExampleMap.FirstPersonExampleMap:PersistentLevel.FirstPersonExampleMap'
[2019.06.28-20.36.22:419][486]LogBlueprintUserMessages: Early EndPlayMap Detection: Level '/Game/FirstPersonBP/Maps/FirstPersonExampleMap.FirstPersonExampleMap:PersistentLevel' has LevelScriptBlueprint '/Game/FirstPersonBP/Maps/FirstPersonExampleMap.FirstPersonExampleMap:PersistentLevel.FirstPersonExampleMap' with GeneratedClass '/Game/FirstPersonBP/Maps/FirstPersonExampleMap.FirstPersonExampleMap_C' with ClassGeneratedBy '/Game/FirstPersonBP/Maps/FirstPersonExampleMap.FirstPersonExampleMap:PersistentLevel.FirstPersonExampleMap'
[2019.06.28-20.36.22:419][486]LogSlate: Updating window title bar state: overlay mode, drag disabled, window buttons hidden, title bar hidden
[2019.06.28-20.36.22:448][486]LogPlayLevel: Display: Shutting down PIE online subsystems
[2019.06.28-20.36.22:448][486]LogBlueprintUserMessages: Late EndPlayMap Detection: Level '/Game/FirstPersonBP/Maps/FirstPersonExampleMap.FirstPersonExampleMap:PersistentLevel' has LevelScriptBlueprint '/Game/FirstPersonBP/Maps/FirstPersonExampleMap.FirstPersonExampleMap:PersistentLevel.FirstPersonExampleMap' with GeneratedClass '/Game/FirstPersonBP/Maps/FirstPersonExampleMap.FirstPersonExampleMap_C' with ClassGeneratedBy '/Game/FirstPersonBP/Maps/FirstPersonExampleMap.FirstPersonExampleMap:PersistentLevel.FirstPersonExampleMap'
[2019.06.28-20.36.22:485][486]LogSlate: Updating window title bar state: overlay mode, drag disabled, window buttons hidden, title bar hidden
[2019.06.28-20.36.22:488][486]LogUObjectHash: Compacting FUObjectHashTables data took   1.11ms
[2019.06.28-20.36.22:530][488]LogPlayLevel: Display: Destroying online subsystem :Context_8
[2019.06.28-20.36.25:668][846]LogEditorViewport: Clicking on Actor (context menu): StaticMeshActor (Floor)
[2019.06.28-20.36.25:711][846]LogSlate: FSceneViewport::OnFocusLost() reason 2
[2019.06.28-20.36.26:287][889]LogEditorViewport: Clicking on Actor (LMB): StaticMeshActor (Barrel3)
[2019.06.28-20.36.30:256][284]Cmd: EDIT COPY
[2019.06.28-20.36.30:586][314]Cmd: EDIT PASTE
[2019.06.28-20.36.40:116][232]LogSlate: FSceneViewport::OnFocusLost() reason 0
[2019.06.28-20.36.45:035][785]LogSlate: FSceneViewport::OnFocusLost() reason 0
[2019.06.28-20.36.50:394][302]LogSlate: FSceneViewport::OnFocusLost() reason 0
[2019.06.28-20.36.53:285][624]LogSlate: FSceneViewport::OnFocusLost() reason 0
[2019.06.28-20.37.12:841][548]Cmd: EDIT COPY
[2019.06.28-20.37.13:105][579]Cmd: EDIT PASTE
[2019.06.28-20.37.16:715][988]LogSlate: FSceneViewport::OnFocusLost() reason 0
[2019.06.28-20.37.21:556][471]LogSlate: FSceneViewport::OnFocusLost() reason 0
[2019.06.28-20.37.21:625][479]LogTemp: Repeating last play command: Selected Viewport
[2019.06.28-20.37.21:638][479]LogBlueprintUserMessages: Early PlayInEditor Detection: Level '/Game/FirstPersonBP/Maps/FirstPersonExampleMap.FirstPersonExampleMap:PersistentLevel' has LevelScriptBlueprint '/Game/FirstPersonBP/Maps/FirstPersonExampleMap.FirstPersonExampleMap:PersistentLevel.FirstPersonExampleMap' with GeneratedClass '/Game/FirstPersonBP/Maps/FirstPersonExampleMap.FirstPersonExampleMap_C' with ClassGeneratedBy '/Game/FirstPersonBP/Maps/FirstPersonExampleMap.FirstPersonExampleMap:PersistentLevel.FirstPersonExampleMap'
[2019.06.28-20.37.21:638][479]LogPlayLevel: PlayLevel: No blueprints needed recompiling
[2019.06.28-20.37.21:638][479]PIE: New page: PIE session: FirstPersonExampleMap (Jun 28, 2019, 6:37:21 AM)
[2019.06.28-20.37.21:638][479]LogPlayLevel: Creating play world package: /Game/FirstPersonBP/Maps/UEDPIE_0_FirstPersonExampleMap
[2019.06.28-20.37.21:650][479]LogPlayLevel: PIE: StaticDuplicateObject took: (0.012362s)
[2019.06.28-20.37.21:651][479]LogAIModule: Creating AISystem for world FirstPersonExampleMap
[2019.06.28-20.37.21:651][479]LogPlayLevel: PIE: World Init took: (0.000555s)
[2019.06.28-20.37.21:651][479]LogPlayLevel: PIE: Created PIE world by copying editor world from /Game/FirstPersonBP/Maps/FirstPersonExampleMap.FirstPersonExampleMap to /Game/FirstPersonBP/Maps/UEDPIE_0_FirstPersonExampleMap.FirstPersonExampleMap (0.013057s)
[2019.06.28-20.37.21:682][479]LogUObjectHash: Compacting FUObjectHashTables data took   1.34ms
[2019.06.28-20.37.21:716][479]LogInit: XAudio2 using 'Speakers (2- High Definition Audio Device)' : 2 channels at 48 kHz using 16 bits per sample (channel mask 0x3)
[2019.06.28-20.37.21:727][479]LogInit: FAudioDevice initialized.
[2019.06.28-20.37.21:754][479]LogLoad: Game class is 'FirstPersonGameMode_C'
[2019.06.28-20.37.21:760][479]LogWorld: Bringing World /Game/FirstPersonBP/Maps/UEDPIE_0_FirstPersonExampleMap.FirstPersonExampleMap up for play (max tick rate 0) at 2019.06.28-13.37.21
[2019.06.28-20.37.21:761][479]LogWorld: Bringing up level for play took: 0.006727
[2019.06.28-20.37.21:774][479]PIE: Play in editor start time for /Game/FirstPersonBP/Maps/UEDPIE_0_FirstPersonExampleMap 0.701
[2019.06.28-20.37.21:775][479]LogBlueprintUserMessages: Late PlayInEditor Detection: Level '/Game/FirstPersonBP/Maps/FirstPersonExampleMap.FirstPersonExampleMap:PersistentLevel' has LevelScriptBlueprint '/Game/FirstPersonBP/Maps/FirstPersonExampleMap.FirstPersonExampleMap:PersistentLevel.FirstPersonExampleMap' with GeneratedClass '/Game/FirstPersonBP/Maps/FirstPersonExampleMap.FirstPersonExampleMap_C' with ClassGeneratedBy '/Game/FirstPersonBP/Maps/FirstPersonExampleMap.FirstPersonExampleMap:PersistentLevel.FirstPersonExampleMap'
[2019.06.28-20.37.48:458][629]LogBlueprintUserMessages: Early EndPlayMap Detection: Level '/Game/FirstPersonBP/Maps/FirstPersonExampleMap.FirstPersonExampleMap:PersistentLevel' has LevelScriptBlueprint '/Game/FirstPersonBP/Maps/FirstPersonExampleMap.FirstPersonExampleMap:PersistentLevel.FirstPersonExampleMap' with GeneratedClass '/Game/FirstPersonBP/Maps/FirstPersonExampleMap.FirstPersonExampleMap_C' with ClassGeneratedBy '/Game/FirstPersonBP/Maps/FirstPersonExampleMap.FirstPersonExampleMap:PersistentLevel.FirstPersonExampleMap'
[2019.06.28-20.37.48:458][629]LogSlate: Updating window title bar state: overlay mode, drag disabled, window buttons hidden, title bar hidden
[2019.06.28-20.37.48:488][629]LogPlayLevel: Display: Shutting down PIE online subsystems
[2019.06.28-20.37.48:489][629]LogBlueprintUserMessages: Late EndPlayMap Detection: Level '/Game/FirstPersonBP/Maps/FirstPersonExampleMap.FirstPersonExampleMap:PersistentLevel' has LevelScriptBlueprint '/Game/FirstPersonBP/Maps/FirstPersonExampleMap.FirstPersonExampleMap:PersistentLevel.FirstPersonExampleMap' with GeneratedClass '/Game/FirstPersonBP/Maps/FirstPersonExampleMap.FirstPersonExampleMap_C' with ClassGeneratedBy '/Game/FirstPersonBP/Maps/FirstPersonExampleMap.FirstPersonExampleMap:PersistentLevel.FirstPersonExampleMap'
[2019.06.28-20.37.48:522][629]LogSlate: Updating window title bar state: overlay mode, drag disabled, window buttons hidden, title bar hidden
[2019.06.28-20.37.48:525][629]LogUObjectHash: Compacting FUObjectHashTables data took   1.13ms
[2019.06.28-20.37.48:568][631]LogPlayLevel: Display: Destroying online subsystem :Context_9
[2019.06.28-20.37.53:252][763]LogSlate: FSceneViewport::OnFocusLost() reason 0
[2019.06.28-20.37.53:401][775]LogUObjectHash: Compacting FUObjectHashTables data took   0.64ms
[2019.06.28-20.37.53:625][775]LogSavePackage: Moving 'C:/Users/orion/Desktop/Code/Labarynth/Project/Saved/FirstPersonExampleMap9BCB018C47DBDE79400810B9EDE98E30.tmp' to 'C:/Users/orion/Desktop/Code/Labarynth/Project/Content/FirstPersonBP/Maps/FirstPersonExampleMap.umap'
[2019.06.28-20.37.54:649][775]LogSavePackage: Moving 'C:/Users/orion/Desktop/Code/Labarynth/Project/Saved/FirstPersonExampleMap_BuiltDataD1D9B36D4251E4AB82BE7581AAEF6E48.tmp' to 'C:/Users/orion/Desktop/Code/Labarynth/Project/Content/FirstPersonBP/Maps/FirstPersonExampleMap_BuiltData.uasset'
[2019.06.28-20.38.00:766][505]LogSlate: FSceneViewport::OnFocusLost() reason 0
[2019.06.28-20.38.46:879][966]LogSlate: FSceneViewport::OnFocusLost() reason 0
[2019.06.28-20.38.57:861][235]LogSlate: FSceneViewport::OnFocusLost() reason 0
