Log file open, 07/08/19 17:23:51
LogConsoleResponse: Display: Failed to find resolution value strings in scalability ini. Falling back to default.
LogInit: Display: Running engine for game: Labarynth
LogPakFile: Registered encryption key '00000000000000000000000000000000': 0 pak files mounted, 0 remain pending
LogPlatformFile: Not using cached read wrapper
LogTaskGraph: Started task graph with 5 named threads and 14 total threads with 3 sets of task threads.
LogStats: Stats thread started at 0.080093
LogICUInternationalization: ICU TimeZone Detection - Raw Offset: -8:00, Platform Override: ''
LogPluginManager: Mounting plugin ActorLayerUtilities
LogPluginManager: Mounting plugin CodeLiteSourceCodeAccess
LogPluginManager: Mounting plugin KDevelopSourceCodeAccess
LogPluginManager: Mounting plugin UObjectPlugin
LogPluginManager: Mounting plugin VisualStudioSourceCodeAccess
LogPluginManager: Mounting plugin PerforceSourceControl
LogPluginManager: Mounting plugin VisualStudioCodeSourceCodeAccess
LogPluginManager: Mounting plugin CLionSourceCodeAccess
LogPluginManager: Mounting plugin XCodeSourceCodeAccess
LogPluginManager: Mounting plugin SubversionSourceControl
LogPluginManager: Mounting plugin NullSourceCodeAccess
LogPluginManager: Mounting plugin GitSourceControl
LogPluginManager: Mounting plugin AnimationSharing
LogPluginManager: Mounting plugin VariantManagerContent
LogPluginManager: Mounting plugin DatasmithContent
LogPluginManager: Mounting plugin NetcodeUnitTest
LogPluginManager: Mounting plugin NUTUnrealEngine4
LogPluginManager: Mounting plugin OnlineSubsystemNull
LogPluginManager: Mounting plugin OnlineSubsystemUtils
LogPluginManager: Mounting plugin OnlineSubsystemIOS
LogPluginManager: Mounting plugin OnlineSubsystem
LogPluginManager: Mounting plugin OnlineSubsystemGooglePlay
LogPluginManager: Mounting plugin MagicLeap
LogPluginManager: Mounting plugin MagicLeapMedia
LogPluginManager: Mounting plugin AISupport
LogPluginManager: Mounting plugin AvfMedia
LogPluginManager: Mounting plugin WmfMedia
LogPluginManager: Mounting plugin ImgMedia
LogPluginManager: Mounting plugin MediaPlayerEditor
LogPluginManager: Mounting plugin MediaCompositing
LogPluginManager: Mounting plugin WebMMedia
LogPluginManager: Mounting plugin LinearTimecode
LogPluginManager: Mounting plugin AndroidMedia
LogPluginManager: Mounting plugin CryptoKeys
LogPluginManager: Mounting plugin DataValidation
LogPluginManager: Mounting plugin PluginBrowser
LogPluginManager: Mounting plugin MaterialAnalyzer
LogPluginManager: Mounting plugin MobileLauncherProfileWizard
LogPluginManager: Mounting plugin SpeedTreeImporter
LogPluginManager: Mounting plugin AssetManagerEditor
LogPluginManager: Mounting plugin FacialAnimation
LogPluginManager: Mounting plugin MacGraphicsSwitching
LogPluginManager: Mounting plugin GameplayTagsEditor
LogPluginManager: Mounting plugin LauncherChunkInstaller
LogPluginManager: Mounting plugin LightPropagationVolume
LogPluginManager: Mounting plugin Paper2D
LogPluginManager: Mounting plugin LevelSequenceEditor
LogPluginManager: Mounting plugin MatineeToLevelSequence
LogPluginManager: Mounting plugin ActorSequence
LogPluginManager: Mounting plugin ProxyLODPlugin
LogPluginManager: Mounting plugin BackChannel
LogPluginManager: Mounting plugin AppleImageUtils
LogPluginManager: Mounting plugin CharacterAI
LogPluginManager: Mounting plugin SkeletalReduction
LogPluginManager: Mounting plugin GeometryCache
LogPluginManager: Mounting plugin AppleVision
LogPluginManager: Mounting plugin AlembicImporter
LogPluginManager: Mounting plugin HTML5Networking
LogPluginManager: Mounting plugin TcpMessaging
LogPluginManager: Mounting plugin UdpMessaging
LogPluginManager: Mounting plugin PhysXVehicles
LogPluginManager: Mounting plugin MobilePatchingUtils
LogPluginManager: Mounting plugin ProceduralMeshComponent
LogPluginManager: Mounting plugin CableComponent
LogPluginManager: Mounting plugin AppleMoviePlayer
LogPluginManager: Mounting plugin WindowsMoviePlayer
LogPluginManager: Mounting plugin LinuxDeviceProfileSelector
LogPluginManager: Mounting plugin CustomMeshComponent
LogPluginManager: Mounting plugin ArchVisCharacter
LogPluginManager: Mounting plugin IOSDeviceProfileSelector
LogPluginManager: Mounting plugin AudioCapture
LogPluginManager: Mounting plugin OculusVR
LogPluginManager: Mounting plugin LocationServicesBPLibrary
LogPluginManager: Mounting plugin RuntimePhysXCooking
LogPluginManager: Mounting plugin WebMMoviePlayer
LogPluginManager: Mounting plugin Firebase
LogPluginManager: Mounting plugin AndroidMoviePlayer
LogPluginManager: Mounting plugin AndroidDeviceProfileSelector
LogPluginManager: Mounting plugin EditableMesh
LogPluginManager: Mounting plugin ExampleDeviceProfileSelector
LogPluginManager: Mounting plugin SteamVR
LogPluginManager: Mounting plugin GoogleCloudMessaging
LogPluginManager: Mounting plugin SignificanceManager
LogPluginManager: Mounting plugin AndroidPermission
LogInit: Using libcurl 7.48.0-DEV
LogInit:  - built for x86_64-unknown-linux-gnu
LogInit:  - supports SSL with OpenSSL/1.0.2h
LogInit:  - supports HTTP deflate (compression) using libz 1.2.8
LogInit:  - other features:
LogInit:      CURL_VERSION_SSL
LogInit:      CURL_VERSION_LIBZ
LogInit:      CURL_VERSION_IPV6
LogInit:      CURL_VERSION_ASYNCHDNS
LogInit:      CURL_VERSION_LARGEFILE
LogInit:      CURL_VERSION_TLSAUTH_SRP
LogInit:  CurlRequestOptions (configurable via config and command line):
LogInit:  - bVerifyPeer = true  - Libcurl will verify peer certificate
LogInit:  - bUseHttpProxy = false  - Libcurl will NOT use HTTP proxy
LogInit:  - bDontReuseConnections = false  - Libcurl will reuse connections
LogInit:  - MaxHostConnections = 16  - Libcurl will limit the number of connections to a host
LogInit:  - LocalHostAddr = Default
LogInit:  - BufferSize = 65536
LogInit: Build: ++UE4+Release-4.22-CL-0
LogInit: Engine Version: 4.22.3-0+++UE4+Release-4.22
LogInit: Compatible Engine Version: 4.22.0-0+++UE4+Release-4.22
LogInit: Net CL: 0
LogInit: OS: GenericOSVersionLabel (GenericOSSubVersionLabel), CPU: Intel(R) Core(TM) i5-4570 CPU @ 3.20GHz, GPU: GenericGPUBrand
LogInit: Compiled (64-bit): Jun 27 2019 15:42:35
LogInit: Compiled with Clang: 7.0.1 (tags/RELEASE_701/final)
LogInit: Build Configuration: Development
LogInit: Branch Name: ++UE4+Release-4.22
LogInit: Command Line:  /Game/FirstPersonBP/Maps/FirstPersonExampleMap -game -PIEVIACONSOLE -ResX=1280 -ResY=720 -Multiprocess -messaging -SessionName="Play in Standalone Game" -windowed
LogInit: Base Directory: /games/UnrealEngine/Engine/Binaries/Linux/
LogInit: Installed Engine Build: 0
LogDevObjectVersion: Number of dev versions registered: 23
LogDevObjectVersion:   Dev-Blueprints (B0D832E4-1F89-4F0D-ACCF-7EB736FD4AA2): 10
LogDevObjectVersion:   Dev-Build (E1C64328-A22C-4D53-A36C-8E866417BD8C): 0
LogDevObjectVersion:   Dev-Core (375EC13C-06E4-48FB-B500-84F0262A717E): 3
LogDevObjectVersion:   Dev-Editor (E4B068ED-F494-42E9-A231-DA0B2E46BB41): 30
LogDevObjectVersion:   Dev-Framework (CFFC743F-43B0-4480-9391-14DF171D2073): 35
LogDevObjectVersion:   Dev-Mobile (B02B49B5-BB20-44E9-A304-32B752E40360): 2
LogDevObjectVersion:   Dev-Networking (A4E4105C-59A1-49B5-A7C5-40C4547EDFEE): 0
LogDevObjectVersion:   Dev-Online (39C831C9-5AE6-47DC-9A44-9C173E1C8E7C): 0
LogDevObjectVersion:   Dev-Physics (78F01B33-EBEA-4F98-B9B4-84EACCB95AA2): 0
LogDevObjectVersion:   Dev-Platform (6631380F-2D4D-43E0-8009-CF276956A95A): 0
LogDevObjectVersion:   Dev-Rendering (12F88B9F-8875-4AFC-A67C-D90C383ABD29): 28
LogDevObjectVersion:   Dev-Sequencer (7B5AE74C-D270-4C10-A958-57980B212A5A): 11
LogDevObjectVersion:   Dev-VR (D7296918-1DD6-4BDD-9DE2-64A83CC13884): 2
LogDevObjectVersion:   Dev-LoadTimes (C2A15278-BFE7-4AFE-6C17-90FF531DF755): 1
LogDevObjectVersion:   Private-Geometry (6EACA3D4-40EC-4CC1-B786-8BED09428FC5): 3
LogDevObjectVersion:   Dev-AnimPhys (29E575DD-E0A3-4627-9D10-D276232CDCEA): 17
LogDevObjectVersion:   Dev-Anim (AF43A65D-7FD3-4947-9873-3E8ED9C1BB05): 2
LogDevObjectVersion:   Dev-ReflectionCapture (6B266CEC-1EC7-4B8F-A30B-E4D90942FC07): 1
LogDevObjectVersion:   Dev-Automation (0DF73D61-A23F-47EA-B727-89E90C41499A): 1
LogDevObjectVersion:   FortniteMain (601D1886-AC64-4F84-AA16-D3DE0DEAC7D6): 25
LogDevObjectVersion:   Dev-Enterprise (9DFFBCD6-494F-0158-E221-12823C92A888): 6
LogDevObjectVersion:   Dev-Niagara (F2AED0AC-9AFE-416F-8664-AA7FFA26D6FC): 1
LogDevObjectVersion:   Dev-Destruction (174F1F0B-B4C6-45A5-B13F-2EE8D0FB917D): 2
LogInit: Presizing for max 16777216 objects, including 0 objects not considered by GC, pre-allocating 0 bytes for permanent pool.
LogInit: Object subsystem initialized
LogConfig: Setting CVar [[con.DebugEarlyDefault:1]]
LogConfig: Setting CVar [[r.setres:1280x720]]
[2019.07.09-00.23.53:007][  0]LogConfig: Setting CVar [[con.DebugEarlyDefault:1]]
[2019.07.09-00.23.53:007][  0]LogConfig: Setting CVar [[r.setres:1280x720]]
[2019.07.09-00.23.53:007][  0]LogConfig: Applying CVar settings from Section [/Script/Engine.RendererSettings] File [/home/donovan/Documents/Unreal Projects/Labarynth/Project/Saved/Config/Linux/Engine.ini]
[2019.07.09-00.23.53:007][  0]LogConfig: Setting CVar [[r.GPUCrashDebugging:0]]
[2019.07.09-00.23.53:007][  0]LogConfig: Applying CVar settings from Section [/Script/Engine.RendererOverrideSettings] File [/home/donovan/Documents/Unreal Projects/Labarynth/Project/Saved/Config/Linux/Engine.ini]
[2019.07.09-00.23.53:007][  0]LogConfig: Applying CVar settings from Section [/Script/Engine.StreamingSettings] File [/home/donovan/Documents/Unreal Projects/Labarynth/Project/Saved/Config/Linux/Engine.ini]
[2019.07.09-00.23.53:007][  0]LogConfig: Setting CVar [[s.MinBulkDataSizeForAsyncLoading:131072]]
[2019.07.09-00.23.53:007][  0]LogConfig: Setting CVar [[s.AsyncLoadingThreadEnabled:0]]
[2019.07.09-00.23.53:007][  0]LogConfig: Setting CVar [[s.EventDrivenLoaderEnabled:1]]
[2019.07.09-00.23.53:007][  0]LogConfig: Setting CVar [[s.WarnIfTimeLimitExceeded:0]]
[2019.07.09-00.23.53:007][  0]LogConfig: Setting CVar [[s.TimeLimitExceededMultiplier:1.5]]
[2019.07.09-00.23.53:007][  0]LogConfig: Setting CVar [[s.TimeLimitExceededMinTime:0.005]]
[2019.07.09-00.23.53:007][  0]LogConfig: Setting CVar [[s.UseBackgroundLevelStreaming:1]]
[2019.07.09-00.23.53:007][  0]LogConfig: Setting CVar [[s.PriorityAsyncLoadingExtraTime:15.0]]
[2019.07.09-00.23.53:007][  0]LogConfig: Setting CVar [[s.LevelStreamingActorsUpdateTimeLimit:5.0]]
[2019.07.09-00.23.53:007][  0]LogConfig: Setting CVar [[s.PriorityLevelStreamingActorsUpdateExtraTime:5.0]]
[2019.07.09-00.23.53:007][  0]LogConfig: Setting CVar [[s.LevelStreamingComponentsRegistrationGranularity:10]]
[2019.07.09-00.23.53:007][  0]LogConfig: Setting CVar [[s.UnregisterComponentsTimeLimit:1.0]]
[2019.07.09-00.23.53:007][  0]LogConfig: Setting CVar [[s.LevelStreamingComponentsUnregistrationGranularity:5]]
[2019.07.09-00.23.53:007][  0]LogConfig: Applying CVar settings from Section [/Script/Engine.GarbageCollectionSettings] File [/home/donovan/Documents/Unreal Projects/Labarynth/Project/Saved/Config/Linux/Engine.ini]
[2019.07.09-00.23.53:007][  0]LogConfig: Setting CVar [[gc.MaxObjectsNotConsideredByGC:1]]
[2019.07.09-00.23.53:007][  0]LogConfig: Setting CVar [[gc.SizeOfPermanentObjectPool:0]]
[2019.07.09-00.23.53:007][  0]LogConfig: Setting CVar [[gc.FlushStreamingOnGC:0]]
[2019.07.09-00.23.53:007][  0]LogConfig: Setting CVar [[gc.NumRetriesBeforeForcingGC:10]]
[2019.07.09-00.23.53:007][  0]LogConfig: Setting CVar [[gc.AllowParallelGC:1]]
[2019.07.09-00.23.53:008][  0]LogConfig: Setting CVar [[gc.TimeBetweenPurgingPendingKillObjects:61.1]]
[2019.07.09-00.23.53:008][  0]LogConfig: Setting CVar [[gc.MaxObjectsInEditor:16777216]]
[2019.07.09-00.23.53:008][  0]LogConfig: Setting CVar [[gc.IncrementalBeginDestroyEnabled:1]]
[2019.07.09-00.23.53:008][  0]LogConfig: Setting CVar [[gc.CreateGCClusters:1]]
[2019.07.09-00.23.53:008][  0]LogConfig: Setting CVar [[gc.MinGCClusterSize:5]]
[2019.07.09-00.23.53:008][  0]LogConfig: Setting CVar [[gc.ActorClusteringEnabled:0]]
[2019.07.09-00.23.53:008][  0]LogConfig: Setting CVar [[gc.BlueprintClusteringEnabled:0]]
[2019.07.09-00.23.53:008][  0]LogConfig: Setting CVar [[gc.UseDisregardForGCOnDedicatedServers:0]]
[2019.07.09-00.23.53:008][  0]LogConfig: Applying CVar settings from Section [/Script/Engine.NetworkSettings] File [/home/donovan/Documents/Unreal Projects/Labarynth/Project/Saved/Config/Linux/Engine.ini]
[2019.07.09-00.23.53:008][  0]LogConfig: Applying CVar settings from Section [/Script/UnrealEd.CookerSettings] File [/home/donovan/Documents/Unreal Projects/Labarynth/Project/Saved/Config/Linux/Engine.ini]
[2019.07.09-00.23.53:008][  0]LogInit: Initializing SDL.
[2019.07.09-00.23.53:756][  0]LogInit: Initialized SDL 2.0.8 revision: 11184 (hg-12121:4358e537000a with EpicExtensions) (compiled against 2.0.8)
[2019.07.09-00.23.53:756][  0]LogInit: Using SDL video driver 'x11'
[2019.07.09-00.23.53:759][  0]LogInit: Display metrics:
[2019.07.09-00.23.53:759][  0]LogInit:   PrimaryDisplayWidth: 1920
[2019.07.09-00.23.53:759][  0]LogInit:   PrimaryDisplayHeight: 1080
[2019.07.09-00.23.53:759][  0]LogInit:   PrimaryDisplayWorkAreaRect:
[2019.07.09-00.23.53:759][  0]LogInit:     Left=0, Top=27, Right=1920, Bottom=1080
[2019.07.09-00.23.53:759][  0]LogInit:   VirtualDisplayRect:
[2019.07.09-00.23.53:759][  0]LogInit:     Left=0, Top=27, Right=1920, Bottom=1080
[2019.07.09-00.23.53:759][  0]LogInit:   TitleSafePaddingSize: X=0.000 Y=0.000 Z=0.000 W=0.000
[2019.07.09-00.23.53:759][  0]LogInit:   ActionSafePaddingSize: X=0.000 Y=0.000 Z=0.000 W=0.000
[2019.07.09-00.23.53:759][  0]LogInit:   Number of monitors: 1
[2019.07.09-00.23.53:759][  0]LogInit:     Monitor 0
[2019.07.09-00.23.53:759][  0]LogInit:       Name: VX2453 Series 23"
[2019.07.09-00.23.53:759][  0]LogInit:       ID: display0
[2019.07.09-00.23.53:759][  0]LogInit:       NativeWidth: 1920
[2019.07.09-00.23.53:759][  0]LogInit:       NativeHeight: 1080
[2019.07.09-00.23.53:759][  0]LogInit:       bIsPrimary: true
[2019.07.09-00.23.53:760][  0]LogConfig: Applying CVar settings from Section [ViewDistanceQuality@3] File [/home/donovan/Documents/Unreal Projects/Labarynth/Project/Saved/Config/Linux/Scalability.ini]
[2019.07.09-00.23.53:760][  0]LogConfig: Setting CVar [[r.SkeletalMeshLODBias:0]]
[2019.07.09-00.23.53:760][  0]LogConfig: Setting CVar [[r.ViewDistanceScale:1.0]]
[2019.07.09-00.23.53:760][  0]LogConfig: Applying CVar settings from Section [AntiAliasingQuality@3] File [/home/donovan/Documents/Unreal Projects/Labarynth/Project/Saved/Config/Linux/Scalability.ini]
[2019.07.09-00.23.53:760][  0]LogConfig: Setting CVar [[r.PostProcessAAQuality:4]]
[2019.07.09-00.23.53:760][  0]LogConfig: Applying CVar settings from Section [ShadowQuality@3] File [/home/donovan/Documents/Unreal Projects/Labarynth/Project/Saved/Config/Linux/Scalability.ini]
[2019.07.09-00.23.53:760][  0]LogConfig: Setting CVar [[r.LightFunctionQuality:1]]
[2019.07.09-00.23.53:760][  0]LogConfig: Setting CVar [[r.ShadowQuality:5]]
[2019.07.09-00.23.53:760][  0]LogConfig: Setting CVar [[r.Shadow.CSM.MaxCascades:10]]
[2019.07.09-00.23.53:760][  0]LogConfig: Setting CVar [[r.Shadow.MaxResolution:2048]]
[2019.07.09-00.23.53:760][  0]LogConfig: Setting CVar [[r.Shadow.MaxCSMResolution:2048]]
[2019.07.09-00.23.53:760][  0]LogConfig: Setting CVar [[r.Shadow.RadiusThreshold:0.01]]
[2019.07.09-00.23.53:760][  0]LogConfig: Setting CVar [[r.Shadow.DistanceScale:1.0]]
[2019.07.09-00.23.53:760][  0]LogConfig: Setting CVar [[r.Shadow.CSM.TransitionScale:1.0]]
[2019.07.09-00.23.53:760][  0]LogConfig: Setting CVar [[r.Shadow.PreShadowResolutionFactor:1.0]]
[2019.07.09-00.23.53:760][  0]LogConfig: Setting CVar [[r.DistanceFieldShadowing:1]]
[2019.07.09-00.23.53:760][  0]LogConfig: Setting CVar [[r.DistanceFieldAO:1]]
[2019.07.09-00.23.53:760][  0]LogConfig: Setting CVar [[r.AOQuality:2]]
[2019.07.09-00.23.53:760][  0]LogConfig: Setting CVar [[r.VolumetricFog:1]]
[2019.07.09-00.23.53:760][  0]LogConfig: Setting CVar [[r.VolumetricFog.GridPixelSize:8]]
[2019.07.09-00.23.53:760][  0]LogConfig: Setting CVar [[r.VolumetricFog.GridSizeZ:128]]
[2019.07.09-00.23.53:760][  0]LogConfig: Setting CVar [[r.VolumetricFog.HistoryMissSupersampleCount:4]]
[2019.07.09-00.23.53:760][  0]LogConfig: Setting CVar [[r.LightMaxDrawDistanceScale:1]]
[2019.07.09-00.23.53:760][  0]LogConfig: Setting CVar [[r.CapsuleShadows:1]]
[2019.07.09-00.23.53:760][  0]LogConfig: Applying CVar settings from Section [PostProcessQuality@3] File [/home/donovan/Documents/Unreal Projects/Labarynth/Project/Saved/Config/Linux/Scalability.ini]
[2019.07.09-00.23.53:760][  0]LogConfig: Setting CVar [[r.MotionBlurQuality:4]]
[2019.07.09-00.23.53:760][  0]LogConfig: Setting CVar [[r.AmbientOcclusionMipLevelFactor:0.4]]
[2019.07.09-00.23.53:760][  0]LogConfig: Setting CVar [[r.AmbientOcclusionMaxQuality:100]]
[2019.07.09-00.23.53:760][  0]LogConfig: Setting CVar [[r.AmbientOcclusionLevels:-1]]
[2019.07.09-00.23.53:760][  0]LogConfig: Setting CVar [[r.AmbientOcclusionRadiusScale:1.0]]
[2019.07.09-00.23.53:760][  0]LogConfig: Setting CVar [[r.DepthOfFieldQuality:2]]
[2019.07.09-00.23.53:760][  0]LogConfig: Setting CVar [[r.RenderTargetPoolMin:400]]
[2019.07.09-00.23.53:760][  0]LogConfig: Setting CVar [[r.LensFlareQuality:2]]
[2019.07.09-00.23.53:760][  0]LogConfig: Setting CVar [[r.SceneColorFringeQuality:1]]
[2019.07.09-00.23.53:760][  0]LogConfig: Setting CVar [[r.EyeAdaptationQuality:2]]
[2019.07.09-00.23.53:760][  0]LogConfig: Setting CVar [[r.BloomQuality:5]]
[2019.07.09-00.23.53:760][  0]LogConfig: Setting CVar [[r.FastBlurThreshold:100]]
[2019.07.09-00.23.53:760][  0]LogConfig: Setting CVar [[r.Upscale.Quality:3]]
[2019.07.09-00.23.53:760][  0]LogConfig: Setting CVar [[r.Tonemapper.GrainQuantization:1]]
[2019.07.09-00.23.53:760][  0]LogConfig: Setting CVar [[r.LightShaftQuality:1]]
[2019.07.09-00.23.53:760][  0]LogConfig: Setting CVar [[r.Filter.SizeScale:1]]
[2019.07.09-00.23.53:760][  0]LogConfig: Setting CVar [[r.Tonemapper.Quality:5]]
[2019.07.09-00.23.53:760][  0]LogConfig: Setting CVar [[r.DOF.Gather.AccumulatorQuality:1        ; higher gathering accumulator quality]]
[2019.07.09-00.23.53:760][  0]LogConfig: Setting CVar [[r.DOF.Gather.PostfilterMethod:1          ; Median3x3 postfilering method]]
[2019.07.09-00.23.53:760][  0]LogConfig: Setting CVar [[r.DOF.Gather.EnableBokehSettings:0       ; no bokeh simulation when gathering]]
[2019.07.09-00.23.53:760][  0]LogConfig: Setting CVar [[r.DOF.Gather.RingCount:4                 ; medium number of samples when gathering]]
[2019.07.09-00.23.53:760][  0]LogConfig: Setting CVar [[r.DOF.Scatter.ForegroundCompositing:1    ; additive foreground scattering]]
[2019.07.09-00.23.53:760][  0]LogConfig: Setting CVar [[r.DOF.Scatter.BackgroundCompositing:2    ; additive background scattering]]
[2019.07.09-00.23.53:760][  0]LogConfig: Setting CVar [[r.DOF.Scatter.EnableBokehSettings:1      ; bokeh simulation when scattering]]
[2019.07.09-00.23.53:760][  0]LogConfig: Setting CVar [[r.DOF.Scatter.MaxSpriteRatio:0.1         ; only a maximum of 10% of scattered bokeh]]
[2019.07.09-00.23.53:760][  0]LogConfig: Setting CVar [[r.DOF.Recombine.Quality:1                ; cheap slight out of focus]]
[2019.07.09-00.23.53:760][  0]LogConfig: Setting CVar [[r.DOF.Recombine.EnableBokehSettings:0    ; no bokeh simulation on slight out of focus]]
[2019.07.09-00.23.53:760][  0]LogConfig: Setting CVar [[r.DOF.TemporalAAQuality:1                ; more stable temporal accumulation]]
[2019.07.09-00.23.53:760][  0]LogConfig: Setting CVar [[r.DOF.Kernel.MaxForegroundRadius:0.025]]
[2019.07.09-00.23.53:760][  0]LogConfig: Setting CVar [[r.DOF.Kernel.MaxBackgroundRadius:0.025]]
[2019.07.09-00.23.53:760][  0]LogConfig: Applying CVar settings from Section [TextureQuality@3] File [/home/donovan/Documents/Unreal Projects/Labarynth/Project/Saved/Config/Linux/Scalability.ini]
[2019.07.09-00.23.53:760][  0]LogConfig: Setting CVar [[r.Streaming.MipBias:0]]
[2019.07.09-00.23.53:760][  0]LogConfig: Setting CVar [[r.Streaming.AmortizeCPUToGPUCopy:0]]
[2019.07.09-00.23.53:760][  0]LogConfig: Setting CVar [[r.Streaming.MaxNumTexturesToStreamPerFrame:0]]
[2019.07.09-00.23.53:760][  0]LogConfig: Setting CVar [[r.Streaming.Boost:1]]
[2019.07.09-00.23.53:760][  0]LogConfig: Setting CVar [[r.MaxAnisotropy:8]]
[2019.07.09-00.23.53:760][  0]LogConfig: Setting CVar [[r.Streaming.LimitPoolSizeToVRAM:0]]
[2019.07.09-00.23.53:760][  0]LogConfig: Setting CVar [[r.Streaming.PoolSize:1000]]
[2019.07.09-00.23.53:760][  0]LogConfig: Setting CVar [[r.Streaming.MaxEffectiveScreenSize:0]]
[2019.07.09-00.23.53:760][  0]LogConfig: Applying CVar settings from Section [EffectsQuality@3] File [/home/donovan/Documents/Unreal Projects/Labarynth/Project/Saved/Config/Linux/Scalability.ini]
[2019.07.09-00.23.53:760][  0]LogConfig: Setting CVar [[r.TranslucencyLightingVolumeDim:64]]
[2019.07.09-00.23.53:760][  0]LogConfig: Setting CVar [[r.RefractionQuality:2]]
[2019.07.09-00.23.53:760][  0]LogConfig: Setting CVar [[r.SSR.Quality:3]]
[2019.07.09-00.23.53:760][  0]LogConfig: Setting CVar [[r.SceneColorFormat:4]]
[2019.07.09-00.23.53:760][  0]LogConfig: Setting CVar [[r.DetailMode:2]]
[2019.07.09-00.23.53:760][  0]LogConfig: Setting CVar [[r.TranslucencyVolumeBlur:1]]
[2019.07.09-00.23.53:760][  0]LogConfig: Setting CVar [[r.MaterialQualityLevel:1 ; High quality]]
[2019.07.09-00.23.53:761][  0]LogConfig: Setting CVar [[r.SSS.Scale:1]]
[2019.07.09-00.23.53:761][  0]LogConfig: Setting CVar [[r.SSS.SampleSet:2]]
[2019.07.09-00.23.53:761][  0]LogConfig: Setting CVar [[r.SSS.Quality:1]]
[2019.07.09-00.23.53:761][  0]LogConfig: Setting CVar [[r.SSS.HalfRes:1]]
[2019.07.09-00.23.53:761][  0]LogConfig: Setting CVar [[r.EmitterSpawnRateScale:1.0]]
[2019.07.09-00.23.53:761][  0]LogConfig: Setting CVar [[r.ParticleLightQuality:2]]
[2019.07.09-00.23.53:761][  0]LogConfig: Applying CVar settings from Section [FoliageQuality@3] File [/home/donovan/Documents/Unreal Projects/Labarynth/Project/Saved/Config/Linux/Scalability.ini]
[2019.07.09-00.23.53:761][  0]LogConfig: Setting CVar [[foliage.DensityScale:1.0]]
[2019.07.09-00.23.53:761][  0]LogConfig: Setting CVar [[grass.DensityScale:1.0]]
[2019.07.09-00.23.53:761][  0]LogLinux: Selected Device Profile: [Linux]
[2019.07.09-00.23.53:761][  0]LogInit: Applying CVar settings loaded from the selected device profile: [Linux]
[2019.07.09-00.23.53:768][  0]LogHAL: Display: Platform has ~ 4 GB [10413928448 / 4294967296 / 10], which maps to Smallest [LargestMinGB=32, LargerMinGB=12, DefaultMinGB=8, SmallerMinGB=6, SmallestMinGB=0)
[2019.07.09-00.23.53:768][  0]LogInit: Going up to parent DeviceProfile []
[2019.07.09-00.23.53:768][  0]LogConfig: Applying CVar settings from Section [ViewDistanceQuality@3] File [/home/donovan/Documents/Unreal Projects/Labarynth/Project/Saved/Config/Linux/Scalability.ini]
[2019.07.09-00.23.53:768][  0]LogConfig: Setting CVar [[r.SkeletalMeshLODBias:0]]
[2019.07.09-00.23.53:768][  0]LogConfig: Setting CVar [[r.ViewDistanceScale:1.0]]
[2019.07.09-00.23.53:768][  0]LogConfig: Applying CVar settings from Section [AntiAliasingQuality@3] File [/home/donovan/Documents/Unreal Projects/Labarynth/Project/Saved/Config/Linux/Scalability.ini]
[2019.07.09-00.23.53:768][  0]LogConfig: Setting CVar [[r.PostProcessAAQuality:4]]
[2019.07.09-00.23.53:768][  0]LogConfig: Applying CVar settings from Section [ShadowQuality@3] File [/home/donovan/Documents/Unreal Projects/Labarynth/Project/Saved/Config/Linux/Scalability.ini]
[2019.07.09-00.23.53:768][  0]LogConfig: Setting CVar [[r.LightFunctionQuality:1]]
[2019.07.09-00.23.53:768][  0]LogConfig: Setting CVar [[r.ShadowQuality:5]]
[2019.07.09-00.23.53:768][  0]LogConfig: Setting CVar [[r.Shadow.CSM.MaxCascades:10]]
[2019.07.09-00.23.53:768][  0]LogConfig: Setting CVar [[r.Shadow.MaxResolution:2048]]
[2019.07.09-00.23.53:768][  0]LogConfig: Setting CVar [[r.Shadow.MaxCSMResolution:2048]]
[2019.07.09-00.23.53:768][  0]LogConfig: Setting CVar [[r.Shadow.RadiusThreshold:0.01]]
[2019.07.09-00.23.53:768][  0]LogConfig: Setting CVar [[r.Shadow.DistanceScale:1.0]]
[2019.07.09-00.23.53:768][  0]LogConfig: Setting CVar [[r.Shadow.CSM.TransitionScale:1.0]]
[2019.07.09-00.23.53:768][  0]LogConfig: Setting CVar [[r.Shadow.PreShadowResolutionFactor:1.0]]
[2019.07.09-00.23.53:768][  0]LogConfig: Setting CVar [[r.DistanceFieldShadowing:1]]
[2019.07.09-00.23.53:768][  0]LogConfig: Setting CVar [[r.DistanceFieldAO:1]]
[2019.07.09-00.23.53:768][  0]LogConfig: Setting CVar [[r.AOQuality:2]]
[2019.07.09-00.23.53:768][  0]LogConfig: Setting CVar [[r.VolumetricFog:1]]
[2019.07.09-00.23.53:768][  0]LogConfig: Setting CVar [[r.VolumetricFog.GridPixelSize:8]]
[2019.07.09-00.23.53:768][  0]LogConfig: Setting CVar [[r.VolumetricFog.GridSizeZ:128]]
[2019.07.09-00.23.53:768][  0]LogConfig: Setting CVar [[r.VolumetricFog.HistoryMissSupersampleCount:4]]
[2019.07.09-00.23.53:768][  0]LogConfig: Setting CVar [[r.LightMaxDrawDistanceScale:1]]
[2019.07.09-00.23.53:768][  0]LogConfig: Setting CVar [[r.CapsuleShadows:1]]
[2019.07.09-00.23.53:768][  0]LogConfig: Applying CVar settings from Section [PostProcessQuality@3] File [/home/donovan/Documents/Unreal Projects/Labarynth/Project/Saved/Config/Linux/Scalability.ini]
[2019.07.09-00.23.53:768][  0]LogConfig: Setting CVar [[r.MotionBlurQuality:4]]
[2019.07.09-00.23.53:768][  0]LogConfig: Setting CVar [[r.AmbientOcclusionMipLevelFactor:0.4]]
[2019.07.09-00.23.53:768][  0]LogConfig: Setting CVar [[r.AmbientOcclusionMaxQuality:100]]
[2019.07.09-00.23.53:768][  0]LogConfig: Setting CVar [[r.AmbientOcclusionLevels:-1]]
[2019.07.09-00.23.53:768][  0]LogConfig: Setting CVar [[r.AmbientOcclusionRadiusScale:1.0]]
[2019.07.09-00.23.53:768][  0]LogConfig: Setting CVar [[r.DepthOfFieldQuality:2]]
[2019.07.09-00.23.53:768][  0]LogConfig: Setting CVar [[r.RenderTargetPoolMin:400]]
[2019.07.09-00.23.53:768][  0]LogConfig: Setting CVar [[r.LensFlareQuality:2]]
[2019.07.09-00.23.53:768][  0]LogConfig: Setting CVar [[r.SceneColorFringeQuality:1]]
[2019.07.09-00.23.53:768][  0]LogConfig: Setting CVar [[r.EyeAdaptationQuality:2]]
[2019.07.09-00.23.53:768][  0]LogConfig: Setting CVar [[r.BloomQuality:5]]
[2019.07.09-00.23.53:768][  0]LogConfig: Setting CVar [[r.FastBlurThreshold:100]]
[2019.07.09-00.23.53:768][  0]LogConfig: Setting CVar [[r.Upscale.Quality:3]]
[2019.07.09-00.23.53:768][  0]LogConfig: Setting CVar [[r.Tonemapper.GrainQuantization:1]]
[2019.07.09-00.23.53:768][  0]LogConfig: Setting CVar [[r.LightShaftQuality:1]]
[2019.07.09-00.23.53:768][  0]LogConfig: Setting CVar [[r.Filter.SizeScale:1]]
[2019.07.09-00.23.53:768][  0]LogConfig: Setting CVar [[r.Tonemapper.Quality:5]]
[2019.07.09-00.23.53:768][  0]LogConfig: Setting CVar [[r.DOF.Gather.AccumulatorQuality:1        ; higher gathering accumulator quality]]
[2019.07.09-00.23.53:768][  0]LogConfig: Setting CVar [[r.DOF.Gather.PostfilterMethod:1          ; Median3x3 postfilering method]]
[2019.07.09-00.23.53:768][  0]LogConfig: Setting CVar [[r.DOF.Gather.EnableBokehSettings:0       ; no bokeh simulation when gathering]]
[2019.07.09-00.23.53:768][  0]LogConfig: Setting CVar [[r.DOF.Gather.RingCount:4                 ; medium number of samples when gathering]]
[2019.07.09-00.23.53:768][  0]LogConfig: Setting CVar [[r.DOF.Scatter.ForegroundCompositing:1    ; additive foreground scattering]]
[2019.07.09-00.23.53:768][  0]LogConfig: Setting CVar [[r.DOF.Scatter.BackgroundCompositing:2    ; additive background scattering]]
[2019.07.09-00.23.53:768][  0]LogConfig: Setting CVar [[r.DOF.Scatter.EnableBokehSettings:1      ; bokeh simulation when scattering]]
[2019.07.09-00.23.53:768][  0]LogConfig: Setting CVar [[r.DOF.Scatter.MaxSpriteRatio:0.1         ; only a maximum of 10% of scattered bokeh]]
[2019.07.09-00.23.53:768][  0]LogConfig: Setting CVar [[r.DOF.Recombine.Quality:1                ; cheap slight out of focus]]
[2019.07.09-00.23.53:768][  0]LogConfig: Setting CVar [[r.DOF.Recombine.EnableBokehSettings:0    ; no bokeh simulation on slight out of focus]]
[2019.07.09-00.23.53:768][  0]LogConfig: Setting CVar [[r.DOF.TemporalAAQuality:1                ; more stable temporal accumulation]]
[2019.07.09-00.23.53:768][  0]LogConfig: Setting CVar [[r.DOF.Kernel.MaxForegroundRadius:0.025]]
[2019.07.09-00.23.53:768][  0]LogConfig: Setting CVar [[r.DOF.Kernel.MaxBackgroundRadius:0.025]]
[2019.07.09-00.23.53:768][  0]LogConfig: Applying CVar settings from Section [TextureQuality@3] File [/home/donovan/Documents/Unreal Projects/Labarynth/Project/Saved/Config/Linux/Scalability.ini]
[2019.07.09-00.23.53:768][  0]LogConfig: Setting CVar [[r.Streaming.MipBias:0]]
[2019.07.09-00.23.53:768][  0]LogConfig: Setting CVar [[r.Streaming.AmortizeCPUToGPUCopy:0]]
[2019.07.09-00.23.53:768][  0]LogConfig: Setting CVar [[r.Streaming.MaxNumTexturesToStreamPerFrame:0]]
[2019.07.09-00.23.53:768][  0]LogConfig: Setting CVar [[r.Streaming.Boost:1]]
[2019.07.09-00.23.53:768][  0]LogConfig: Setting CVar [[r.MaxAnisotropy:8]]
[2019.07.09-00.23.53:768][  0]LogConfig: Setting CVar [[r.Streaming.LimitPoolSizeToVRAM:0]]
[2019.07.09-00.23.53:768][  0]LogConfig: Setting CVar [[r.Streaming.PoolSize:1000]]
[2019.07.09-00.23.53:768][  0]LogConfig: Setting CVar [[r.Streaming.MaxEffectiveScreenSize:0]]
[2019.07.09-00.23.53:768][  0]LogConfig: Applying CVar settings from Section [EffectsQuality@3] File [/home/donovan/Documents/Unreal Projects/Labarynth/Project/Saved/Config/Linux/Scalability.ini]
[2019.07.09-00.23.53:768][  0]LogConfig: Setting CVar [[r.TranslucencyLightingVolumeDim:64]]
[2019.07.09-00.23.53:768][  0]LogConfig: Setting CVar [[r.RefractionQuality:2]]
[2019.07.09-00.23.53:768][  0]LogConfig: Setting CVar [[r.SSR.Quality:3]]
[2019.07.09-00.23.53:768][  0]LogConfig: Setting CVar [[r.SceneColorFormat:4]]
[2019.07.09-00.23.53:768][  0]LogConfig: Setting CVar [[r.DetailMode:2]]
[2019.07.09-00.23.53:769][  0]LogConfig: Setting CVar [[r.TranslucencyVolumeBlur:1]]
[2019.07.09-00.23.53:769][  0]LogConfig: Setting CVar [[r.MaterialQualityLevel:1 ; High quality]]
[2019.07.09-00.23.53:769][  0]LogConfig: Setting CVar [[r.SSS.Scale:1]]
[2019.07.09-00.23.53:769][  0]LogConfig: Setting CVar [[r.SSS.SampleSet:2]]
[2019.07.09-00.23.53:769][  0]LogConfig: Setting CVar [[r.SSS.Quality:1]]
[2019.07.09-00.23.53:769][  0]LogConfig: Setting CVar [[r.SSS.HalfRes:1]]
[2019.07.09-00.23.53:769][  0]LogConfig: Setting CVar [[r.EmitterSpawnRateScale:1.0]]
[2019.07.09-00.23.53:769][  0]LogConfig: Setting CVar [[r.ParticleLightQuality:2]]
[2019.07.09-00.23.53:769][  0]LogConfig: Applying CVar settings from Section [FoliageQuality@3] File [/home/donovan/Documents/Unreal Projects/Labarynth/Project/Saved/Config/Linux/Scalability.ini]
[2019.07.09-00.23.53:769][  0]LogConfig: Setting CVar [[foliage.DensityScale:1.0]]
[2019.07.09-00.23.53:769][  0]LogConfig: Setting CVar [[grass.DensityScale:1.0]]
[2019.07.09-00.23.53:769][  0]LogConfig: Applying CVar settings from Section [Startup] File [../../../Engine/Config/ConsoleVariables.ini]
[2019.07.09-00.23.53:769][  0]LogConfig: Setting CVar [[net.UseAdaptiveNetUpdateFrequency:0]]
[2019.07.09-00.23.53:769][  0]LogConfig: Setting CVar [[p.chaos.AllowCreatePhysxBodies:1]]
[2019.07.09-00.23.53:769][  0]LogConfig: Applying CVar settings from Section [ConsoleVariables] File [/home/donovan/Documents/Unreal Projects/Labarynth/Project/Saved/Config/Linux/Engine.ini]
[2019.07.09-00.23.53:769][  0]LogConfig: Setting CVar [[g.TimeoutForBlockOnRenderFence:60000]]
[2019.07.09-00.23.53:769][  0]LogInit: Unix hardware info:
[2019.07.09-00.23.53:769][  0]LogInit:  - we are not the first instance of this executable
[2019.07.09-00.23.53:769][  0]LogInit:  - this process' id (pid) is 23573, parent process' id (ppid) is 23117
[2019.07.09-00.23.53:769][  0]LogInit:  - we are not running under debugger
[2019.07.09-00.23.53:769][  0]LogInit:  - machine network name is 'donovan-FR'
[2019.07.09-00.23.53:769][  0]LogInit:  - user name is 'donovan' (donovan)
[2019.07.09-00.23.53:769][  0]LogInit:  - we're logged in locally
[2019.07.09-00.23.53:769][  0]LogInit:  - we're running with rendering
[2019.07.09-00.23.53:769][  0]LogInit:  - CPU: GenuineIntel 'Intel(R) Core(TM) i5-4570 CPU @ 3.20GHz' (signature: 0x306C3)
[2019.07.09-00.23.53:769][  0]LogInit:  - Number of physical cores available for the process: 4
[2019.07.09-00.23.53:769][  0]LogInit:  - Number of logical cores available for the process: 4
[2019.07.09-00.23.53:769][  0]LogInit:  - Cache line size: 64
[2019.07.09-00.23.53:769][  0]LogInit:  - Memory allocator used: binned2
[2019.07.09-00.23.53:769][  0]LogInit:  - This binary is optimized with LTO: no, PGO: no, instrumented for PGO data collection: no
[2019.07.09-00.23.53:769][  0]LogCore: Benchmarking clocks:
[2019.07.09-00.23.53:769][  0]LogCore:  - CLOCK_MONOTONIC (id=1) can sustain 53872257 (53872K, 54M) calls per second without zero deltas.
[2019.07.09-00.23.53:769][  0]LogCore:  - CLOCK_MONOTONIC_RAW (id=4) can sustain 2166984 (2167K, 2M) calls per second without zero deltas.
[2019.07.09-00.23.53:769][  0]LogCore:  - CLOCK_MONOTONIC_COARSE (id=6) can sustain 146968227 (146968K, 147M) calls per second with 99.999823% zero deltas.
[2019.07.09-00.23.53:769][  0]LogCore: Selected clock_id 1 (CLOCK_MONOTONIC) since it is the fastest support clock without zero deltas.
[2019.07.09-00.23.53:769][  0]LogInit: Unix-specific commandline switches:
[2019.07.09-00.23.53:769][  0]LogInit:  -ansimalloc - use malloc()/free() from libc (useful for tools like valgrind and electric fence)
[2019.07.09-00.23.53:769][  0]LogInit:  -jemalloc - use jemalloc for all memory allocation
[2019.07.09-00.23.53:769][  0]LogInit:  -binnedmalloc - use binned malloc  for all memory allocation
[2019.07.09-00.23.53:769][  0]LogInit:  -filemapcachesize=NUMBER - set the size for case-sensitive file mapping cache
[2019.07.09-00.23.53:769][  0]LogInit:  -useksm - uses kernel same-page mapping (KSM) for mapped memory (OFF)
[2019.07.09-00.23.53:769][  0]LogInit:  -ksmmergeall - marks all mmap'd memory pages suitable for KSM (OFF)
[2019.07.09-00.23.53:769][  0]LogInit:  -preloadmodulesymbols - Loads the main module symbols file into memory (OFF)
[2019.07.09-00.23.53:769][  0]LogInit:  -sigdfl=SIGNAL - Allows a specific signal to be set to its default handler rather then ignoring the signal
[2019.07.09-00.23.53:769][  0]LogInit:  -httpproxy=ADDRESS:PORT - redirects HTTP requests to a proxy (only supported if compiled with libcurl)
[2019.07.09-00.23.53:769][  0]LogInit:  -reuseconn - allow libcurl to reuse HTTP connections (only matters if compiled with libcurl)
[2019.07.09-00.23.53:769][  0]LogInit:  -virtmemkb=NUMBER - sets process virtual memory (address space) limit (overrides VirtualMemoryLimitInKB value from .ini)
[2019.07.09-00.23.53:770][  0]LogInit:  - Physical RAM available (not considering process quota): 10 GB (9931 MB, 10169852 KB, 10413928448 bytes)
[2019.07.09-00.23.53:770][  0]LogInit:  - VirtualMemoryAllocator pools will grow at scale 1.4
[2019.07.09-00.23.53:770][  0]LogInit:  - MemoryRangeDecommit() will be a no-op (re-run with -vmapoolevict to change)
[2019.07.09-00.23.53:942][  0]LogInit: Using OS detected language (en-US).
[2019.07.09-00.23.53:942][  0]LogInit: Using OS detected locale (en-US).
[2019.07.09-00.23.53:943][  0]LogTextLocalizationManager: No specific localization for 'en-US' exists, so the 'en' localization will be used.
[2019.07.09-00.23.54:841][  0]LogSlate: New Slate User Created.  User Index 0, Is Virtual User: 0
[2019.07.09-00.23.54:841][  0]LogSlate: Slate User Registered.  User Index 0, Is Virtual User: 0
[2019.07.09-00.23.55:034][  0]LogInit: Using SDL_WINDOW_VULKAN
[2019.07.09-00.23.55:049][  0]LogVulkanRHI: Display: - Found instance layer VK_LAYER_LUNARG_standard_validation
[2019.07.09-00.23.55:049][  0]LogVulkanRHI: Display: - Found instance layer VK_LAYER_VALVE_steam_fossilize_32
[2019.07.09-00.23.55:049][  0]LogVulkanRHI: Display: - Found instance layer VK_LAYER_VALVE_steam_fossilize_64
[2019.07.09-00.23.55:049][  0]LogVulkanRHI: Display: - Found instance layer VK_LAYER_VALVE_steam_overlay_32
[2019.07.09-00.23.55:049][  0]LogVulkanRHI: Display: - Found instance layer VK_LAYER_VALVE_steam_overlay_64
[2019.07.09-00.23.55:049][  0]LogVulkanRHI: Display: - Found instance extension VK_EXT_acquire_xlib_display
[2019.07.09-00.23.55:050][  0]LogVulkanRHI: Display: - Found instance extension VK_EXT_debug_report
[2019.07.09-00.23.55:050][  0]LogVulkanRHI: Display: - Found instance extension VK_EXT_debug_utils
[2019.07.09-00.23.55:050][  0]LogVulkanRHI: Display: - Found instance extension VK_EXT_direct_mode_display
[2019.07.09-00.23.55:050][  0]LogVulkanRHI: Display: - Found instance extension VK_EXT_display_surface_counter
[2019.07.09-00.23.55:050][  0]LogVulkanRHI: Display: - Found instance extension VK_KHR_device_group_creation
[2019.07.09-00.23.55:050][  0]LogVulkanRHI: Display: - Found instance extension VK_KHR_display
[2019.07.09-00.23.55:050][  0]LogVulkanRHI: Display: - Found instance extension VK_KHR_external_fence_capabilities
[2019.07.09-00.23.55:050][  0]LogVulkanRHI: Display: - Found instance extension VK_KHR_external_memory_capabilities
[2019.07.09-00.23.55:050][  0]LogVulkanRHI: Display: - Found instance extension VK_KHR_external_semaphore_capabilities
[2019.07.09-00.23.55:050][  0]LogVulkanRHI: Display: - Found instance extension VK_KHR_get_physical_device_properties2
[2019.07.09-00.23.55:050][  0]LogVulkanRHI: Display: - Found instance extension VK_KHR_get_surface_capabilities2
[2019.07.09-00.23.55:050][  0]LogVulkanRHI: Display: - Found instance extension VK_KHR_surface
[2019.07.09-00.23.55:050][  0]LogVulkanRHI: Display: - Found instance extension VK_KHR_xcb_surface
[2019.07.09-00.23.55:050][  0]LogVulkanRHI: Display: - Found instance extension VK_KHR_xlib_surface
[2019.07.09-00.23.55:050][  0]LogHMD: Failed to initialize OpenVR with code 110
[2019.07.09-00.23.55:050][  0]LogVulkanRHI: Display: Not using instance layers
[2019.07.09-00.23.55:050][  0]LogVulkanRHI: Display: Using instance extensions
[2019.07.09-00.23.55:050][  0]LogVulkanRHI: Display: * VK_KHR_surface
[2019.07.09-00.23.55:050][  0]LogVulkanRHI: Display: * VK_KHR_xlib_surface
[2019.07.09-00.23.55:053][  0]LogVulkanRHI: Display: Found 1 device(s)
[2019.07.09-00.23.55:054][  0]LogVulkanRHI: Display: Device 0: GeForce GTX 1060 6GB
[2019.07.09-00.23.55:054][  0]LogVulkanRHI: Display: - API 1.1.95(0x40105f) Driver 0x6890c000 VendorId 0x10de
[2019.07.09-00.23.55:054][  0]LogVulkanRHI: Display: - DeviceID 0x1c03 Type Discrete GPU
[2019.07.09-00.23.55:054][  0]LogVulkanRHI: Display: - Max Descriptor Sets Bound 32 Timestamps 1
[2019.07.09-00.23.55:054][  0]LogVulkanRHI: Display: Using Device 0: Geometry 1 Tessellation 1
[2019.07.09-00.23.55:054][  0]LogVulkanRHI: Display: - Found device extension VK_EXT_blend_operation_advanced
[2019.07.09-00.23.55:054][  0]LogVulkanRHI: Display: - Found device extension VK_EXT_conditional_rendering
[2019.07.09-00.23.55:054][  0]LogVulkanRHI: Display: - Found device extension VK_EXT_conservative_rasterization
[2019.07.09-00.23.55:054][  0]LogVulkanRHI: Display: - Found device extension VK_EXT_depth_range_unrestricted
[2019.07.09-00.23.55:054][  0]LogVulkanRHI: Display: - Found device extension VK_EXT_descriptor_indexing
[2019.07.09-00.23.55:054][  0]LogVulkanRHI: Display: - Found device extension VK_EXT_discard_rectangles
[2019.07.09-00.23.55:054][  0]LogVulkanRHI: Display: - Found device extension VK_EXT_display_control
[2019.07.09-00.23.55:054][  0]LogVulkanRHI: Display: - Found device extension VK_EXT_global_priority
[2019.07.09-00.23.55:054][  0]LogVulkanRHI: Display: - Found device extension VK_EXT_inline_uniform_block
[2019.07.09-00.23.55:054][  0]LogVulkanRHI: Display: - Found device extension VK_EXT_post_depth_coverage
[2019.07.09-00.23.55:054][  0]LogVulkanRHI: Display: - Found device extension VK_EXT_sample_locations
[2019.07.09-00.23.55:054][  0]LogVulkanRHI: Display: - Found device extension VK_EXT_sampler_filter_minmax
[2019.07.09-00.23.55:054][  0]LogVulkanRHI: Display: - Found device extension VK_EXT_scalar_block_layout
[2019.07.09-00.23.55:054][  0]LogVulkanRHI: Display: - Found device extension VK_EXT_shader_subgroup_ballot
[2019.07.09-00.23.55:054][  0]LogVulkanRHI: Display: - Found device extension VK_EXT_shader_subgroup_vote
[2019.07.09-00.23.55:054][  0]LogVulkanRHI: Display: - Found device extension VK_EXT_shader_viewport_index_layer
[2019.07.09-00.23.55:054][  0]LogVulkanRHI: Display: - Found device extension VK_EXT_transform_feedback
[2019.07.09-00.23.55:054][  0]LogVulkanRHI: Display: - Found device extension VK_EXT_vertex_attribute_divisor
[2019.07.09-00.23.55:054][  0]LogVulkanRHI: Display: - Found device extension VK_KHR_16bit_storage
[2019.07.09-00.23.55:054][  0]LogVulkanRHI: Display: - Found device extension VK_KHR_8bit_storage
[2019.07.09-00.23.55:054][  0]LogVulkanRHI: Display: - Found device extension VK_KHR_bind_memory2
[2019.07.09-00.23.55:054][  0]LogVulkanRHI: Display: - Found device extension VK_KHR_create_renderpass2
[2019.07.09-00.23.55:054][  0]LogVulkanRHI: Display: - Found device extension VK_KHR_dedicated_allocation
[2019.07.09-00.23.55:054][  0]LogVulkanRHI: Display: - Found device extension VK_KHR_depth_stencil_resolve
[2019.07.09-00.23.55:054][  0]LogVulkanRHI: Display: - Found device extension VK_KHR_descriptor_update_template
[2019.07.09-00.23.55:054][  0]LogVulkanRHI: Display: - Found device extension VK_KHR_device_group
[2019.07.09-00.23.55:054][  0]LogVulkanRHI: Display: - Found device extension VK_KHR_draw_indirect_count
[2019.07.09-00.23.55:054][  0]LogVulkanRHI: Display: - Found device extension VK_KHR_driver_properties
[2019.07.09-00.23.55:054][  0]LogVulkanRHI: Display: - Found device extension VK_KHR_external_fence
[2019.07.09-00.23.55:054][  0]LogVulkanRHI: Display: - Found device extension VK_KHR_external_fence_fd
[2019.07.09-00.23.55:054][  0]LogVulkanRHI: Display: - Found device extension VK_KHR_external_memory
[2019.07.09-00.23.55:054][  0]LogVulkanRHI: Display: - Found device extension VK_KHR_external_memory_fd
[2019.07.09-00.23.55:054][  0]LogVulkanRHI: Display: - Found device extension VK_KHR_external_semaphore
[2019.07.09-00.23.55:054][  0]LogVulkanRHI: Display: - Found device extension VK_KHR_external_semaphore_fd
[2019.07.09-00.23.55:054][  0]LogVulkanRHI: Display: - Found device extension VK_KHR_get_memory_requirements2
[2019.07.09-00.23.55:054][  0]LogVulkanRHI: Display: - Found device extension VK_KHR_image_format_list
[2019.07.09-00.23.55:054][  0]LogVulkanRHI: Display: - Found device extension VK_KHR_maintenance1
[2019.07.09-00.23.55:054][  0]LogVulkanRHI: Display: - Found device extension VK_KHR_maintenance2
[2019.07.09-00.23.55:054][  0]LogVulkanRHI: Display: - Found device extension VK_KHR_maintenance3
[2019.07.09-00.23.55:054][  0]LogVulkanRHI: Display: - Found device extension VK_KHR_multiview
[2019.07.09-00.23.55:054][  0]LogVulkanRHI: Display: - Found device extension VK_KHR_push_descriptor
[2019.07.09-00.23.55:054][  0]LogVulkanRHI: Display: - Found device extension VK_KHR_relaxed_block_layout
[2019.07.09-00.23.55:054][  0]LogVulkanRHI: Display: - Found device extension VK_KHR_sampler_mirror_clamp_to_edge
[2019.07.09-00.23.55:054][  0]LogVulkanRHI: Display: - Found device extension VK_KHR_sampler_ycbcr_conversion
[2019.07.09-00.23.55:054][  0]LogVulkanRHI: Display: - Found device extension VK_KHR_shader_atomic_int64
[2019.07.09-00.23.55:054][  0]LogVulkanRHI: Display: - Found device extension VK_KHR_shader_draw_parameters
[2019.07.09-00.23.55:054][  0]LogVulkanRHI: Display: - Found device extension VK_KHR_shader_float16_int8
[2019.07.09-00.23.55:054][  0]LogVulkanRHI: Display: - Found device extension VK_KHR_shader_float_controls
[2019.07.09-00.23.55:054][  0]LogVulkanRHI: Display: - Found device extension VK_KHR_storage_buffer_storage_class
[2019.07.09-00.23.55:054][  0]LogVulkanRHI: Display: - Found device extension VK_KHR_swapchain
[2019.07.09-00.23.55:054][  0]LogVulkanRHI: Display: - Found device extension VK_KHR_swapchain_mutable_format
[2019.07.09-00.23.55:054][  0]LogVulkanRHI: Display: - Found device extension VK_KHR_variable_pointers
[2019.07.09-00.23.55:054][  0]LogVulkanRHI: Display: - Found device extension VK_KHR_vulkan_memory_model
[2019.07.09-00.23.55:054][  0]LogVulkanRHI: Display: - Found device extension VK_NV_clip_space_w_scaling
[2019.07.09-00.23.55:054][  0]LogVulkanRHI: Display: - Found device extension VK_NV_dedicated_allocation
[2019.07.09-00.23.55:054][  0]LogVulkanRHI: Display: - Found device extension VK_NV_device_diagnostic_checkpoints
[2019.07.09-00.23.55:054][  0]LogVulkanRHI: Display: - Found device extension VK_NV_fill_rectangle
[2019.07.09-00.23.55:054][  0]LogVulkanRHI: Display: - Found device extension VK_NV_fragment_coverage_to_color
[2019.07.09-00.23.55:054][  0]LogVulkanRHI: Display: - Found device extension VK_NV_framebuffer_mixed_samples
[2019.07.09-00.23.55:054][  0]LogVulkanRHI: Display: - Found device extension VK_NV_geometry_shader_passthrough
[2019.07.09-00.23.55:054][  0]LogVulkanRHI: Display: - Found device extension VK_NV_ray_tracing
[2019.07.09-00.23.55:054][  0]LogVulkanRHI: Display: - Found device extension VK_NV_sample_mask_override_coverage
[2019.07.09-00.23.55:054][  0]LogVulkanRHI: Display: - Found device extension VK_NV_shader_subgroup_partitioned
[2019.07.09-00.23.55:054][  0]LogVulkanRHI: Display: - Found device extension VK_NV_viewport_array2
[2019.07.09-00.23.55:054][  0]LogVulkanRHI: Display: - Found device extension VK_NV_viewport_swizzle
[2019.07.09-00.23.55:054][  0]LogVulkanRHI: Display: - Found device extension VK_NVX_device_generated_commands
[2019.07.09-00.23.55:054][  0]LogVulkanRHI: Display: - Found device extension VK_NVX_multiview_per_view_attributes
[2019.07.09-00.23.55:054][  0]LogVulkanRHI: Display: Using device extensions
[2019.07.09-00.23.55:054][  0]LogVulkanRHI: Display: * VK_KHR_swapchain
[2019.07.09-00.23.55:054][  0]LogVulkanRHI: Display: * VK_KHR_maintenance1
[2019.07.09-00.23.55:055][  0]LogVulkanRHI: Display: * VK_KHR_maintenance2
[2019.07.09-00.23.55:055][  0]LogVulkanRHI: Display: Found 3 Queue Families
[2019.07.09-00.23.55:055][  0]LogVulkanRHI: Display: Initializing Queue Family 0: 16 queues Gfx Compute Xfer Sparse
[2019.07.09-00.23.55:055][  0]LogVulkanRHI: Display: Initializing Queue Family 1: 1 queues Xfer
[2019.07.09-00.23.55:055][  0]LogVulkanRHI: Display: Skipping unnecessary Queue Family 2: 8 queues Compute
[2019.07.09-00.23.55:455][  0]LogVulkanRHI: Display: 2 Device Memory Heaps; Max memory allocations -1
[2019.07.09-00.23.55:455][  0]LogVulkanRHI: Display: 0: Flags 0x1 Size 6442450944 (6144.00 MB) GPU
[2019.07.09-00.23.55:455][  0]LogVulkanRHI: Display: 1: Flags 0x0 Size 7810446336 (7448.62 MB) 
[2019.07.09-00.23.55:455][  0]LogVulkanRHI: Display: 11 Device Memory Types (Not unified)
[2019.07.09-00.23.55:455][  0]LogVulkanRHI: Display: 0: Flags 0x0 Heap 1 
[2019.07.09-00.23.55:455][  0]LogVulkanRHI: Display: 1: Flags 0x0 Heap 1 
[2019.07.09-00.23.55:455][  0]LogVulkanRHI: Display: 2: Flags 0x0 Heap 1 
[2019.07.09-00.23.55:455][  0]LogVulkanRHI: Display: 3: Flags 0x0 Heap 1 
[2019.07.09-00.23.55:455][  0]LogVulkanRHI: Display: 4: Flags 0x0 Heap 1 
[2019.07.09-00.23.55:455][  0]LogVulkanRHI: Display: 5: Flags 0x0 Heap 1 
[2019.07.09-00.23.55:455][  0]LogVulkanRHI: Display: 6: Flags 0x0 Heap 1 
[2019.07.09-00.23.55:455][  0]LogVulkanRHI: Display: 7: Flags 0x1 Heap 0  Local
[2019.07.09-00.23.55:455][  0]LogVulkanRHI: Display: 8: Flags 0x1 Heap 0  Local
[2019.07.09-00.23.55:455][  0]LogVulkanRHI: Display: 9: Flags 0x6 Heap 1  HostVisible HostCoherent
[2019.07.09-00.23.55:455][  0]LogVulkanRHI: Display: 10: Flags 0xe Heap 1  HostVisible HostCoherent HostCached
[2019.07.09-00.23.55:483][  0]LogVulkanRHI: Display: FVulkanPipelineStateCacheManager: Binary pipeline cache '../../../../../home/donovan/Documents/Unreal Projects/Labarynth/Project/Saved/VulkanPSO.cache.10de.1c03' not found.
[2019.07.09-00.23.55:500][  0]LogVulkanRHI: Display: Nvidia User Driver Version = 418.67
[2019.07.09-00.23.55:521][  0]LogRendererCore: FGlobalReadBuffer::InitRHI
[2019.07.09-00.23.55:522][  0]LogRendererCore: FGlobalReadBuffer::InitRHI
[2019.07.09-00.23.55:522][  0]LogRendererCore: FGlobalReadBuffer::InitRHI
[2019.07.09-00.23.55:529][  0]LogRHI: Texture pool is 4085 MB (70% of 5836 MB)
[2019.07.09-00.23.56:445][  0]LogTemp: Display: Module 'AllDesktopTargetPlatform' loaded TargetPlatform 'AllDesktop'
[2019.07.09-00.23.56:618][  0]LogTemp: Display: Module 'HTML5TargetPlatform' loaded TargetPlatform 'HTML5'
[2019.07.09-00.23.56:803][  0]LogTemp: Display: Module 'LinuxClientTargetPlatform' loaded TargetPlatform 'LinuxClient'
[2019.07.09-00.23.56:985][  0]LogTemp: Display: Module 'LinuxNoEditorTargetPlatform' loaded TargetPlatform 'LinuxNoEditor'
[2019.07.09-00.23.57:166][  0]LogTemp: Display: Module 'LinuxServerTargetPlatform' loaded TargetPlatform 'LinuxServer'
[2019.07.09-00.23.57:340][  0]LogTemp: Display: Module 'LinuxTargetPlatform' loaded TargetPlatform 'Linux'
[2019.07.09-00.23.57:575][  0]LogTemp: Display: Module 'AndroidTargetPlatform' loaded TargetPlatform 'Android'
[2019.07.09-00.23.57:575][  0]LogTemp: Display: Module 'AndroidTargetPlatform' loaded TargetPlatform 'Android_ASTC'
[2019.07.09-00.23.57:575][  0]LogTemp: Display: Module 'AndroidTargetPlatform' loaded TargetPlatform 'Android_ATC'
[2019.07.09-00.23.57:575][  0]LogTemp: Display: Module 'AndroidTargetPlatform' loaded TargetPlatform 'Android_DXT'
[2019.07.09-00.23.57:575][  0]LogTemp: Display: Module 'AndroidTargetPlatform' loaded TargetPlatform 'Android_ETC1'
[2019.07.09-00.23.57:575][  0]LogTemp: Display: Module 'AndroidTargetPlatform' loaded TargetPlatform 'Android_ETC1a'
[2019.07.09-00.23.57:575][  0]LogTemp: Display: Module 'AndroidTargetPlatform' loaded TargetPlatform 'Android_ETC2'
[2019.07.09-00.23.57:575][  0]LogTemp: Display: Module 'AndroidTargetPlatform' loaded TargetPlatform 'Android_PVRTC'
[2019.07.09-00.23.57:575][  0]LogTemp: Display: Module 'AndroidTargetPlatform' loaded TargetPlatform 'AndroidClient'
[2019.07.09-00.23.57:575][  0]LogTemp: Display: Module 'AndroidTargetPlatform' loaded TargetPlatform 'Android_ASTCClient'
[2019.07.09-00.23.57:575][  0]LogTemp: Display: Module 'AndroidTargetPlatform' loaded TargetPlatform 'Android_ATCClient'
[2019.07.09-00.23.57:575][  0]LogTemp: Display: Module 'AndroidTargetPlatform' loaded TargetPlatform 'Android_DXTClient'
[2019.07.09-00.23.57:575][  0]LogTemp: Display: Module 'AndroidTargetPlatform' loaded TargetPlatform 'Android_ETC1Client'
[2019.07.09-00.23.57:575][  0]LogTemp: Display: Module 'AndroidTargetPlatform' loaded TargetPlatform 'Android_ETC1aClient'
[2019.07.09-00.23.57:575][  0]LogTemp: Display: Module 'AndroidTargetPlatform' loaded TargetPlatform 'Android_ETC2Client'
[2019.07.09-00.23.57:575][  0]LogTemp: Display: Module 'AndroidTargetPlatform' loaded TargetPlatform 'Android_PVRTCClient'
[2019.07.09-00.23.57:575][  0]LogTemp: Display: Module 'AndroidTargetPlatform' loaded TargetPlatform 'Android_Multi'
[2019.07.09-00.23.57:575][  0]LogTemp: Display: Module 'AndroidTargetPlatform' loaded TargetPlatform 'Android_MultiClient'
[2019.07.09-00.23.57:575][  0]LogTargetPlatformManager: Display: Building Assets For Linux
[2019.07.09-00.23.58:080][  0]LogShaderCompilers: Guid format shader working directory is 14 characters bigger than the processId version (../../../../../home/donovan/Documents/Unreal Projects/Labarynth/Project/Intermediate/Shaders/WorkingDirectory/23573/).
[2019.07.09-00.23.58:080][  0]LogShaderCompilers: Cleaned the shader compiler working directory '../../../../../home/donovan/Documents/Unreal Projects/Labarynth/Project/Intermediate/Shaders/tmp/00056C3508D703C90F92C52890AED7C4/'.
[2019.07.09-00.23.58:080][  0]LogShaderCompilers: Display: Using Local Shader Compiler.
[2019.07.09-00.23.59:131][  0]LogDerivedDataCache: Display: Max Cache Size: 512 MB
[2019.07.09-00.23.59:218][  0]LogDerivedDataCache: Loaded boot cache 0.09s 95MB ../../../../../home/donovan/Documents/Unreal Projects/Labarynth/Project/DerivedDataCache/Boot.ddc.
[2019.07.09-00.23.59:218][  0]LogDerivedDataCache: Display: Loaded Boot cache: ../../../../../home/donovan/Documents/Unreal Projects/Labarynth/Project/DerivedDataCache/Boot.ddc
[2019.07.09-00.23.59:219][  0]LogDerivedDataCache: FDerivedDataBackendGraph:  Pak pak cache file ../../../../../home/donovan/Documents/Unreal Projects/Labarynth/Project/DerivedDataCache/DDC.ddp not found, will not use a pak cache.
[2019.07.09-00.23.59:219][  0]LogDerivedDataCache: Unable to find inner node Pak for hierarchical cache Hierarchy.
[2019.07.09-00.23.59:219][  0]LogDerivedDataCache: FDerivedDataBackendGraph:  EnginePak pak cache file ../../../Engine/DerivedDataCache/DDC.ddp not found, will not use a pak cache.
[2019.07.09-00.23.59:219][  0]LogDerivedDataCache: Unable to find inner node EnginePak for hierarchical cache Hierarchy.
[2019.07.09-00.23.59:219][  0]LogDerivedDataCache: Using Local data cache path ../../../Engine/DerivedDataCache: Writable
[2019.07.09-00.23.59:219][  0]LogDerivedDataCache: Shared data cache path not found in *engine.ini, will not use an Shared cache.
[2019.07.09-00.23.59:219][  0]LogDerivedDataCache: Unable to find inner node Shared for hierarchical cache Hierarchy.
[2019.07.09-00.23.59:249][  0]LogMaterial: Verifying Global Shaders for SF_VULKAN_SM5_NOUB
[2019.07.09-00.23.59:250][  0]LogSlate: Using FreeType 2.6.0
[2019.07.09-00.23.59:251][  0]LogSlate: SlateFontServices - WITH_FREETYPE: 1, WITH_HARFBUZZ: 0
[2019.07.09-00.23.59:331][  0]LogInit: Using OS detected language (en-US).
[2019.07.09-00.23.59:331][  0]LogInit: Using OS detected locale (en-US).
[2019.07.09-00.23.59:332][  0]LogTextLocalizationManager: No localization for 'en-US' exists, so 'en' will be used for the language.
[2019.07.09-00.23.59:332][  0]LogTextLocalizationManager: No localization for 'en-US' exists, so 'en' will be used for the locale.
[2019.07.09-00.23.59:332][  0]LogSlate: FontCache flush requested. Reason: Culture for localization was changed
[2019.07.09-00.23.59:332][  0]LogSlate: FontCache flush requested. Reason: Culture for localization was changed
[2019.07.09-00.23.59:340][  0]LogTextLocalizationManager: Compacting localization data took   7.76ms
[2019.07.09-00.23.59:347][  0]LogAssetRegistry: FAssetRegistry took 0.0031 seconds to start up
[2019.07.09-00.23.59:548][  0]LogPackageLocalizationCache: Processed 10 localized package path(s) for 1 prioritized culture(s) in 0.000311 seconds
[2019.07.09-00.23.59:629][  0]LogLinux: Selected Device Profile: [Linux]
[2019.07.09-00.24.00:394][  0]LogMeshReduction: Using QuadricMeshReduction for automatic static mesh reduction
[2019.07.09-00.24.00:394][  0]LogMeshReduction: Using SimplygonMeshReduction for automatic skeletal mesh reduction
[2019.07.09-00.24.00:394][  0]LogMeshReduction: No automatic mesh merging module available
[2019.07.09-00.24.00:394][  0]LogMeshReduction: No distributed automatic mesh merging module available
[2019.07.09-00.24.00:394][  0]LogMeshMerging: No automatic mesh merging module available
[2019.07.09-00.24.00:394][  0]LogMeshMerging: No distributed automatic mesh merging module available
[2019.07.09-00.24.00:401][  0]LogNetVersion: Labarynth 1.0.0, NetCL: 0, EngineNetVer: 10, GameNetVer: 0 (Checksum: 1462557434)
[2019.07.09-00.24.01:077][  0]LogHAL: Linux SourceCodeAccessSettings: NullSourceCodeAccessor
[2019.07.09-00.24.04:025][  0]LogMoviePlayer: Initializing movie player
[2019.07.09-00.24.04:414][  0]LogVulkanRHI: Display: Requested PixelFormat 18 not supported by this swapchain! Falling back to supported swapchain format...
[2019.07.09-00.24.04:414][  0]LogVulkanRHI: Display: Queue Family 0: Supports Present
[2019.07.09-00.24.04:414][  0]LogVulkanRHI: Display: Queue Family 0: Supports Present
[2019.07.09-00.24.04:414][  0]LogVulkanRHI: Display: Found 3 Surface present modes:
[2019.07.09-00.24.04:414][  0]LogVulkanRHI: Display: - VK_PRESENT_MODE_FIFO_KHR (2)
[2019.07.09-00.24.04:414][  0]LogVulkanRHI: Display: - VK_PRESENT_MODE_FIFO_RELAXED_KHR (3)
[2019.07.09-00.24.04:414][  0]LogVulkanRHI: Display: - VK_PRESENT_MODE_IMMEDIATE_KHR (0)
[2019.07.09-00.24.04:414][  0]LogVulkanRHI: Display: Selected VkPresentModeKHR mode 2
[2019.07.09-00.24.06:050][  0]LogTcpMessaging: Initializing TcpMessaging bridge
[2019.07.09-00.24.06:053][  0]LogUdpMessaging: Initializing bridge on interface 0.0.0.0:0 to multicast group 230.0.0.1:6666.
[2019.07.09-00.24.07:381][  0]SourceControl: Source control is disabled
[2019.07.09-00.24.07:381][  0]SourceControl: Source control is disabled
[2019.07.09-00.24.08:033][  0]SourceControl: Source control is disabled
[2019.07.09-00.24.11:714][  0]LogAndroidPermission: UAndroidPermissionCallbackProxy::GetInstance
[2019.07.09-00.24.11:722][  0]LogUObjectArray: 45538 objects as part of root set at end of initial load.
[2019.07.09-00.24.11:722][  0]LogUObjectAllocator: 8009464 out of 0 bytes used by permanent object pool.
[2019.07.09-00.24.11:722][  0]LogUObjectArray: CloseDisregardForGC: 0/0 objects in disregard for GC pool
[2019.07.09-00.24.12:032][  0]LogEngine: Initializing Engine...
[2019.07.09-00.24.12:032][  0]LogHMD: Failed to initialize OpenVR with code 110
[2019.07.09-00.24.12:033][  0]LogStats: UGameplayTagsManager::InitializeManager -  0.000 s
[2019.07.09-00.24.12:280][  0]LogInit: Initializing FReadOnlyCVARCache
[2019.07.09-00.24.12:281][  0]LogAudioMixer: Display: Audio Mixer Platform Settings:
[2019.07.09-00.24.12:281][  0]LogAudioMixer: Display: 	Sample Rate:						  48000
[2019.07.09-00.24.12:281][  0]LogAudioMixer: Display: 	Callback Buffer Frame Size Requested: 1024
[2019.07.09-00.24.12:281][  0]LogAudioMixer: Display: 	Callback Buffer Frame Size To Use:	  1024
[2019.07.09-00.24.12:281][  0]LogAudioMixer: Display: 	Number of buffers to queue:			  2
[2019.07.09-00.24.12:281][  0]LogAudioMixer: Display: 	Max Channels (voices):				  0
[2019.07.09-00.24.12:281][  0]LogAudioMixer: Display: 	Number of Async Source Workers:		  0
[2019.07.09-00.24.12:282][  0]LogAudioMixer: Display: Initializing audio mixer.
[2019.07.09-00.24.12:293][  0]LogAudioMixerSDL: Display: Initialized SDL using pulseaudio platform API backend.
[2019.07.09-00.24.12:586][  0]LogInit: FAudioDevice initialized.
[2019.07.09-00.24.12:587][  0]LogNetVersion: Set ProjectVersion to 1.0.0.0. Version Checksum will be recalculated on next use.
[2019.07.09-00.24.12:593][  0]LogInit: Texture streaming: Enabled
[2019.07.09-00.24.13:482][  0]LogSlate: Updating window title bar state: overlay mode, drag disabled, window buttons hidden, title bar hidden
[2019.07.09-00.24.13:483][  0]LogInit: Display: Game Engine Initialized.
[2019.07.09-00.24.13:629][  0]LogInit: Display: Starting Game.
[2019.07.09-00.24.13:629][  0]LogNet: Browse: /Game/FirstPersonBP/Maps/FirstPersonExampleMap?Name=Player
[2019.07.09-00.24.13:630][  0]LogLoad: LoadMap: /Game/FirstPersonBP/Maps/FirstPersonExampleMap?Name=Player
[2019.07.09-00.24.13:655][  0]LogAudioMixer: Display: No commands were queued while flushing the source manager.
[2019.07.09-00.24.13:658][  0]LogUObjectHash: Compacting FUObjectHashTables data took   2.62ms
[2019.07.09-00.24.14:865][  0]LogAIModule: Creating AISystem for world FirstPersonExampleMap
[2019.07.09-00.24.14:865][  0]LogLoad: Game class is 'MyChunkerGameMode_C'
[2019.07.09-00.24.14:869][  0]LogWorld: Bringing World /Game/FirstPersonBP/Maps/FirstPersonExampleMap.FirstPersonExampleMap up for play (max tick rate 0) at 2019.07.08-17.24.14
[2019.07.09-00.24.14:870][  0]LogWorld: Bringing up level for play took: 0.003898
[2019.07.09-00.24.14:878][  0]LogLoad: Took 1.247442 seconds to LoadMap(/Game/FirstPersonBP/Maps/FirstPersonExampleMap)
[2019.07.09-00.24.15:594][  0]LogRenderer: Reallocating scene render targets to support 1280x720 Format 10 NumSamples 1 (Frame:1).
[2019.07.09-00.24.15:594][  0]LogLoad: (Engine Initialization) Total time: 25.44 seconds
[2019.07.09-00.24.15:594][  0]LogLoad: (Engine Initialization) Total Blueprint compile time: 0.00 seconds
[2019.07.09-00.24.15:818][  0]LogInit: Adding external input plugin.
[2019.07.09-00.24.15:821][  0]LogContentStreaming: Texture pool size now 1000 MB
[2019.07.09-00.24.16:040][  1]LogTemp: Warning: Spawning new chunk at X=-1 Y=-1
[2019.07.09-00.24.16:040][  1]LogTemp: Warning: Try X: -1 Y: -1
[2019.07.09-00.24.16:056][  1]LogTemp: Warning: Spawning new chunk at X=-1 Y=0
[2019.07.09-00.24.16:056][  1]LogTemp: Warning: Try X: -1 Y: 0
[2019.07.09-00.24.16:056][  1]LogTemp: Warning: Try X: -1 Y: 0
[2019.07.09-00.24.16:071][  1]LogTemp: Warning: Spawning new chunk at X=-1 Y=1
[2019.07.09-00.24.16:071][  1]LogTemp: Warning: Try X: -1 Y: 1
[2019.07.09-00.24.16:084][  1]LogTemp: Warning: Spawning new chunk at X=0 Y=-1
[2019.07.09-00.24.16:084][  1]LogTemp: Warning: Try X: 0 Y: -1
[2019.07.09-00.24.16:095][  1]LogTemp: Warning: Spawning new chunk at X=0 Y=1
[2019.07.09-00.24.16:095][  1]LogTemp: Warning: Try X: 0 Y: 1
[2019.07.09-00.24.16:105][  1]LogTemp: Warning: Spawning new chunk at X=1 Y=-1
[2019.07.09-00.24.16:105][  1]LogTemp: Warning: Try X: 1 Y: -1
[2019.07.09-00.24.16:119][  1]LogTemp: Warning: Spawning new chunk at X=1 Y=0
[2019.07.09-00.24.16:119][  1]LogTemp: Warning: Try X: 1 Y: 0
[2019.07.09-00.24.16:119][  1]LogTemp: Warning: Try X: 1 Y: 0
[2019.07.09-00.24.16:131][  1]LogTemp: Warning: Spawning new chunk at X=1 Y=1
[2019.07.09-00.24.16:131][  1]LogTemp: Warning: Try X: 1 Y: 1
[2019.07.09-00.24.18:375][121]LogRenderer: Reallocating scene render targets to support 1920x1080 Format 10 NumSamples 1 (Frame:123).
[2019.07.09-00.24.18:552][121]LogConfig: Applying CVar settings from Section [ViewDistanceQuality@3] File [/home/donovan/Documents/Unreal Projects/Labarynth/Project/Saved/Config/Linux/Scalability.ini]
[2019.07.09-00.24.18:552][121]LogConfig: Setting CVar [[r.SkeletalMeshLODBias:0]]
[2019.07.09-00.24.18:552][121]LogConfig: Setting CVar [[r.ViewDistanceScale:1.0]]
[2019.07.09-00.24.18:553][121]LogConfig: Applying CVar settings from Section [AntiAliasingQuality@3] File [/home/donovan/Documents/Unreal Projects/Labarynth/Project/Saved/Config/Linux/Scalability.ini]
[2019.07.09-00.24.18:553][121]LogConfig: Setting CVar [[r.PostProcessAAQuality:4]]
[2019.07.09-00.24.18:553][121]LogConfig: Applying CVar settings from Section [ShadowQuality@3] File [/home/donovan/Documents/Unreal Projects/Labarynth/Project/Saved/Config/Linux/Scalability.ini]
[2019.07.09-00.24.18:553][121]LogConfig: Setting CVar [[r.LightFunctionQuality:1]]
[2019.07.09-00.24.18:553][121]LogConfig: Setting CVar [[r.ShadowQuality:5]]
[2019.07.09-00.24.18:553][121]LogConfig: Setting CVar [[r.Shadow.CSM.MaxCascades:10]]
[2019.07.09-00.24.18:553][121]LogConfig: Setting CVar [[r.Shadow.MaxResolution:2048]]
[2019.07.09-00.24.18:553][121]LogConfig: Setting CVar [[r.Shadow.MaxCSMResolution:2048]]
[2019.07.09-00.24.18:553][121]LogConfig: Setting CVar [[r.Shadow.RadiusThreshold:0.01]]
[2019.07.09-00.24.18:553][121]LogConfig: Setting CVar [[r.Shadow.DistanceScale:1.0]]
[2019.07.09-00.24.18:553][121]LogConfig: Setting CVar [[r.Shadow.CSM.TransitionScale:1.0]]
[2019.07.09-00.24.18:553][121]LogConfig: Setting CVar [[r.Shadow.PreShadowResolutionFactor:1.0]]
[2019.07.09-00.24.18:553][121]LogConfig: Setting CVar [[r.DistanceFieldShadowing:1]]
[2019.07.09-00.24.18:553][121]LogConfig: Setting CVar [[r.DistanceFieldAO:1]]
[2019.07.09-00.24.18:553][121]LogConfig: Setting CVar [[r.AOQuality:2]]
[2019.07.09-00.24.18:553][121]LogConfig: Setting CVar [[r.VolumetricFog:1]]
[2019.07.09-00.24.18:553][121]LogConfig: Setting CVar [[r.VolumetricFog.GridPixelSize:8]]
[2019.07.09-00.24.18:553][121]LogConfig: Setting CVar [[r.VolumetricFog.GridSizeZ:128]]
[2019.07.09-00.24.18:553][121]LogConfig: Setting CVar [[r.VolumetricFog.HistoryMissSupersampleCount:4]]
[2019.07.09-00.24.18:553][121]LogConfig: Setting CVar [[r.LightMaxDrawDistanceScale:1]]
[2019.07.09-00.24.18:553][121]LogConfig: Setting CVar [[r.CapsuleShadows:1]]
[2019.07.09-00.24.18:553][121]LogConfig: Applying CVar settings from Section [PostProcessQuality@3] File [/home/donovan/Documents/Unreal Projects/Labarynth/Project/Saved/Config/Linux/Scalability.ini]
[2019.07.09-00.24.18:553][121]LogConfig: Setting CVar [[r.MotionBlurQuality:4]]
[2019.07.09-00.24.18:553][121]LogConfig: Setting CVar [[r.AmbientOcclusionMipLevelFactor:0.4]]
[2019.07.09-00.24.18:553][121]LogConfig: Setting CVar [[r.AmbientOcclusionMaxQuality:100]]
[2019.07.09-00.24.18:553][121]LogConfig: Setting CVar [[r.AmbientOcclusionLevels:-1]]
[2019.07.09-00.24.18:553][121]LogConfig: Setting CVar [[r.AmbientOcclusionRadiusScale:1.0]]
[2019.07.09-00.24.18:553][121]LogConfig: Setting CVar [[r.DepthOfFieldQuality:2]]
[2019.07.09-00.24.18:553][121]LogConfig: Setting CVar [[r.RenderTargetPoolMin:400]]
[2019.07.09-00.24.18:553][121]LogConfig: Setting CVar [[r.LensFlareQuality:2]]
[2019.07.09-00.24.18:553][121]LogConfig: Setting CVar [[r.SceneColorFringeQuality:1]]
[2019.07.09-00.24.18:553][121]LogConfig: Setting CVar [[r.EyeAdaptationQuality:2]]
[2019.07.09-00.24.18:553][121]LogConfig: Setting CVar [[r.BloomQuality:5]]
[2019.07.09-00.24.18:553][121]LogConfig: Setting CVar [[r.FastBlurThreshold:100]]
[2019.07.09-00.24.18:553][121]LogConfig: Setting CVar [[r.Upscale.Quality:3]]
[2019.07.09-00.24.18:553][121]LogConfig: Setting CVar [[r.Tonemapper.GrainQuantization:1]]
[2019.07.09-00.24.18:553][121]LogConfig: Setting CVar [[r.LightShaftQuality:1]]
[2019.07.09-00.24.18:553][121]LogConfig: Setting CVar [[r.Filter.SizeScale:1]]
[2019.07.09-00.24.18:553][121]LogConfig: Setting CVar [[r.Tonemapper.Quality:5]]
[2019.07.09-00.24.18:553][121]LogConfig: Setting CVar [[r.DOF.Gather.AccumulatorQuality:1        ; higher gathering accumulator quality]]
[2019.07.09-00.24.18:553][121]LogConfig: Setting CVar [[r.DOF.Gather.PostfilterMethod:1          ; Median3x3 postfilering method]]
[2019.07.09-00.24.18:553][121]LogConfig: Setting CVar [[r.DOF.Gather.EnableBokehSettings:0       ; no bokeh simulation when gathering]]
[2019.07.09-00.24.18:553][121]LogConfig: Setting CVar [[r.DOF.Gather.RingCount:4                 ; medium number of samples when gathering]]
[2019.07.09-00.24.18:553][121]LogConfig: Setting CVar [[r.DOF.Scatter.ForegroundCompositing:1    ; additive foreground scattering]]
[2019.07.09-00.24.18:553][121]LogConfig: Setting CVar [[r.DOF.Scatter.BackgroundCompositing:2    ; additive background scattering]]
[2019.07.09-00.24.18:553][121]LogConfig: Setting CVar [[r.DOF.Scatter.EnableBokehSettings:1      ; bokeh simulation when scattering]]
[2019.07.09-00.24.18:553][121]LogConfig: Setting CVar [[r.DOF.Scatter.MaxSpriteRatio:0.1         ; only a maximum of 10% of scattered bokeh]]
[2019.07.09-00.24.18:553][121]LogConfig: Setting CVar [[r.DOF.Recombine.Quality:1                ; cheap slight out of focus]]
[2019.07.09-00.24.18:553][121]LogConfig: Setting CVar [[r.DOF.Recombine.EnableBokehSettings:0    ; no bokeh simulation on slight out of focus]]
[2019.07.09-00.24.18:553][121]LogConfig: Setting CVar [[r.DOF.TemporalAAQuality:1                ; more stable temporal accumulation]]
[2019.07.09-00.24.18:553][121]LogConfig: Setting CVar [[r.DOF.Kernel.MaxForegroundRadius:0.025]]
[2019.07.09-00.24.18:553][121]LogConfig: Setting CVar [[r.DOF.Kernel.MaxBackgroundRadius:0.025]]
[2019.07.09-00.24.18:553][121]LogConfig: Applying CVar settings from Section [TextureQuality@3] File [/home/donovan/Documents/Unreal Projects/Labarynth/Project/Saved/Config/Linux/Scalability.ini]
[2019.07.09-00.24.18:553][121]LogConfig: Setting CVar [[r.Streaming.MipBias:0]]
[2019.07.09-00.24.18:553][121]LogConfig: Setting CVar [[r.Streaming.AmortizeCPUToGPUCopy:0]]
[2019.07.09-00.24.18:553][121]LogConfig: Setting CVar [[r.Streaming.MaxNumTexturesToStreamPerFrame:0]]
[2019.07.09-00.24.18:553][121]LogConfig: Setting CVar [[r.Streaming.Boost:1]]
[2019.07.09-00.24.18:553][121]LogConfig: Setting CVar [[r.MaxAnisotropy:8]]
[2019.07.09-00.24.18:553][121]LogConfig: Setting CVar [[r.Streaming.LimitPoolSizeToVRAM:0]]
[2019.07.09-00.24.18:553][121]LogConfig: Setting CVar [[r.Streaming.PoolSize:1000]]
[2019.07.09-00.24.18:553][121]LogConfig: Setting CVar [[r.Streaming.MaxEffectiveScreenSize:0]]
[2019.07.09-00.24.18:553][121]LogConfig: Applying CVar settings from Section [EffectsQuality@3] File [/home/donovan/Documents/Unreal Projects/Labarynth/Project/Saved/Config/Linux/Scalability.ini]
[2019.07.09-00.24.18:553][121]LogConfig: Setting CVar [[r.TranslucencyLightingVolumeDim:64]]
[2019.07.09-00.24.18:553][121]LogConfig: Setting CVar [[r.RefractionQuality:2]]
[2019.07.09-00.24.18:553][121]LogConfig: Setting CVar [[r.SSR.Quality:3]]
[2019.07.09-00.24.18:553][121]LogConfig: Setting CVar [[r.SceneColorFormat:4]]
[2019.07.09-00.24.18:553][121]LogConfig: Setting CVar [[r.DetailMode:2]]
[2019.07.09-00.24.18:553][121]LogConfig: Setting CVar [[r.TranslucencyVolumeBlur:1]]
[2019.07.09-00.24.18:553][121]LogConfig: Setting CVar [[r.MaterialQualityLevel:1 ; High quality]]
[2019.07.09-00.24.18:554][121]LogConfig: Setting CVar [[r.SSS.Scale:1]]
[2019.07.09-00.24.18:554][121]LogConfig: Setting CVar [[r.SSS.SampleSet:2]]
[2019.07.09-00.24.18:554][121]LogConfig: Setting CVar [[r.SSS.Quality:1]]
[2019.07.09-00.24.18:554][121]LogConfig: Setting CVar [[r.SSS.HalfRes:1]]
[2019.07.09-00.24.18:554][121]LogConfig: Setting CVar [[r.EmitterSpawnRateScale:1.0]]
[2019.07.09-00.24.18:554][121]LogConfig: Setting CVar [[r.ParticleLightQuality:2]]
[2019.07.09-00.24.18:554][121]LogConfig: Applying CVar settings from Section [FoliageQuality@3] File [/home/donovan/Documents/Unreal Projects/Labarynth/Project/Saved/Config/Linux/Scalability.ini]
[2019.07.09-00.24.18:554][121]LogConfig: Setting CVar [[foliage.DensityScale:1.0]]
[2019.07.09-00.24.18:554][121]LogConfig: Setting CVar [[grass.DensityScale:1.0]]
[2019.07.09-00.24.23:825][438]LogTemp: Warning: Spawning new chunk at X=-1 Y=-2
[2019.07.09-00.24.23:826][438]LogTemp: Warning: Try X: -1 Y: -2
[2019.07.09-00.24.23:844][438]LogTemp: Warning: Spawning new chunk at X=0 Y=-2
[2019.07.09-00.24.23:844][438]LogTemp: Warning: Try X: 0 Y: -2
[2019.07.09-00.24.23:844][438]LogTemp: Warning: Try X: 0 Y: -2
[2019.07.09-00.24.23:844][438]LogTemp: Warning: Try X: 0 Y: -2
[2019.07.09-00.24.23:844][438]LogTemp: Warning: Try X: 0 Y: -2
[2019.07.09-00.24.23:861][438]LogTemp: Warning: Spawning new chunk at X=1 Y=-2
[2019.07.09-00.24.23:861][438]LogTemp: Warning: Try X: 1 Y: -2
[2019.07.09-00.24.23:861][438]LogTemp: Warning: Try X: 1 Y: -2
[2019.07.09-00.24.27:834][684]LogTemp: Warning: Spawning new chunk at X=2 Y=-2
[2019.07.09-00.24.27:834][684]LogTemp: Warning: Try X: 2 Y: -2
[2019.07.09-00.24.27:834][684]LogTemp: Warning: Try X: 2 Y: -2
[2019.07.09-00.24.27:851][684]LogTemp: Warning: Spawning new chunk at X=2 Y=-1
[2019.07.09-00.24.27:851][684]LogTemp: Warning: Try X: 2 Y: -1
[2019.07.09-00.24.27:864][684]LogTemp: Warning: Spawning new chunk at X=2 Y=0
[2019.07.09-00.24.27:864][684]LogTemp: Warning: Try X: 2 Y: 0
[2019.07.09-00.24.32:331][961]LogTemp: Warning: Spawning new chunk at X=2 Y=1
[2019.07.09-00.24.32:332][961]LogTemp: Warning: Try X: 2 Y: 1
[2019.07.09-00.24.42:822][611]LogTemp: Warning: Spawning new chunk at X=3 Y=-1
[2019.07.09-00.24.42:822][611]LogTemp: Warning: Try X: 3 Y: -1
[2019.07.09-00.24.42:836][611]LogTemp: Warning: Spawning new chunk at X=3 Y=0
[2019.07.09-00.24.42:837][611]LogTemp: Warning: Try X: 3 Y: 0
[2019.07.09-00.24.42:837][611]LogTemp: Warning: Try X: 3 Y: 0
[2019.07.09-00.24.42:850][611]LogTemp: Warning: Spawning new chunk at X=3 Y=1
[2019.07.09-00.24.42:851][611]LogTemp: Warning: Try X: 3 Y: 1
[2019.07.09-00.24.53:331][261]LogTemp: Warning: Spawning new chunk at X=1 Y=2
[2019.07.09-00.24.53:331][261]LogTemp: Warning: Try X: 1 Y: 2
[2019.07.09-00.24.53:345][261]LogTemp: Warning: Spawning new chunk at X=2 Y=2
[2019.07.09-00.24.53:345][261]LogTemp: Warning: Try X: 2 Y: 2
[2019.07.09-00.24.53:360][261]LogTemp: Warning: Spawning new chunk at X=3 Y=2
[2019.07.09-00.24.53:360][261]LogTemp: Warning: Try X: 3 Y: 2
[2019.07.09-00.26.15:331][290]LogTemp: Warning: Spawning new chunk at X=4 Y=0
[2019.07.09-00.26.15:331][290]LogTemp: Warning: Try X: 4 Y: 0
[2019.07.09-00.26.15:350][290]LogTemp: Warning: Spawning new chunk at X=4 Y=1
[2019.07.09-00.26.15:350][290]LogTemp: Warning: Try X: 4 Y: 1
[2019.07.09-00.26.15:361][290]LogTemp: Warning: Spawning new chunk at X=4 Y=2
[2019.07.09-00.26.15:361][290]LogTemp: Warning: Try X: 4 Y: 2
[2019.07.09-00.26.26:334][969]LogTemp: Warning: Spawning new chunk at X=4 Y=-1
[2019.07.09-00.26.26:334][969]LogTemp: Warning: Try X: 4 Y: -1
[2019.07.09-00.26.46:325][208]LogTemp: Warning: Spawning new chunk at X=3 Y=-2
[2019.07.09-00.26.46:325][208]LogTemp: Warning: Try X: 3 Y: -2
[2019.07.09-00.26.46:339][208]LogTemp: Warning: Spawning new chunk at X=4 Y=-2
[2019.07.09-00.26.46:339][208]LogTemp: Warning: Try X: 4 Y: -2
[2019.07.09-00.26.58:828][982]LogTemp: Warning: Spawning new chunk at X=5 Y=-2
[2019.07.09-00.26.58:829][982]LogTemp: Warning: Try X: 5 Y: -2
[2019.07.09-00.26.58:841][982]LogTemp: Warning: Spawning new chunk at X=5 Y=-1
[2019.07.09-00.26.58:841][982]LogTemp: Warning: Try X: 5 Y: -1
[2019.07.09-00.26.58:841][982]LogTemp: Warning: Try X: 5 Y: -1
[2019.07.09-00.26.58:855][982]LogTemp: Warning: Spawning new chunk at X=5 Y=0
[2019.07.09-00.26.58:855][982]LogTemp: Warning: Try X: 5 Y: 0
[2019.07.09-00.27.16:327][ 65]LogTemp: Warning: Spawning new chunk at X=3 Y=-3
[2019.07.09-00.27.16:327][ 65]LogTemp: Warning: Try X: 3 Y: -3
[2019.07.09-00.27.16:327][ 65]LogTemp: Warning: Try X: 3 Y: -3
[2019.07.09-00.27.16:342][ 65]LogTemp: Warning: Spawning new chunk at X=4 Y=-3
[2019.07.09-00.27.16:342][ 65]LogTemp: Warning: Try X: 4 Y: -3
[2019.07.09-00.27.16:353][ 65]LogTemp: Warning: Spawning new chunk at X=5 Y=-3
[2019.07.09-00.27.16:354][ 65]LogTemp: Warning: Try X: 5 Y: -3
[2019.07.09-00.27.16:354][ 65]LogTemp: Warning: Try X: 5 Y: -3
[2019.07.09-00.27.34:333][179]LogTemp: Warning: Spawning new chunk at X=2 Y=-3
[2019.07.09-00.27.34:333][179]LogTemp: Warning: Try X: 2 Y: -3
[2019.07.09-00.27.55:831][511]LogTemp: Warning: Spawning new chunk at X=2 Y=-4
[2019.07.09-00.27.55:831][511]LogTemp: Warning: Try X: 2 Y: -4
[2019.07.09-00.27.55:845][511]LogTemp: Warning: Spawning new chunk at X=3 Y=-4
[2019.07.09-00.27.55:845][511]LogTemp: Warning: Try X: 3 Y: -4
[2019.07.09-00.27.55:857][511]LogTemp: Warning: Spawning new chunk at X=4 Y=-4
[2019.07.09-00.27.55:858][511]LogTemp: Warning: Try X: 4 Y: -4
[2019.07.09-00.28.12:828][563]LogTemp: Warning: Spawning new chunk at X=1 Y=-4
[2019.07.09-00.28.12:829][563]LogTemp: Warning: Try X: 1 Y: -4
[2019.07.09-00.28.12:845][563]LogTemp: Warning: Spawning new chunk at X=1 Y=-3
[2019.07.09-00.28.12:845][563]LogTemp: Warning: Try X: 1 Y: -3
[2019.07.09-00.28.42:834][421]LogTemp: Warning: Spawning new chunk at X=1 Y=-5
[2019.07.09-00.28.42:834][421]LogTemp: Warning: Try X: 1 Y: -5
[2019.07.09-00.28.42:834][421]LogTemp: Warning: Try X: 1 Y: -5
[2019.07.09-00.28.42:851][421]LogTemp: Warning: Spawning new chunk at X=2 Y=-5
[2019.07.09-00.28.42:851][421]LogTemp: Warning: Try X: 2 Y: -5
[2019.07.09-00.28.42:866][421]LogTemp: Warning: Spawning new chunk at X=3 Y=-5
[2019.07.09-00.28.42:866][421]LogTemp: Warning: Try X: 3 Y: -5
[2019.07.09-00.28.47:323][697]LogTemp: Warning: Spawning new chunk at X=0 Y=-5
[2019.07.09-00.28.47:323][697]LogTemp: Warning: Try X: 0 Y: -5
[2019.07.09-00.28.47:323][697]LogTemp: Warning: Try X: 0 Y: -5
[2019.07.09-00.28.47:323][697]LogTemp: Warning: Try X: 0 Y: -5
[2019.07.09-00.28.47:338][697]LogTemp: Warning: Spawning new chunk at X=0 Y=-4
[2019.07.09-00.28.47:338][697]LogTemp: Warning: Try X: 0 Y: -4
[2019.07.09-00.28.47:338][697]LogTemp: Warning: Try X: 0 Y: -4
[2019.07.09-00.28.47:349][697]LogTemp: Warning: Spawning new chunk at X=0 Y=-3
[2019.07.09-00.28.47:349][697]LogTemp: Warning: Try X: 0 Y: -3
[2019.07.09-00.29.04:249][724]LogSlate: Window 'Labarynth (64-bit Development SF_VULKAN_SM5_NOUB) ' being destroyed
[2019.07.09-00.29.04:323][724]LogSlate: Updating window title bar state: overlay mode, drag disabled, window buttons hidden, title bar hidden
[2019.07.09-00.29.04:323][724]LogEngine: All Windows Closed
[2019.07.09-00.29.04:323][724]LogCore: FUnixPlatformMisc::RequestExit(0)
[2019.07.09-00.29.04:323][724]LogGenericPlatformMisc: FPlatformMisc::RequestExit(0)
[2019.07.09-00.29.04:324][725]LogAudioMixer: Display: No commands were queued while flushing the source manager.
[2019.07.09-00.29.04:391][725]LogSlate: Slate User Destroyed.  User Index 0, Is Virtual User: 0
[2019.07.09-00.29.04:391][725]LogExit: Preparing to exit.
[2019.07.09-00.29.04:391][725]LogMoviePlayer: Shutting down movie player
[2019.07.09-00.29.04:520][725]LogSlate: Updating window title bar state: overlay mode, drag disabled, window buttons hidden, title bar hidden
[2019.07.09-00.29.04:543][725]LogExit: Game engine shut down
[2019.07.09-00.29.04:616][725]LogExit: Object subsystem successfully closed.
[2019.07.09-00.29.04:634][725]LogShaderCompilers: Display: Shaders left to compile 0
[2019.07.09-00.29.04:638][725]LogRendererCore: FGlobalReadBuffer::ReleaseRHI
[2019.07.09-00.29.04:639][725]LogRendererCore: FGlobalDynamicReadBuffer::Cleanup()
[2019.07.09-00.29.04:639][725]LogRendererCore: FGlobalReadBuffer::ReleaseRHI
[2019.07.09-00.29.04:639][725]LogRendererCore: FGlobalDynamicReadBuffer::Cleanup()
[2019.07.09-00.29.04:639][725]LogRendererCore: FGlobalReadBuffer::ReleaseRHI
[2019.07.09-00.29.04:639][725]LogRendererCore: FGlobalDynamicReadBuffer::Cleanup()
[2019.07.09-00.29.04:796][725]LogModuleManager: Shutting down and abandoning module AndroidDeviceDetection (362)
[2019.07.09-00.29.04:831][725]LogModuleManager: Shutting down and abandoning module SequenceRecorderSections (360)
[2019.07.09-00.29.04:831][725]LogModuleManager: Shutting down and abandoning module SequenceRecorder (358)
[2019.07.09-00.29.04:831][725]LogModuleManager: Shutting down and abandoning module AutomationController (356)
[2019.07.09-00.29.04:831][725]LogModuleManager: Shutting down and abandoning module AutomationWorker (354)
[2019.07.09-00.29.04:831][725]LogModuleManager: Shutting down and abandoning module Voice (352)
[2019.07.09-00.29.04:831][725]LogModuleManager: Shutting down and abandoning module AIModule (350)
[2019.07.09-00.29.04:831][725]LogModuleManager: Shutting down and abandoning module GameplayDebugger (349)
[2019.07.09-00.29.04:831][725]LogModuleManager: Shutting down and abandoning module AITestSuite (347)
[2019.07.09-00.29.04:831][725]LogModuleManager: Shutting down and abandoning module NavigationSystem (345)
[2019.07.09-00.29.04:831][725]LogModuleManager: Shutting down and abandoning module HotReload (342)
[2019.07.09-00.29.04:831][725]LogModuleManager: Shutting down and abandoning module DirectoryWatcher (341)
[2019.07.09-00.29.04:831][725]LogModuleManager: Shutting down and abandoning module CharacterAI (338)
[2019.07.09-00.29.04:831][725]LogModuleManager: Shutting down and abandoning module WebMMediaFactory (336)
[2019.07.09-00.29.04:831][725]LogModuleManager: Shutting down and abandoning module WebMMedia (334)
[2019.07.09-00.29.04:831][725]LogModuleManager: Shutting down and abandoning module ImgMediaFactory (332)
[2019.07.09-00.29.04:831][725]LogModuleManager: Shutting down and abandoning module WmfMediaFactory (330)
[2019.07.09-00.29.04:831][725]LogModuleManager: Shutting down and abandoning module AvfMediaFactory (328)
[2019.07.09-00.29.04:831][725]LogModuleManager: Shutting down and abandoning module Media (327)
[2019.07.09-00.29.04:837][725]LogModuleManager: Shutting down and abandoning module SessionServices (324)
[2019.07.09-00.29.04:837][725]LogModuleManager: Shutting down and abandoning module MovieSceneCapture (322)
[2019.07.09-00.29.04:837][725]LogModuleManager: Shutting down and abandoning module LevelSequence (320)
[2019.07.09-00.29.04:837][725]LogModuleManager: Shutting down and abandoning module MovieSceneTracks (318)
[2019.07.09-00.29.04:837][725]LogModuleManager: Shutting down and abandoning module MovieScene (316)
[2019.07.09-00.29.04:837][725]LogModuleManager: Shutting down and abandoning module StreamingPauseRendering (314)
[2019.07.09-00.29.04:837][725]LogModuleManager: Shutting down and abandoning module PortalServices (312)
[2019.07.09-00.29.04:837][725]LogModuleManager: Shutting down and abandoning module PortalRpc (310)
[2019.07.09-00.29.04:837][725]LogModuleManager: Shutting down and abandoning module MessagingRpc (308)
[2019.07.09-00.29.04:837][725]LogModuleManager: Shutting down and abandoning module ImageWriteQueue (306)
[2019.07.09-00.29.04:837][725]LogModuleManager: Shutting down and abandoning module ProfilerService (304)
[2019.07.09-00.29.04:874][725]LogModuleManager: Shutting down and abandoning module TaskGraph (302)
[2019.07.09-00.29.04:874][725]LogModuleManager: Shutting down and abandoning module AndroidPermission (300)
[2019.07.09-00.29.04:874][725]LogModuleManager: Shutting down and abandoning module SteamVRController (298)
[2019.07.09-00.29.04:874][725]LogModuleManager: Shutting down and abandoning module EditableMesh (296)
[2019.07.09-00.29.04:874][725]LogModuleManager: Shutting down and abandoning module AudioCapture (294)
[2019.07.09-00.29.04:874][725]LogModuleManager: Shutting down and abandoning module ArchVisCharacter (292)
[2019.07.09-00.29.04:874][725]LogModuleManager: Shutting down and abandoning module CustomMeshComponent (290)
[2019.07.09-00.29.04:874][725]LogModuleManager: Shutting down and abandoning module CableComponent (288)
[2019.07.09-00.29.04:874][725]LogModuleManager: Shutting down and abandoning module ProceduralMeshComponent (286)
[2019.07.09-00.29.04:874][725]LogModuleManager: Shutting down and abandoning module MobilePatchingUtils (284)
[2019.07.09-00.29.04:874][725]LogModuleManager: Shutting down and abandoning module AppleVisionBlueprintSupport (282)
[2019.07.09-00.29.04:874][725]LogModuleManager: Shutting down and abandoning module AppleVision (280)
[2019.07.09-00.29.04:874][725]LogModuleManager: Shutting down and abandoning module GeometryCacheTracks (278)
[2019.07.09-00.29.04:874][725]LogModuleManager: Shutting down and abandoning module GeometryCacheSequencer (277)
[2019.07.09-00.29.04:874][725]LogModuleManager: Shutting down and abandoning module GeometryCache (274)
[2019.07.09-00.29.04:874][725]LogModuleManager: Shutting down and abandoning module GeometryCacheEd (273)
[2019.07.09-00.29.04:874][725]LogModuleManager: Shutting down and abandoning module AppleImageUtilsBlueprintSupport (270)
[2019.07.09-00.29.04:874][725]LogModuleManager: Shutting down and abandoning module AppleImageUtils (268)
[2019.07.09-00.29.04:874][725]LogModuleManager: Shutting down and abandoning module BackChannel (266)
[2019.07.09-00.29.04:874][725]LogModuleManager: Shutting down and abandoning module CryptoKeysOpenSSL (264)
[2019.07.09-00.29.04:874][725]LogModuleManager: Shutting down and abandoning module CryptoKeys (262)
[2019.07.09-00.29.04:874][725]LogModuleManager: Shutting down and abandoning module LinearTimecode (260)
[2019.07.09-00.29.04:874][725]LogModuleManager: Shutting down and abandoning module MediaCompositing (258)
[2019.07.09-00.29.04:874][725]LogModuleManager: Shutting down and abandoning module ImgMedia (256)
[2019.07.09-00.29.04:874][725]LogModuleManager: Shutting down and abandoning module NUTUnrealEngine4 (254)
[2019.07.09-00.29.04:874][725]LogModuleManager: Shutting down and abandoning module NetcodeUnitTest (252)
[2019.07.09-00.29.04:874][725]LogModuleManager: Shutting down and abandoning module VariantManagerContent (250)
[2019.07.09-00.29.04:874][725]LogModuleManager: Shutting down and abandoning module SubversionSourceControl (248)
[2019.07.09-00.29.04:874][725]LogModuleManager: Shutting down and abandoning module CLionSourceCodeAccess (246)
[2019.07.09-00.29.04:874][725]LogModuleManager: Shutting down and abandoning module VisualStudioCodeSourceCodeAccess (244)
[2019.07.09-00.29.04:874][725]LogModuleManager: Shutting down and abandoning module PerforceSourceControl (242)
[2019.07.09-00.29.04:874][725]LogModuleManager: Shutting down and abandoning module SourceControl (241)
[2019.07.09-00.29.04:874][725]LogModuleManager: Shutting down and abandoning module UObjectPlugin (238)
[2019.07.09-00.29.04:874][725]LogModuleManager: Shutting down and abandoning module KDevelopSourceCodeAccess (236)
[2019.07.09-00.29.04:874][725]LogModuleManager: Shutting down and abandoning module CodeLiteSourceCodeAccess (234)
[2019.07.09-00.29.04:874][725]LogModuleManager: Shutting down and abandoning module ActorLayerUtilities (232)
[2019.07.09-00.29.04:874][725]LogModuleManager: Shutting down and abandoning module Labarynth (230)
[2019.07.09-00.29.04:874][725]LogModuleManager: Shutting down and abandoning module SignificanceManager (228)
[2019.07.09-00.29.04:874][725]LogModuleManager: Shutting down and abandoning module RuntimePhysXCooking (226)
[2019.07.09-00.29.04:874][725]LogModuleManager: Shutting down and abandoning module LocationServicesBPLibrary (224)
[2019.07.09-00.29.04:874][725]LogModuleManager: Shutting down and abandoning module PhysXVehiclesEditor (222)
[2019.07.09-00.29.04:875][725]LogModuleManager: Shutting down and abandoning module PhysXVehicles (220)
[2019.07.09-00.29.04:875][725]LogModuleManager: Shutting down and abandoning module UdpMessaging (218)
[2019.07.09-00.29.04:975][725]LogModuleManager: Shutting down and abandoning module TcpMessaging (216)
[2019.07.09-00.29.05:075][725]LogModuleManager: Shutting down and abandoning module ActorSequence (214)
[2019.07.09-00.29.05:075][725]LogModuleManager: Shutting down and abandoning module Paper2D (212)
[2019.07.09-00.29.05:075][725]LogModuleManager: Shutting down and abandoning module LightPropagationVolumeRuntime (210)
[2019.07.09-00.29.05:075][725]LogModuleManager: Shutting down and abandoning module GameplayTagsEditor (208)
[2019.07.09-00.29.05:075][725]LogModuleManager: Shutting down and abandoning module FacialAnimation (206)
[2019.07.09-00.29.05:075][725]LogModuleManager: Shutting down and abandoning module AssetManagerEditor (204)
[2019.07.09-00.29.05:075][725]LogModuleManager: Shutting down and abandoning module TreeMap (203)
[2019.07.09-00.29.05:075][725]LogModuleManager: Shutting down and abandoning module DataValidation (200)
[2019.07.09-00.29.05:075][725]LogModuleManager: Shutting down and abandoning module AISupportModule (198)
[2019.07.09-00.29.05:075][725]LogModuleManager: Shutting down and abandoning module AnimationSharing (196)
[2019.07.09-00.29.05:075][725]LogModuleManager: Shutting down and abandoning module NullSourceCodeAccess (194)
[2019.07.09-00.29.05:075][725]LogModuleManager: Shutting down and abandoning module PIEPreviewDeviceProfileSelector (192)
[2019.07.09-00.29.05:075][725]LogModuleManager: Shutting down and abandoning module WebMMoviePlayer (190)
[2019.07.09-00.29.05:075][725]LogModuleManager: Shutting down and abandoning module PacketHandler (188)
[2019.07.09-00.29.05:075][725]LogModuleManager: Shutting down and abandoning module ClothingSystemEditor (186)
[2019.07.09-00.29.05:075][725]LogModuleManager: Shutting down and abandoning module ClothingSystemRuntime (184)
[2019.07.09-00.29.05:075][725]LogModuleManager: Shutting down and abandoning module MediaAssets (182)
[2019.07.09-00.29.05:075][725]LogModuleManager: Shutting down and abandoning module Overlay (180)
[2019.07.09-00.29.05:075][725]LogModuleManager: Shutting down and abandoning module OverlayEditor (179)
[2019.07.09-00.29.05:075][725]LogModuleManager: Shutting down and abandoning module VREditor (176)
[2019.07.09-00.29.05:075][725]LogModuleManager: Shutting down and abandoning module StringTableEditor (174)
[2019.07.09-00.29.05:075][725]LogModuleManager: Shutting down and abandoning module GameplayTasksEditor (172)
[2019.07.09-00.29.05:075][725]LogModuleManager: Shutting down and abandoning module BehaviorTreeEditor (170)
[2019.07.09-00.29.05:075][725]LogModuleManager: Shutting down and abandoning module FunctionalTesting (168)
[2019.07.09-00.29.05:075][725]LogModuleManager: Shutting down and abandoning module CollisionAnalyzer (166)
[2019.07.09-00.29.05:075][725]LogModuleManager: Shutting down and abandoning module WorkspaceMenuStructure (165)
[2019.07.09-00.29.05:076][725]LogModuleManager: Shutting down and abandoning module UMG (162)
[2019.07.09-00.29.05:076][725]LogModuleManager: Shutting down and abandoning module UMGEditor (161)
[2019.07.09-00.29.05:076][725]LogModuleManager: Shutting down and abandoning module Sequencer (160)
[2019.07.09-00.29.05:076][725]LogModuleManager: Shutting down and abandoning module MessageLog (157)
[2019.07.09-00.29.05:076][725]LogModuleManager: Shutting down and abandoning module SlateReflector (152)
[2019.07.09-00.29.05:076][725]LogModuleManager: Shutting down and abandoning module Slate (150)
[2019.07.09-00.29.05:076][725]LogModuleManager: Shutting down and abandoning module EditorStyle (148)
[2019.07.09-00.29.05:077][725]LogModuleManager: Shutting down and abandoning module UnrealEd (146)
[2019.07.09-00.29.05:077][725]LogModuleManager: Shutting down and abandoning module MRMesh (144)
[2019.07.09-00.29.05:077][725]LogModuleManager: Shutting down and abandoning module Messaging (142)
[2019.07.09-00.29.05:077][725]LogModuleManager: Shutting down and abandoning module SourceCodeAccess (140)
[2019.07.09-00.29.05:077][725]LogModuleManager: Shutting down and abandoning module HeadMountedDisplay (138)
[2019.07.09-00.29.05:077][725]LogModuleManager: Shutting down and abandoning module AudioMixerSDL (136)
[2019.07.09-00.29.05:077][725]LogModuleManager: Shutting down and abandoning module Networking (134)
[2019.07.09-00.29.05:077][725]LogModuleManager: Shutting down and abandoning module Core (132)
[2019.07.09-00.29.05:077][725]LogModuleManager: Shutting down and abandoning module KismetCompiler (130)
[2019.07.09-00.29.05:077][725]LogModuleManager: Shutting down and abandoning module MeshUtilities (128)
[2019.07.09-00.29.05:077][725]LogModuleManager: Shutting down and abandoning module MeshMergeUtilities (127)
[2019.07.09-00.29.05:077][725]LogModuleManager: Shutting down and abandoning module MeshReductionInterface (126)
[2019.07.09-00.29.05:077][725]LogModuleManager: Shutting down and abandoning module SkeletalMeshReduction (125)
[2019.07.09-00.29.05:077][725]LogModuleManager: Shutting down and abandoning module QuadricMeshReduction (123)
[2019.07.09-00.29.05:077][725]LogModuleManager: Shutting down and abandoning module MaterialBaking (119)
[2019.07.09-00.29.05:077][725]LogModuleManager: Shutting down and abandoning module DerivedDataCache (114)
[2019.07.09-00.29.05:081][725]LogDerivedDataCache: Shutdown
[2019.07.09-00.29.05:081][725]LogModuleManager: Shutting down and abandoning module TargetPlatform (112)
[2019.07.09-00.29.05:081][725]LogModuleManager: Shutting down and abandoning module VulkanShaderFormat (111)
[2019.07.09-00.29.05:081][725]LogModuleManager: Shutting down and abandoning module ShaderFormatVectorVM (109)
[2019.07.09-00.29.05:081][725]LogModuleManager: Shutting down and abandoning module ShaderFormatOpenGL (107)
[2019.07.09-00.29.05:081][725]LogModuleManager: Shutting down and abandoning module TextureFormatUncompressed (105)
[2019.07.09-00.29.05:081][725]LogModuleManager: Shutting down and abandoning module TextureFormatPVR (103)
[2019.07.09-00.29.05:081][725]LogModuleManager: Shutting down and abandoning module TextureFormatDXT (101)
[2019.07.09-00.29.05:081][725]LogModuleManager: Shutting down and abandoning module TextureFormatIntelISPCTexComp (99)
[2019.07.09-00.29.05:081][725]LogModuleManager: Shutting down and abandoning module TextureFormatASTC (97)
[2019.07.09-00.29.05:081][725]LogModuleManager: Shutting down and abandoning module ImageWrapper (96)
[2019.07.09-00.29.05:081][725]LogModuleManager: Shutting down and abandoning module TextureFormatAndroid (93)
[2019.07.09-00.29.05:081][725]LogModuleManager: Shutting down and abandoning module AudioFormatOpus (91)
[2019.07.09-00.29.05:081][725]LogModuleManager: Shutting down and abandoning module AudioFormatOgg (89)
[2019.07.09-00.29.05:081][725]LogModuleManager: Shutting down and abandoning module AudioFormatADPCM (87)
[2019.07.09-00.29.05:082][725]LogModuleManager: Shutting down and abandoning module AndroidTargetPlatform (85)
[2019.07.09-00.29.05:086][725]LogModuleManager: Shutting down and abandoning module LinuxTargetPlatform (83)
[2019.07.09-00.29.05:086][725]LogModuleManager: Shutting down and abandoning module LinuxServerTargetPlatform (81)
[2019.07.09-00.29.05:086][725]LogModuleManager: Shutting down and abandoning module LinuxNoEditorTargetPlatform (79)
[2019.07.09-00.29.05:086][725]LogModuleManager: Shutting down and abandoning module LinuxClientTargetPlatform (77)
[2019.07.09-00.29.05:086][725]LogModuleManager: Shutting down and abandoning module HTML5TargetPlatform (75)
[2019.07.09-00.29.05:086][725]LogModuleManager: Shutting down and abandoning module AllDesktopTargetPlatform (73)
[2019.07.09-00.29.05:086][725]LogModuleManager: Shutting down and abandoning module VulkanRHI (70)
[2019.07.09-00.29.05:086][725]LogModuleManager: Shutting down and abandoning module InputCore (68)
[2019.07.09-00.29.05:086][725]LogModuleManager: Shutting down and abandoning module Settings (66)
[2019.07.09-00.29.05:086][725]LogModuleManager: Shutting down and abandoning module PhysXCooking (64)
[2019.07.09-00.29.05:086][725]LogModuleManager: Shutting down and abandoning module SteamVR (62)
[2019.07.09-00.29.05:086][725]LogHMD: Freeing OpenVRDLLHandle.
[2019.07.09-00.29.05:086][725]LogModuleManager: Shutting down and abandoning module ExampleDeviceProfileSelector (60)
[2019.07.09-00.29.05:086][725]LogModuleManager: Shutting down and abandoning module LinuxDeviceProfileSelector (58)
[2019.07.09-00.29.05:086][725]LogModuleManager: Shutting down and abandoning module LauncherChunkInstaller (56)
[2019.07.09-00.29.05:086][725]LogModuleManager: Shutting down and abandoning module OnlineSubsystem (54)
[2019.07.09-00.29.05:086][725]LogModuleManager: Shutting down and abandoning module XMPP (49)
[2019.07.09-00.29.05:086][725]LogModuleManager: Shutting down and abandoning module HTTP (47)
[2019.07.09-00.29.05:107][725]LogModuleManager: Shutting down and abandoning module SSL (46)
[2019.07.09-00.29.05:108][725]LogModuleManager: Shutting down and abandoning module OnlineBlueprintSupport (42)
[2019.07.09-00.29.05:108][725]LogModuleManager: Shutting down and abandoning module DatasmithContent (38)
[2019.07.09-00.29.05:109][725]LogModuleManager: Shutting down and abandoning module AnimationModifiers (36)
[2019.07.09-00.29.05:109][725]LogModuleManager: Shutting down and abandoning module PropertyEditor (35)
[2019.07.09-00.29.05:109][725]LogModuleManager: Shutting down and abandoning module AudioEditor (32)
[2019.07.09-00.29.05:109][725]LogModuleManager: Shutting down and abandoning module TextureCompressor (30)
[2019.07.09-00.29.05:109][725]LogModuleManager: Shutting down and abandoning module RenderCore (28)
[2019.07.09-00.29.05:109][725]LogModuleManager: Shutting down and abandoning module Landscape (26)
[2019.07.09-00.29.05:109][725]LogModuleManager: Shutting down and abandoning module SlateRHIRenderer (24)
[2019.07.09-00.29.05:109][725]LogModuleManager: Shutting down and abandoning module OpenGLDrv (22)
[2019.07.09-00.29.05:110][725]LogModuleManager: Shutting down and abandoning module AnimGraphRuntime (20)
[2019.07.09-00.29.05:110][725]LogModuleManager: Shutting down and abandoning module Renderer (18)
[2019.07.09-00.29.05:110][725]LogModuleManager: Shutting down and abandoning module Engine (16)
[2019.07.09-00.29.05:110][725]LogModuleManager: Shutting down and abandoning module CoreUObject (14)
[2019.07.09-00.29.05:110][725]LogModuleManager: Shutting down and abandoning module NetworkFile (12)
[2019.07.09-00.29.05:110][725]LogModuleManager: Shutting down and abandoning module CookedIterativeFile (10)
[2019.07.09-00.29.05:110][725]LogModuleManager: Shutting down and abandoning module StreamingFile (8)
[2019.07.09-00.29.05:110][725]LogModuleManager: Shutting down and abandoning module SandboxFile (6)
[2019.07.09-00.29.05:110][725]LogModuleManager: Shutting down and abandoning module PakFile (4)
[2019.07.09-00.29.05:110][725]LogModuleManager: Shutting down and abandoning module RSA (3)
[2019.07.09-00.29.05:111][725]LogExit: Exiting.
[2019.07.09-00.29.05:111][725]LogInit: Tearing down SDL.
[2019.07.09-00.29.05:122][725]Log file closed, 07/08/19 17:29:05
