Log file open, 07/08/19 17:18:15
LogConsoleResponse: Display: Failed to find resolution value strings in scalability ini. Falling back to default.
LogInit: Display: Running engine without a game
LogPakFile: Registered encryption key '00000000000000000000000000000000': 0 pak files mounted, 0 remain pending
LogPlatformFile: Not using cached read wrapper
LogInit: Display: Loading recent project file: ../../../../../home/donovan/Documents/Unreal Projects/Labarynth/Project/Labarynth.uproject
LogTaskGraph: Started task graph with 5 named threads and 14 total threads with 3 sets of task threads.
LogStats: Stats thread started at 0.097515
LogICUInternationalization: ICU TimeZone Detection - Raw Offset: -8:00, Platform Override: ''
LogPluginManager: Mounting plugin ActorLayerUtilities
LogPluginManager: Mounting plugin CodeLiteSourceCodeAccess
LogPluginManager: Mounting plugin KDevelopSourceCodeAccess
LogPluginManager: Mounting plugin UObjectPlugin
LogPluginManager: Mounting plugin VisualStudioSourceCodeAccess
LogPluginManager: Mounting plugin PerforceSourceControl
LogPluginManager: Mounting plugin VisualStudioCodeSourceCodeAccess
LogPluginManager: Mounting plugin CLionSourceCodeAccess
LogPluginManager: Mounting plugin XCodeSourceCodeAccess
LogPluginManager: Mounting plugin SubversionSourceControl
LogPluginManager: Mounting plugin NullSourceCodeAccess
LogPluginManager: Mounting plugin GitSourceControl
LogPluginManager: Mounting plugin AnimationSharing
LogPluginManager: Mounting plugin VariantManagerContent
LogPluginManager: Mounting plugin DatasmithContent
LogPluginManager: Mounting plugin NetcodeUnitTest
LogPluginManager: Mounting plugin NUTUnrealEngine4
LogPluginManager: Mounting plugin OnlineSubsystemNull
LogPluginManager: Mounting plugin OnlineSubsystemUtils
LogPluginManager: Mounting plugin OnlineSubsystemIOS
LogPluginManager: Mounting plugin OnlineSubsystem
LogPluginManager: Mounting plugin OnlineSubsystemGooglePlay
LogPluginManager: Mounting plugin MagicLeap
LogPluginManager: Mounting plugin MagicLeapMedia
LogPluginManager: Mounting plugin AISupport
LogPluginManager: Mounting plugin AvfMedia
LogPluginManager: Mounting plugin WmfMedia
LogPluginManager: Mounting plugin ImgMedia
LogPluginManager: Mounting plugin MediaPlayerEditor
LogPluginManager: Mounting plugin MediaCompositing
LogPluginManager: Mounting plugin WebMMedia
LogPluginManager: Mounting plugin LinearTimecode
LogPluginManager: Mounting plugin AndroidMedia
LogPluginManager: Mounting plugin CryptoKeys
LogPluginManager: Mounting plugin DataValidation
LogPluginManager: Mounting plugin PluginBrowser
LogPluginManager: Mounting plugin MaterialAnalyzer
LogPluginManager: Mounting plugin MobileLauncherProfileWizard
LogPluginManager: Mounting plugin SpeedTreeImporter
LogPluginManager: Mounting plugin AssetManagerEditor
LogPluginManager: Mounting plugin FacialAnimation
LogPluginManager: Mounting plugin MacGraphicsSwitching
LogPluginManager: Mounting plugin GameplayTagsEditor
LogPluginManager: Mounting plugin LauncherChunkInstaller
LogPluginManager: Mounting plugin LightPropagationVolume
LogPluginManager: Mounting plugin Paper2D
LogPluginManager: Mounting plugin LevelSequenceEditor
LogPluginManager: Mounting plugin MatineeToLevelSequence
LogPluginManager: Mounting plugin ActorSequence
LogPluginManager: Mounting plugin ProxyLODPlugin
LogPluginManager: Mounting plugin BackChannel
LogPluginManager: Mounting plugin AppleImageUtils
LogPluginManager: Mounting plugin CharacterAI
LogPluginManager: Mounting plugin SkeletalReduction
LogPluginManager: Mounting plugin GeometryCache
LogPluginManager: Mounting plugin AppleVision
LogPluginManager: Mounting plugin AlembicImporter
LogPluginManager: Mounting plugin HTML5Networking
LogPluginManager: Mounting plugin TcpMessaging
LogPluginManager: Mounting plugin UdpMessaging
LogPluginManager: Mounting plugin PhysXVehicles
LogPluginManager: Mounting plugin MobilePatchingUtils
LogPluginManager: Mounting plugin ProceduralMeshComponent
LogPluginManager: Mounting plugin CableComponent
LogPluginManager: Mounting plugin AppleMoviePlayer
LogPluginManager: Mounting plugin WindowsMoviePlayer
LogPluginManager: Mounting plugin LinuxDeviceProfileSelector
LogPluginManager: Mounting plugin CustomMeshComponent
LogPluginManager: Mounting plugin ArchVisCharacter
LogPluginManager: Mounting plugin IOSDeviceProfileSelector
LogPluginManager: Mounting plugin AudioCapture
LogPluginManager: Mounting plugin OculusVR
LogPluginManager: Mounting plugin LocationServicesBPLibrary
LogPluginManager: Mounting plugin RuntimePhysXCooking
LogPluginManager: Mounting plugin WebMMoviePlayer
LogPluginManager: Mounting plugin Firebase
LogPluginManager: Mounting plugin AndroidMoviePlayer
LogPluginManager: Mounting plugin AndroidDeviceProfileSelector
LogPluginManager: Mounting plugin EditableMesh
LogPluginManager: Mounting plugin ExampleDeviceProfileSelector
LogPluginManager: Mounting plugin SteamVR
LogPluginManager: Mounting plugin GoogleCloudMessaging
LogPluginManager: Mounting plugin SignificanceManager
LogPluginManager: Mounting plugin AndroidPermission
LogInit: Using libcurl 7.48.0-DEV
LogInit:  - built for x86_64-unknown-linux-gnu
LogInit:  - supports SSL with OpenSSL/1.0.2h
LogInit:  - supports HTTP deflate (compression) using libz 1.2.8
LogInit:  - other features:
LogInit:      CURL_VERSION_SSL
LogInit:      CURL_VERSION_LIBZ
LogInit:      CURL_VERSION_IPV6
LogInit:      CURL_VERSION_ASYNCHDNS
LogInit:      CURL_VERSION_LARGEFILE
LogInit:      CURL_VERSION_TLSAUTH_SRP
LogInit:  CurlRequestOptions (configurable via config and command line):
LogInit:  - bVerifyPeer = true  - Libcurl will verify peer certificate
LogInit:  - bUseHttpProxy = false  - Libcurl will NOT use HTTP proxy
LogInit:  - bDontReuseConnections = false  - Libcurl will reuse connections
LogInit:  - MaxHostConnections = 16  - Libcurl will limit the number of connections to a host
LogInit:  - LocalHostAddr = Default
LogInit:  - BufferSize = 65536
LogInit: Build: ++UE4+Release-4.22-CL-0
LogInit: Engine Version: 4.22.3-0+++UE4+Release-4.22
LogInit: Compatible Engine Version: 4.22.0-0+++UE4+Release-4.22
LogInit: Net CL: 0
LogInit: OS: GenericOSVersionLabel (GenericOSSubVersionLabel), CPU: Intel(R) Core(TM) i5-4570 CPU @ 3.20GHz, GPU: GenericGPUBrand
LogInit: Compiled (64-bit): Jun 27 2019 15:42:35
LogInit: Compiled with Clang: 7.0.1 (tags/RELEASE_701/final)
LogInit: Build Configuration: Development
LogInit: Branch Name: ++UE4+Release-4.22
LogInit: Command Line: 
LogInit: Base Directory: /games/UnrealEngine/Engine/Binaries/Linux/
LogInit: Installed Engine Build: 0
LogDevObjectVersion: Number of dev versions registered: 23
LogDevObjectVersion:   Dev-Blueprints (B0D832E4-1F89-4F0D-ACCF-7EB736FD4AA2): 10
LogDevObjectVersion:   Dev-Build (E1C64328-A22C-4D53-A36C-8E866417BD8C): 0
LogDevObjectVersion:   Dev-Core (375EC13C-06E4-48FB-B500-84F0262A717E): 3
LogDevObjectVersion:   Dev-Editor (E4B068ED-F494-42E9-A231-DA0B2E46BB41): 30
LogDevObjectVersion:   Dev-Framework (CFFC743F-43B0-4480-9391-14DF171D2073): 35
LogDevObjectVersion:   Dev-Mobile (B02B49B5-BB20-44E9-A304-32B752E40360): 2
LogDevObjectVersion:   Dev-Networking (A4E4105C-59A1-49B5-A7C5-40C4547EDFEE): 0
LogDevObjectVersion:   Dev-Online (39C831C9-5AE6-47DC-9A44-9C173E1C8E7C): 0
LogDevObjectVersion:   Dev-Physics (78F01B33-EBEA-4F98-B9B4-84EACCB95AA2): 0
LogDevObjectVersion:   Dev-Platform (6631380F-2D4D-43E0-8009-CF276956A95A): 0
LogDevObjectVersion:   Dev-Rendering (12F88B9F-8875-4AFC-A67C-D90C383ABD29): 28
LogDevObjectVersion:   Dev-Sequencer (7B5AE74C-D270-4C10-A958-57980B212A5A): 11
LogDevObjectVersion:   Dev-VR (D7296918-1DD6-4BDD-9DE2-64A83CC13884): 2
LogDevObjectVersion:   Dev-LoadTimes (C2A15278-BFE7-4AFE-6C17-90FF531DF755): 1
LogDevObjectVersion:   Private-Geometry (6EACA3D4-40EC-4CC1-B786-8BED09428FC5): 3
LogDevObjectVersion:   Dev-AnimPhys (29E575DD-E0A3-4627-9D10-D276232CDCEA): 17
LogDevObjectVersion:   Dev-Anim (AF43A65D-7FD3-4947-9873-3E8ED9C1BB05): 2
LogDevObjectVersion:   Dev-ReflectionCapture (6B266CEC-1EC7-4B8F-A30B-E4D90942FC07): 1
LogDevObjectVersion:   Dev-Automation (0DF73D61-A23F-47EA-B727-89E90C41499A): 1
LogDevObjectVersion:   FortniteMain (601D1886-AC64-4F84-AA16-D3DE0DEAC7D6): 25
LogDevObjectVersion:   Dev-Enterprise (9DFFBCD6-494F-0158-E221-12823C92A888): 6
LogDevObjectVersion:   Dev-Niagara (F2AED0AC-9AFE-416F-8664-AA7FFA26D6FC): 1
LogDevObjectVersion:   Dev-Destruction (174F1F0B-B4C6-45A5-B13F-2EE8D0FB917D): 2
LogInit: Presizing for max 16777216 objects, including 0 objects not considered by GC, pre-allocating 0 bytes for permanent pool.
LogInit: Object subsystem initialized
LogConfig: Setting CVar [[con.DebugEarlyDefault:1]]
LogConfig: Setting CVar [[r.setres:1280x720]]
[2019.07.09-00.18.16:336][  0]LogConfig: Setting CVar [[r.VSync:0]]
[2019.07.09-00.18.16:336][  0]LogConfig: Setting CVar [[r.RHICmdBypass:1]]
[2019.07.09-00.18.16:336][  0]LogConfig: Applying CVar settings from Section [/Script/Engine.RendererSettings] File [/home/donovan/Documents/Unreal Projects/Labarynth/Project/Saved/Config/Linux/Engine.ini]
[2019.07.09-00.18.16:336][  0]LogConfig: Setting CVar [[r.GPUCrashDebugging:0]]
[2019.07.09-00.18.16:336][  0]LogConfig: Applying CVar settings from Section [/Script/Engine.RendererOverrideSettings] File [/home/donovan/Documents/Unreal Projects/Labarynth/Project/Saved/Config/Linux/Engine.ini]
[2019.07.09-00.18.16:336][  0]LogConfig: Applying CVar settings from Section [/Script/Engine.StreamingSettings] File [/home/donovan/Documents/Unreal Projects/Labarynth/Project/Saved/Config/Linux/Engine.ini]
[2019.07.09-00.18.16:336][  0]LogConfig: Setting CVar [[s.MinBulkDataSizeForAsyncLoading:131072]]
[2019.07.09-00.18.16:336][  0]LogConfig: Setting CVar [[s.AsyncLoadingThreadEnabled:0]]
[2019.07.09-00.18.16:336][  0]LogConfig: Setting CVar [[s.EventDrivenLoaderEnabled:1]]
[2019.07.09-00.18.16:336][  0]LogConfig: Setting CVar [[s.WarnIfTimeLimitExceeded:0]]
[2019.07.09-00.18.16:336][  0]LogConfig: Setting CVar [[s.TimeLimitExceededMultiplier:1.5]]
[2019.07.09-00.18.16:336][  0]LogConfig: Setting CVar [[s.TimeLimitExceededMinTime:0.005]]
[2019.07.09-00.18.16:336][  0]LogConfig: Setting CVar [[s.UseBackgroundLevelStreaming:1]]
[2019.07.09-00.18.16:336][  0]LogConfig: Setting CVar [[s.PriorityAsyncLoadingExtraTime:15.0]]
[2019.07.09-00.18.16:336][  0]LogConfig: Setting CVar [[s.LevelStreamingActorsUpdateTimeLimit:5.0]]
[2019.07.09-00.18.16:336][  0]LogConfig: Setting CVar [[s.PriorityLevelStreamingActorsUpdateExtraTime:5.0]]
[2019.07.09-00.18.16:336][  0]LogConfig: Setting CVar [[s.LevelStreamingComponentsRegistrationGranularity:10]]
[2019.07.09-00.18.16:336][  0]LogConfig: Setting CVar [[s.UnregisterComponentsTimeLimit:1.0]]
[2019.07.09-00.18.16:336][  0]LogConfig: Setting CVar [[s.LevelStreamingComponentsUnregistrationGranularity:5]]
[2019.07.09-00.18.16:336][  0]LogConfig: Applying CVar settings from Section [/Script/Engine.GarbageCollectionSettings] File [/home/donovan/Documents/Unreal Projects/Labarynth/Project/Saved/Config/Linux/Engine.ini]
[2019.07.09-00.18.16:336][  0]LogConfig: Setting CVar [[gc.MaxObjectsNotConsideredByGC:1]]
[2019.07.09-00.18.16:336][  0]LogConfig: Setting CVar [[gc.SizeOfPermanentObjectPool:0]]
[2019.07.09-00.18.16:336][  0]LogConfig: Setting CVar [[gc.FlushStreamingOnGC:0]]
[2019.07.09-00.18.16:336][  0]LogConfig: Setting CVar [[gc.NumRetriesBeforeForcingGC:10]]
[2019.07.09-00.18.16:336][  0]LogConfig: Setting CVar [[gc.AllowParallelGC:1]]
[2019.07.09-00.18.16:336][  0]LogConfig: Setting CVar [[gc.TimeBetweenPurgingPendingKillObjects:61.1]]
[2019.07.09-00.18.16:336][  0]LogConfig: Setting CVar [[gc.MaxObjectsInEditor:16777216]]
[2019.07.09-00.18.16:336][  0]LogConfig: Setting CVar [[gc.IncrementalBeginDestroyEnabled:1]]
[2019.07.09-00.18.16:336][  0]LogConfig: Setting CVar [[gc.CreateGCClusters:1]]
[2019.07.09-00.18.16:336][  0]LogConfig: Setting CVar [[gc.MinGCClusterSize:5]]
[2019.07.09-00.18.16:336][  0]LogConfig: Setting CVar [[gc.ActorClusteringEnabled:0]]
[2019.07.09-00.18.16:336][  0]LogConfig: Setting CVar [[gc.BlueprintClusteringEnabled:0]]
[2019.07.09-00.18.16:336][  0]LogConfig: Setting CVar [[gc.UseDisregardForGCOnDedicatedServers:0]]
[2019.07.09-00.18.16:336][  0]LogConfig: Applying CVar settings from Section [/Script/Engine.NetworkSettings] File [/home/donovan/Documents/Unreal Projects/Labarynth/Project/Saved/Config/Linux/Engine.ini]
[2019.07.09-00.18.16:336][  0]LogConfig: Applying CVar settings from Section [/Script/UnrealEd.CookerSettings] File [/home/donovan/Documents/Unreal Projects/Labarynth/Project/Saved/Config/Linux/Engine.ini]
[2019.07.09-00.18.16:337][  0]LogInit: Initializing SDL.
[2019.07.09-00.18.16:443][  0]LogInit: Initialized SDL 2.0.8 revision: 11184 (hg-12121:4358e537000a with EpicExtensions) (compiled against 2.0.8)
[2019.07.09-00.18.16:443][  0]LogInit: Using SDL video driver 'x11'
[2019.07.09-00.18.16:443][  0]LogInit: Display metrics:
[2019.07.09-00.18.16:443][  0]LogInit:   PrimaryDisplayWidth: 1920
[2019.07.09-00.18.16:443][  0]LogInit:   PrimaryDisplayHeight: 1080
[2019.07.09-00.18.16:443][  0]LogInit:   PrimaryDisplayWorkAreaRect:
[2019.07.09-00.18.16:443][  0]LogInit:     Left=0, Top=27, Right=1920, Bottom=1080
[2019.07.09-00.18.16:443][  0]LogInit:   VirtualDisplayRect:
[2019.07.09-00.18.16:443][  0]LogInit:     Left=0, Top=27, Right=1920, Bottom=1080
[2019.07.09-00.18.16:443][  0]LogInit:   TitleSafePaddingSize: X=0.000 Y=0.000 Z=0.000 W=0.000
[2019.07.09-00.18.16:443][  0]LogInit:   ActionSafePaddingSize: X=0.000 Y=0.000 Z=0.000 W=0.000
[2019.07.09-00.18.16:443][  0]LogInit:   Number of monitors: 1
[2019.07.09-00.18.16:443][  0]LogInit:     Monitor 0
[2019.07.09-00.18.16:443][  0]LogInit:       Name: VX2453 Series 23"
[2019.07.09-00.18.16:443][  0]LogInit:       ID: display0
[2019.07.09-00.18.16:443][  0]LogInit:       NativeWidth: 1920
[2019.07.09-00.18.16:443][  0]LogInit:       NativeHeight: 1080
[2019.07.09-00.18.16:443][  0]LogInit:       bIsPrimary: true
[2019.07.09-00.18.16:443][  0]LogConfig: Applying CVar settings from Section [ViewDistanceQuality@3] File [/home/donovan/Documents/Unreal Projects/Labarynth/Project/Saved/Config/Linux/Scalability.ini]
[2019.07.09-00.18.16:443][  0]LogConfig: Setting CVar [[r.SkeletalMeshLODBias:0]]
[2019.07.09-00.18.16:443][  0]LogConfig: Setting CVar [[r.ViewDistanceScale:1.0]]
[2019.07.09-00.18.16:443][  0]LogConfig: Applying CVar settings from Section [AntiAliasingQuality@3] File [/home/donovan/Documents/Unreal Projects/Labarynth/Project/Saved/Config/Linux/Scalability.ini]
[2019.07.09-00.18.16:443][  0]LogConfig: Setting CVar [[r.PostProcessAAQuality:4]]
[2019.07.09-00.18.16:443][  0]LogConfig: Applying CVar settings from Section [ShadowQuality@3] File [/home/donovan/Documents/Unreal Projects/Labarynth/Project/Saved/Config/Linux/Scalability.ini]
[2019.07.09-00.18.16:443][  0]LogConfig: Setting CVar [[r.LightFunctionQuality:1]]
[2019.07.09-00.18.16:443][  0]LogConfig: Setting CVar [[r.ShadowQuality:5]]
[2019.07.09-00.18.16:443][  0]LogConfig: Setting CVar [[r.Shadow.CSM.MaxCascades:10]]
[2019.07.09-00.18.16:443][  0]LogConfig: Setting CVar [[r.Shadow.MaxResolution:2048]]
[2019.07.09-00.18.16:443][  0]LogConfig: Setting CVar [[r.Shadow.MaxCSMResolution:2048]]
[2019.07.09-00.18.16:443][  0]LogConfig: Setting CVar [[r.Shadow.RadiusThreshold:0.01]]
[2019.07.09-00.18.16:443][  0]LogConfig: Setting CVar [[r.Shadow.DistanceScale:1.0]]
[2019.07.09-00.18.16:443][  0]LogConfig: Setting CVar [[r.Shadow.CSM.TransitionScale:1.0]]
[2019.07.09-00.18.16:443][  0]LogConfig: Setting CVar [[r.Shadow.PreShadowResolutionFactor:1.0]]
[2019.07.09-00.18.16:443][  0]LogConfig: Setting CVar [[r.DistanceFieldShadowing:1]]
[2019.07.09-00.18.16:443][  0]LogConfig: Setting CVar [[r.DistanceFieldAO:1]]
[2019.07.09-00.18.16:443][  0]LogConfig: Setting CVar [[r.AOQuality:2]]
[2019.07.09-00.18.16:443][  0]LogConfig: Setting CVar [[r.VolumetricFog:1]]
[2019.07.09-00.18.16:443][  0]LogConfig: Setting CVar [[r.VolumetricFog.GridPixelSize:8]]
[2019.07.09-00.18.16:443][  0]LogConfig: Setting CVar [[r.VolumetricFog.GridSizeZ:128]]
[2019.07.09-00.18.16:443][  0]LogConfig: Setting CVar [[r.VolumetricFog.HistoryMissSupersampleCount:4]]
[2019.07.09-00.18.16:443][  0]LogConfig: Setting CVar [[r.LightMaxDrawDistanceScale:1]]
[2019.07.09-00.18.16:443][  0]LogConfig: Setting CVar [[r.CapsuleShadows:1]]
[2019.07.09-00.18.16:443][  0]LogConfig: Applying CVar settings from Section [PostProcessQuality@3] File [/home/donovan/Documents/Unreal Projects/Labarynth/Project/Saved/Config/Linux/Scalability.ini]
[2019.07.09-00.18.16:443][  0]LogConfig: Setting CVar [[r.MotionBlurQuality:4]]
[2019.07.09-00.18.16:443][  0]LogConfig: Setting CVar [[r.AmbientOcclusionMipLevelFactor:0.4]]
[2019.07.09-00.18.16:443][  0]LogConfig: Setting CVar [[r.AmbientOcclusionMaxQuality:100]]
[2019.07.09-00.18.16:443][  0]LogConfig: Setting CVar [[r.AmbientOcclusionLevels:-1]]
[2019.07.09-00.18.16:443][  0]LogConfig: Setting CVar [[r.AmbientOcclusionRadiusScale:1.0]]
[2019.07.09-00.18.16:443][  0]LogConfig: Setting CVar [[r.DepthOfFieldQuality:2]]
[2019.07.09-00.18.16:443][  0]LogConfig: Setting CVar [[r.RenderTargetPoolMin:400]]
[2019.07.09-00.18.16:443][  0]LogConfig: Setting CVar [[r.LensFlareQuality:2]]
[2019.07.09-00.18.16:443][  0]LogConfig: Setting CVar [[r.SceneColorFringeQuality:1]]
[2019.07.09-00.18.16:443][  0]LogConfig: Setting CVar [[r.EyeAdaptationQuality:2]]
[2019.07.09-00.18.16:443][  0]LogConfig: Setting CVar [[r.BloomQuality:5]]
[2019.07.09-00.18.16:443][  0]LogConfig: Setting CVar [[r.FastBlurThreshold:100]]
[2019.07.09-00.18.16:443][  0]LogConfig: Setting CVar [[r.Upscale.Quality:3]]
[2019.07.09-00.18.16:443][  0]LogConfig: Setting CVar [[r.Tonemapper.GrainQuantization:1]]
[2019.07.09-00.18.16:443][  0]LogConfig: Setting CVar [[r.LightShaftQuality:1]]
[2019.07.09-00.18.16:443][  0]LogConfig: Setting CVar [[r.Filter.SizeScale:1]]
[2019.07.09-00.18.16:443][  0]LogConfig: Setting CVar [[r.Tonemapper.Quality:5]]
[2019.07.09-00.18.16:443][  0]LogConfig: Setting CVar [[r.DOF.Gather.AccumulatorQuality:1        ; higher gathering accumulator quality]]
[2019.07.09-00.18.16:443][  0]LogConfig: Setting CVar [[r.DOF.Gather.PostfilterMethod:1          ; Median3x3 postfilering method]]
[2019.07.09-00.18.16:444][  0]LogConfig: Setting CVar [[r.DOF.Gather.EnableBokehSettings:0       ; no bokeh simulation when gathering]]
[2019.07.09-00.18.16:444][  0]LogConfig: Setting CVar [[r.DOF.Gather.RingCount:4                 ; medium number of samples when gathering]]
[2019.07.09-00.18.16:444][  0]LogConfig: Setting CVar [[r.DOF.Scatter.ForegroundCompositing:1    ; additive foreground scattering]]
[2019.07.09-00.18.16:444][  0]LogConfig: Setting CVar [[r.DOF.Scatter.BackgroundCompositing:2    ; additive background scattering]]
[2019.07.09-00.18.16:444][  0]LogConfig: Setting CVar [[r.DOF.Scatter.EnableBokehSettings:1      ; bokeh simulation when scattering]]
[2019.07.09-00.18.16:444][  0]LogConfig: Setting CVar [[r.DOF.Scatter.MaxSpriteRatio:0.1         ; only a maximum of 10% of scattered bokeh]]
[2019.07.09-00.18.16:444][  0]LogConfig: Setting CVar [[r.DOF.Recombine.Quality:1                ; cheap slight out of focus]]
[2019.07.09-00.18.16:444][  0]LogConfig: Setting CVar [[r.DOF.Recombine.EnableBokehSettings:0    ; no bokeh simulation on slight out of focus]]
[2019.07.09-00.18.16:444][  0]LogConfig: Setting CVar [[r.DOF.TemporalAAQuality:1                ; more stable temporal accumulation]]
[2019.07.09-00.18.16:444][  0]LogConfig: Setting CVar [[r.DOF.Kernel.MaxForegroundRadius:0.025]]
[2019.07.09-00.18.16:444][  0]LogConfig: Setting CVar [[r.DOF.Kernel.MaxBackgroundRadius:0.025]]
[2019.07.09-00.18.16:444][  0]LogConfig: Applying CVar settings from Section [TextureQuality@3] File [/home/donovan/Documents/Unreal Projects/Labarynth/Project/Saved/Config/Linux/Scalability.ini]
[2019.07.09-00.18.16:444][  0]LogConfig: Setting CVar [[r.Streaming.MipBias:0]]
[2019.07.09-00.18.16:444][  0]LogConfig: Setting CVar [[r.Streaming.AmortizeCPUToGPUCopy:0]]
[2019.07.09-00.18.16:444][  0]LogConfig: Setting CVar [[r.Streaming.MaxNumTexturesToStreamPerFrame:0]]
[2019.07.09-00.18.16:444][  0]LogConfig: Setting CVar [[r.Streaming.Boost:1]]
[2019.07.09-00.18.16:444][  0]LogConfig: Setting CVar [[r.MaxAnisotropy:8]]
[2019.07.09-00.18.16:444][  0]LogConfig: Setting CVar [[r.Streaming.LimitPoolSizeToVRAM:0]]
[2019.07.09-00.18.16:444][  0]LogConfig: Setting CVar [[r.Streaming.PoolSize:1000]]
[2019.07.09-00.18.16:444][  0]LogConfig: Setting CVar [[r.Streaming.MaxEffectiveScreenSize:0]]
[2019.07.09-00.18.16:444][  0]LogConfig: Applying CVar settings from Section [EffectsQuality@3] File [/home/donovan/Documents/Unreal Projects/Labarynth/Project/Saved/Config/Linux/Scalability.ini]
[2019.07.09-00.18.16:444][  0]LogConfig: Setting CVar [[r.TranslucencyLightingVolumeDim:64]]
[2019.07.09-00.18.16:444][  0]LogConfig: Setting CVar [[r.RefractionQuality:2]]
[2019.07.09-00.18.16:444][  0]LogConfig: Setting CVar [[r.SSR.Quality:3]]
[2019.07.09-00.18.16:444][  0]LogConfig: Setting CVar [[r.SceneColorFormat:4]]
[2019.07.09-00.18.16:444][  0]LogConfig: Setting CVar [[r.DetailMode:2]]
[2019.07.09-00.18.16:444][  0]LogConfig: Setting CVar [[r.TranslucencyVolumeBlur:1]]
[2019.07.09-00.18.16:444][  0]LogConfig: Setting CVar [[r.MaterialQualityLevel:1 ; High quality]]
[2019.07.09-00.18.16:444][  0]LogConfig: Setting CVar [[r.SSS.Scale:1]]
[2019.07.09-00.18.16:444][  0]LogConfig: Setting CVar [[r.SSS.SampleSet:2]]
[2019.07.09-00.18.16:444][  0]LogConfig: Setting CVar [[r.SSS.Quality:1]]
[2019.07.09-00.18.16:444][  0]LogConfig: Setting CVar [[r.SSS.HalfRes:1]]
[2019.07.09-00.18.16:444][  0]LogConfig: Setting CVar [[r.EmitterSpawnRateScale:1.0]]
[2019.07.09-00.18.16:444][  0]LogConfig: Setting CVar [[r.ParticleLightQuality:2]]
[2019.07.09-00.18.16:444][  0]LogConfig: Applying CVar settings from Section [FoliageQuality@3] File [/home/donovan/Documents/Unreal Projects/Labarynth/Project/Saved/Config/Linux/Scalability.ini]
[2019.07.09-00.18.16:444][  0]LogConfig: Setting CVar [[foliage.DensityScale:1.0]]
[2019.07.09-00.18.16:444][  0]LogConfig: Setting CVar [[grass.DensityScale:1.0]]
[2019.07.09-00.18.16:444][  0]LogLinux: Selected Device Profile: [Linux]
[2019.07.09-00.18.16:444][  0]LogInit: Applying CVar settings loaded from the selected device profile: [Linux]
[2019.07.09-00.18.16:455][  0]LogHAL: Display: Platform has ~ 4 GB [10413928448 / 4294967296 / 10], which maps to Smallest [LargestMinGB=32, LargerMinGB=12, DefaultMinGB=8, SmallerMinGB=6, SmallestMinGB=0)
[2019.07.09-00.18.16:455][  0]LogInit: Going up to parent DeviceProfile []
[2019.07.09-00.18.16:455][  0]LogConfig: Applying CVar settings from Section [ViewDistanceQuality@3] File [/home/donovan/Documents/Unreal Projects/Labarynth/Project/Saved/Config/Linux/Scalability.ini]
[2019.07.09-00.18.16:455][  0]LogConfig: Setting CVar [[r.SkeletalMeshLODBias:0]]
[2019.07.09-00.18.16:455][  0]LogConfig: Setting CVar [[r.ViewDistanceScale:1.0]]
[2019.07.09-00.18.16:455][  0]LogConfig: Applying CVar settings from Section [AntiAliasingQuality@3] File [/home/donovan/Documents/Unreal Projects/Labarynth/Project/Saved/Config/Linux/Scalability.ini]
[2019.07.09-00.18.16:455][  0]LogConfig: Setting CVar [[r.PostProcessAAQuality:4]]
[2019.07.09-00.18.16:455][  0]LogConfig: Applying CVar settings from Section [ShadowQuality@3] File [/home/donovan/Documents/Unreal Projects/Labarynth/Project/Saved/Config/Linux/Scalability.ini]
[2019.07.09-00.18.16:455][  0]LogConfig: Setting CVar [[r.LightFunctionQuality:1]]
[2019.07.09-00.18.16:455][  0]LogConfig: Setting CVar [[r.ShadowQuality:5]]
[2019.07.09-00.18.16:455][  0]LogConfig: Setting CVar [[r.Shadow.CSM.MaxCascades:10]]
[2019.07.09-00.18.16:455][  0]LogConfig: Setting CVar [[r.Shadow.MaxResolution:2048]]
[2019.07.09-00.18.16:455][  0]LogConfig: Setting CVar [[r.Shadow.MaxCSMResolution:2048]]
[2019.07.09-00.18.16:455][  0]LogConfig: Setting CVar [[r.Shadow.RadiusThreshold:0.01]]
[2019.07.09-00.18.16:455][  0]LogConfig: Setting CVar [[r.Shadow.DistanceScale:1.0]]
[2019.07.09-00.18.16:455][  0]LogConfig: Setting CVar [[r.Shadow.CSM.TransitionScale:1.0]]
[2019.07.09-00.18.16:455][  0]LogConfig: Setting CVar [[r.Shadow.PreShadowResolutionFactor:1.0]]
[2019.07.09-00.18.16:455][  0]LogConfig: Setting CVar [[r.DistanceFieldShadowing:1]]
[2019.07.09-00.18.16:455][  0]LogConfig: Setting CVar [[r.DistanceFieldAO:1]]
[2019.07.09-00.18.16:455][  0]LogConfig: Setting CVar [[r.AOQuality:2]]
[2019.07.09-00.18.16:455][  0]LogConfig: Setting CVar [[r.VolumetricFog:1]]
[2019.07.09-00.18.16:455][  0]LogConfig: Setting CVar [[r.VolumetricFog.GridPixelSize:8]]
[2019.07.09-00.18.16:455][  0]LogConfig: Setting CVar [[r.VolumetricFog.GridSizeZ:128]]
[2019.07.09-00.18.16:455][  0]LogConfig: Setting CVar [[r.VolumetricFog.HistoryMissSupersampleCount:4]]
[2019.07.09-00.18.16:455][  0]LogConfig: Setting CVar [[r.LightMaxDrawDistanceScale:1]]
[2019.07.09-00.18.16:455][  0]LogConfig: Setting CVar [[r.CapsuleShadows:1]]
[2019.07.09-00.18.16:455][  0]LogConfig: Applying CVar settings from Section [PostProcessQuality@3] File [/home/donovan/Documents/Unreal Projects/Labarynth/Project/Saved/Config/Linux/Scalability.ini]
[2019.07.09-00.18.16:455][  0]LogConfig: Setting CVar [[r.MotionBlurQuality:4]]
[2019.07.09-00.18.16:455][  0]LogConfig: Setting CVar [[r.AmbientOcclusionMipLevelFactor:0.4]]
[2019.07.09-00.18.16:456][  0]LogConfig: Setting CVar [[r.AmbientOcclusionMaxQuality:100]]
[2019.07.09-00.18.16:456][  0]LogConfig: Setting CVar [[r.AmbientOcclusionLevels:-1]]
[2019.07.09-00.18.16:456][  0]LogConfig: Setting CVar [[r.AmbientOcclusionRadiusScale:1.0]]
[2019.07.09-00.18.16:456][  0]LogConfig: Setting CVar [[r.DepthOfFieldQuality:2]]
[2019.07.09-00.18.16:456][  0]LogConfig: Setting CVar [[r.RenderTargetPoolMin:400]]
[2019.07.09-00.18.16:456][  0]LogConfig: Setting CVar [[r.LensFlareQuality:2]]
[2019.07.09-00.18.16:456][  0]LogConfig: Setting CVar [[r.SceneColorFringeQuality:1]]
[2019.07.09-00.18.16:456][  0]LogConfig: Setting CVar [[r.EyeAdaptationQuality:2]]
[2019.07.09-00.18.16:456][  0]LogConfig: Setting CVar [[r.BloomQuality:5]]
[2019.07.09-00.18.16:456][  0]LogConfig: Setting CVar [[r.FastBlurThreshold:100]]
[2019.07.09-00.18.16:456][  0]LogConfig: Setting CVar [[r.Upscale.Quality:3]]
[2019.07.09-00.18.16:456][  0]LogConfig: Setting CVar [[r.Tonemapper.GrainQuantization:1]]
[2019.07.09-00.18.16:456][  0]LogConfig: Setting CVar [[r.LightShaftQuality:1]]
[2019.07.09-00.18.16:456][  0]LogConfig: Setting CVar [[r.Filter.SizeScale:1]]
[2019.07.09-00.18.16:456][  0]LogConfig: Setting CVar [[r.Tonemapper.Quality:5]]
[2019.07.09-00.18.16:456][  0]LogConfig: Setting CVar [[r.DOF.Gather.AccumulatorQuality:1        ; higher gathering accumulator quality]]
[2019.07.09-00.18.16:456][  0]LogConfig: Setting CVar [[r.DOF.Gather.PostfilterMethod:1          ; Median3x3 postfilering method]]
[2019.07.09-00.18.16:456][  0]LogConfig: Setting CVar [[r.DOF.Gather.EnableBokehSettings:0       ; no bokeh simulation when gathering]]
[2019.07.09-00.18.16:456][  0]LogConfig: Setting CVar [[r.DOF.Gather.RingCount:4                 ; medium number of samples when gathering]]
[2019.07.09-00.18.16:456][  0]LogConfig: Setting CVar [[r.DOF.Scatter.ForegroundCompositing:1    ; additive foreground scattering]]
[2019.07.09-00.18.16:456][  0]LogConfig: Setting CVar [[r.DOF.Scatter.BackgroundCompositing:2    ; additive background scattering]]
[2019.07.09-00.18.16:456][  0]LogConfig: Setting CVar [[r.DOF.Scatter.EnableBokehSettings:1      ; bokeh simulation when scattering]]
[2019.07.09-00.18.16:456][  0]LogConfig: Setting CVar [[r.DOF.Scatter.MaxSpriteRatio:0.1         ; only a maximum of 10% of scattered bokeh]]
[2019.07.09-00.18.16:456][  0]LogConfig: Setting CVar [[r.DOF.Recombine.Quality:1                ; cheap slight out of focus]]
[2019.07.09-00.18.16:456][  0]LogConfig: Setting CVar [[r.DOF.Recombine.EnableBokehSettings:0    ; no bokeh simulation on slight out of focus]]
[2019.07.09-00.18.16:456][  0]LogConfig: Setting CVar [[r.DOF.TemporalAAQuality:1                ; more stable temporal accumulation]]
[2019.07.09-00.18.16:456][  0]LogConfig: Setting CVar [[r.DOF.Kernel.MaxForegroundRadius:0.025]]
[2019.07.09-00.18.16:456][  0]LogConfig: Setting CVar [[r.DOF.Kernel.MaxBackgroundRadius:0.025]]
[2019.07.09-00.18.16:456][  0]LogConfig: Applying CVar settings from Section [TextureQuality@3] File [/home/donovan/Documents/Unreal Projects/Labarynth/Project/Saved/Config/Linux/Scalability.ini]
[2019.07.09-00.18.16:456][  0]LogConfig: Setting CVar [[r.Streaming.MipBias:0]]
[2019.07.09-00.18.16:456][  0]LogConfig: Setting CVar [[r.Streaming.AmortizeCPUToGPUCopy:0]]
[2019.07.09-00.18.16:456][  0]LogConfig: Setting CVar [[r.Streaming.MaxNumTexturesToStreamPerFrame:0]]
[2019.07.09-00.18.16:456][  0]LogConfig: Setting CVar [[r.Streaming.Boost:1]]
[2019.07.09-00.18.16:456][  0]LogConfig: Setting CVar [[r.MaxAnisotropy:8]]
[2019.07.09-00.18.16:456][  0]LogConfig: Setting CVar [[r.Streaming.LimitPoolSizeToVRAM:0]]
[2019.07.09-00.18.16:456][  0]LogConfig: Setting CVar [[r.Streaming.PoolSize:1000]]
[2019.07.09-00.18.16:456][  0]LogConfig: Setting CVar [[r.Streaming.MaxEffectiveScreenSize:0]]
[2019.07.09-00.18.16:456][  0]LogConfig: Applying CVar settings from Section [EffectsQuality@3] File [/home/donovan/Documents/Unreal Projects/Labarynth/Project/Saved/Config/Linux/Scalability.ini]
[2019.07.09-00.18.16:456][  0]LogConfig: Setting CVar [[r.TranslucencyLightingVolumeDim:64]]
[2019.07.09-00.18.16:456][  0]LogConfig: Setting CVar [[r.RefractionQuality:2]]
[2019.07.09-00.18.16:456][  0]LogConfig: Setting CVar [[r.SSR.Quality:3]]
[2019.07.09-00.18.16:456][  0]LogConfig: Setting CVar [[r.SceneColorFormat:4]]
[2019.07.09-00.18.16:456][  0]LogConfig: Setting CVar [[r.DetailMode:2]]
[2019.07.09-00.18.16:456][  0]LogConfig: Setting CVar [[r.TranslucencyVolumeBlur:1]]
[2019.07.09-00.18.16:456][  0]LogConfig: Setting CVar [[r.MaterialQualityLevel:1 ; High quality]]
[2019.07.09-00.18.16:456][  0]LogConfig: Setting CVar [[r.SSS.Scale:1]]
[2019.07.09-00.18.16:456][  0]LogConfig: Setting CVar [[r.SSS.SampleSet:2]]
[2019.07.09-00.18.16:456][  0]LogConfig: Setting CVar [[r.SSS.Quality:1]]
[2019.07.09-00.18.16:456][  0]LogConfig: Setting CVar [[r.SSS.HalfRes:1]]
[2019.07.09-00.18.16:456][  0]LogConfig: Setting CVar [[r.EmitterSpawnRateScale:1.0]]
[2019.07.09-00.18.16:456][  0]LogConfig: Setting CVar [[r.ParticleLightQuality:2]]
[2019.07.09-00.18.16:456][  0]LogConfig: Applying CVar settings from Section [FoliageQuality@3] File [/home/donovan/Documents/Unreal Projects/Labarynth/Project/Saved/Config/Linux/Scalability.ini]
[2019.07.09-00.18.16:456][  0]LogConfig: Setting CVar [[foliage.DensityScale:1.0]]
[2019.07.09-00.18.16:456][  0]LogConfig: Setting CVar [[grass.DensityScale:1.0]]
[2019.07.09-00.18.16:456][  0]LogConfig: Applying CVar settings from Section [Startup] File [../../../Engine/Config/ConsoleVariables.ini]
[2019.07.09-00.18.16:456][  0]LogConfig: Setting CVar [[net.UseAdaptiveNetUpdateFrequency:0]]
[2019.07.09-00.18.16:456][  0]LogConfig: Setting CVar [[p.chaos.AllowCreatePhysxBodies:1]]
[2019.07.09-00.18.16:456][  0]LogConfig: Applying CVar settings from Section [ConsoleVariables] File [/home/donovan/Documents/Unreal Projects/Labarynth/Project/Saved/Config/Linux/Engine.ini]
[2019.07.09-00.18.16:456][  0]LogConfig: Setting CVar [[g.TimeoutForBlockOnRenderFence:60000]]
[2019.07.09-00.18.16:457][  0]LogInit: Unix hardware info:
[2019.07.09-00.18.16:457][  0]LogInit:  - we are the first instance of this executable
[2019.07.09-00.18.16:457][  0]LogInit:  - this process' id (pid) is 23117, parent process' id (ppid) is 6527
[2019.07.09-00.18.16:457][  0]LogInit:  - we are not running under debugger
[2019.07.09-00.18.16:457][  0]LogInit:  - machine network name is 'donovan-FR'
[2019.07.09-00.18.16:457][  0]LogInit:  - user name is 'donovan' (donovan)
[2019.07.09-00.18.16:457][  0]LogInit:  - we're logged in locally
[2019.07.09-00.18.16:457][  0]LogInit:  - we're running with rendering
[2019.07.09-00.18.16:457][  0]LogInit:  - CPU: GenuineIntel 'Intel(R) Core(TM) i5-4570 CPU @ 3.20GHz' (signature: 0x306C3)
[2019.07.09-00.18.16:457][  0]LogInit:  - Number of physical cores available for the process: 4
[2019.07.09-00.18.16:457][  0]LogInit:  - Number of logical cores available for the process: 4
[2019.07.09-00.18.16:457][  0]LogInit:  - Cache line size: 64
[2019.07.09-00.18.16:457][  0]LogInit:  - Memory allocator used: binned2
[2019.07.09-00.18.16:457][  0]LogInit:  - This binary is optimized with LTO: no, PGO: no, instrumented for PGO data collection: no
[2019.07.09-00.18.16:457][  0]LogCore: Benchmarking clocks:
[2019.07.09-00.18.16:457][  0]LogCore:  - CLOCK_MONOTONIC (id=1) can sustain 57130787 (57131K, 57M) calls per second without zero deltas.
[2019.07.09-00.18.16:457][  0]LogCore:  - CLOCK_MONOTONIC_RAW (id=4) can sustain 2356413 (2356K, 2M) calls per second without zero deltas.
[2019.07.09-00.18.16:457][  0]LogCore:  - CLOCK_MONOTONIC_COARSE (id=6) can sustain 160790916 (160791K, 161M) calls per second with 99.999839% zero deltas.
[2019.07.09-00.18.16:457][  0]LogCore: Selected clock_id 1 (CLOCK_MONOTONIC) since it is the fastest support clock without zero deltas.
[2019.07.09-00.18.16:457][  0]LogInit: Unix-specific commandline switches:
[2019.07.09-00.18.16:457][  0]LogInit:  -ansimalloc - use malloc()/free() from libc (useful for tools like valgrind and electric fence)
[2019.07.09-00.18.16:457][  0]LogInit:  -jemalloc - use jemalloc for all memory allocation
[2019.07.09-00.18.16:457][  0]LogInit:  -binnedmalloc - use binned malloc  for all memory allocation
[2019.07.09-00.18.16:457][  0]LogInit:  -filemapcachesize=NUMBER - set the size for case-sensitive file mapping cache
[2019.07.09-00.18.16:457][  0]LogInit:  -useksm - uses kernel same-page mapping (KSM) for mapped memory (OFF)
[2019.07.09-00.18.16:457][  0]LogInit:  -ksmmergeall - marks all mmap'd memory pages suitable for KSM (OFF)
[2019.07.09-00.18.16:457][  0]LogInit:  -preloadmodulesymbols - Loads the main module symbols file into memory (OFF)
[2019.07.09-00.18.16:457][  0]LogInit:  -sigdfl=SIGNAL - Allows a specific signal to be set to its default handler rather then ignoring the signal
[2019.07.09-00.18.16:457][  0]LogInit:  -httpproxy=ADDRESS:PORT - redirects HTTP requests to a proxy (only supported if compiled with libcurl)
[2019.07.09-00.18.16:457][  0]LogInit:  -reuseconn - allow libcurl to reuse HTTP connections (only matters if compiled with libcurl)
[2019.07.09-00.18.16:457][  0]LogInit:  -virtmemkb=NUMBER - sets process virtual memory (address space) limit (overrides VirtualMemoryLimitInKB value from .ini)
[2019.07.09-00.18.16:457][  0]LogInit:  - Physical RAM available (not considering process quota): 10 GB (9931 MB, 10169852 KB, 10413928448 bytes)
[2019.07.09-00.18.16:457][  0]LogInit:  - VirtualMemoryAllocator pools will grow at scale 1.4
[2019.07.09-00.18.16:457][  0]LogInit:  - MemoryRangeDecommit() will be a no-op (re-run with -vmapoolevict to change)
[2019.07.09-00.18.16:666][  0]LogInit: Using OS detected language (en-US).
[2019.07.09-00.18.16:666][  0]LogInit: Using OS detected locale (en-US).
[2019.07.09-00.18.16:667][  0]LogTextLocalizationManager: No specific localization for 'en-US' exists, so the 'en' localization will be used.
[2019.07.09-00.18.16:920][  0]LogSlate: New Slate User Created.  User Index 0, Is Virtual User: 0
[2019.07.09-00.18.16:921][  0]LogSlate: Slate User Registered.  User Index 0, Is Virtual User: 0
[2019.07.09-00.18.17:747][  0]LogInit: Using SDL_WINDOW_VULKAN
[2019.07.09-00.18.17:760][  0]LogVulkanRHI: Display: - Found instance layer VK_LAYER_LUNARG_standard_validation
[2019.07.09-00.18.17:760][  0]LogVulkanRHI: Display: - Found instance layer VK_LAYER_VALVE_steam_fossilize_32
[2019.07.09-00.18.17:760][  0]LogVulkanRHI: Display: - Found instance layer VK_LAYER_VALVE_steam_fossilize_64
[2019.07.09-00.18.17:760][  0]LogVulkanRHI: Display: - Found instance layer VK_LAYER_VALVE_steam_overlay_32
[2019.07.09-00.18.17:760][  0]LogVulkanRHI: Display: - Found instance layer VK_LAYER_VALVE_steam_overlay_64
[2019.07.09-00.18.17:760][  0]LogVulkanRHI: Display: - Found instance extension VK_EXT_acquire_xlib_display
[2019.07.09-00.18.17:760][  0]LogVulkanRHI: Display: - Found instance extension VK_EXT_debug_report
[2019.07.09-00.18.17:760][  0]LogVulkanRHI: Display: - Found instance extension VK_EXT_debug_utils
[2019.07.09-00.18.17:760][  0]LogVulkanRHI: Display: - Found instance extension VK_EXT_direct_mode_display
[2019.07.09-00.18.17:760][  0]LogVulkanRHI: Display: - Found instance extension VK_EXT_display_surface_counter
[2019.07.09-00.18.17:761][  0]LogVulkanRHI: Display: - Found instance extension VK_KHR_device_group_creation
[2019.07.09-00.18.17:761][  0]LogVulkanRHI: Display: - Found instance extension VK_KHR_display
[2019.07.09-00.18.17:761][  0]LogVulkanRHI: Display: - Found instance extension VK_KHR_external_fence_capabilities
[2019.07.09-00.18.17:761][  0]LogVulkanRHI: Display: - Found instance extension VK_KHR_external_memory_capabilities
[2019.07.09-00.18.17:761][  0]LogVulkanRHI: Display: - Found instance extension VK_KHR_external_semaphore_capabilities
[2019.07.09-00.18.17:761][  0]LogVulkanRHI: Display: - Found instance extension VK_KHR_get_physical_device_properties2
[2019.07.09-00.18.17:761][  0]LogVulkanRHI: Display: - Found instance extension VK_KHR_get_surface_capabilities2
[2019.07.09-00.18.17:761][  0]LogVulkanRHI: Display: - Found instance extension VK_KHR_surface
[2019.07.09-00.18.17:761][  0]LogVulkanRHI: Display: - Found instance extension VK_KHR_xcb_surface
[2019.07.09-00.18.17:761][  0]LogVulkanRHI: Display: - Found instance extension VK_KHR_xlib_surface
[2019.07.09-00.18.17:761][  0]LogHMD: Failed to initialize OpenVR with code 110
[2019.07.09-00.18.17:761][  0]LogVulkanRHI: Display: Not using instance layers
[2019.07.09-00.18.17:761][  0]LogVulkanRHI: Display: Using instance extensions
[2019.07.09-00.18.17:761][  0]LogVulkanRHI: Display: * VK_KHR_surface
[2019.07.09-00.18.17:761][  0]LogVulkanRHI: Display: * VK_KHR_xlib_surface
[2019.07.09-00.18.17:767][  0]LogVulkanRHI: Display: Found 1 device(s)
[2019.07.09-00.18.17:767][  0]LogVulkanRHI: Display: Device 0: GeForce GTX 1060 6GB
[2019.07.09-00.18.17:767][  0]LogVulkanRHI: Display: - API 1.1.95(0x40105f) Driver 0x6890c000 VendorId 0x10de
[2019.07.09-00.18.17:767][  0]LogVulkanRHI: Display: - DeviceID 0x1c03 Type Discrete GPU
[2019.07.09-00.18.17:767][  0]LogVulkanRHI: Display: - Max Descriptor Sets Bound 32 Timestamps 1
[2019.07.09-00.18.17:767][  0]LogVulkanRHI: Display: Using Device 0: Geometry 1 Tessellation 1
[2019.07.09-00.18.17:768][  0]LogVulkanRHI: Display: - Found device extension VK_EXT_blend_operation_advanced
[2019.07.09-00.18.17:768][  0]LogVulkanRHI: Display: - Found device extension VK_EXT_conditional_rendering
[2019.07.09-00.18.17:768][  0]LogVulkanRHI: Display: - Found device extension VK_EXT_conservative_rasterization
[2019.07.09-00.18.17:768][  0]LogVulkanRHI: Display: - Found device extension VK_EXT_depth_range_unrestricted
[2019.07.09-00.18.17:768][  0]LogVulkanRHI: Display: - Found device extension VK_EXT_descriptor_indexing
[2019.07.09-00.18.17:768][  0]LogVulkanRHI: Display: - Found device extension VK_EXT_discard_rectangles
[2019.07.09-00.18.17:768][  0]LogVulkanRHI: Display: - Found device extension VK_EXT_display_control
[2019.07.09-00.18.17:768][  0]LogVulkanRHI: Display: - Found device extension VK_EXT_global_priority
[2019.07.09-00.18.17:768][  0]LogVulkanRHI: Display: - Found device extension VK_EXT_inline_uniform_block
[2019.07.09-00.18.17:768][  0]LogVulkanRHI: Display: - Found device extension VK_EXT_post_depth_coverage
[2019.07.09-00.18.17:768][  0]LogVulkanRHI: Display: - Found device extension VK_EXT_sample_locations
[2019.07.09-00.18.17:768][  0]LogVulkanRHI: Display: - Found device extension VK_EXT_sampler_filter_minmax
[2019.07.09-00.18.17:768][  0]LogVulkanRHI: Display: - Found device extension VK_EXT_scalar_block_layout
[2019.07.09-00.18.17:768][  0]LogVulkanRHI: Display: - Found device extension VK_EXT_shader_subgroup_ballot
[2019.07.09-00.18.17:768][  0]LogVulkanRHI: Display: - Found device extension VK_EXT_shader_subgroup_vote
[2019.07.09-00.18.17:768][  0]LogVulkanRHI: Display: - Found device extension VK_EXT_shader_viewport_index_layer
[2019.07.09-00.18.17:768][  0]LogVulkanRHI: Display: - Found device extension VK_EXT_transform_feedback
[2019.07.09-00.18.17:768][  0]LogVulkanRHI: Display: - Found device extension VK_EXT_vertex_attribute_divisor
[2019.07.09-00.18.17:768][  0]LogVulkanRHI: Display: - Found device extension VK_KHR_16bit_storage
[2019.07.09-00.18.17:768][  0]LogVulkanRHI: Display: - Found device extension VK_KHR_8bit_storage
[2019.07.09-00.18.17:768][  0]LogVulkanRHI: Display: - Found device extension VK_KHR_bind_memory2
[2019.07.09-00.18.17:768][  0]LogVulkanRHI: Display: - Found device extension VK_KHR_create_renderpass2
[2019.07.09-00.18.17:768][  0]LogVulkanRHI: Display: - Found device extension VK_KHR_dedicated_allocation
[2019.07.09-00.18.17:768][  0]LogVulkanRHI: Display: - Found device extension VK_KHR_depth_stencil_resolve
[2019.07.09-00.18.17:768][  0]LogVulkanRHI: Display: - Found device extension VK_KHR_descriptor_update_template
[2019.07.09-00.18.17:768][  0]LogVulkanRHI: Display: - Found device extension VK_KHR_device_group
[2019.07.09-00.18.17:768][  0]LogVulkanRHI: Display: - Found device extension VK_KHR_draw_indirect_count
[2019.07.09-00.18.17:768][  0]LogVulkanRHI: Display: - Found device extension VK_KHR_driver_properties
[2019.07.09-00.18.17:768][  0]LogVulkanRHI: Display: - Found device extension VK_KHR_external_fence
[2019.07.09-00.18.17:768][  0]LogVulkanRHI: Display: - Found device extension VK_KHR_external_fence_fd
[2019.07.09-00.18.17:768][  0]LogVulkanRHI: Display: - Found device extension VK_KHR_external_memory
[2019.07.09-00.18.17:768][  0]LogVulkanRHI: Display: - Found device extension VK_KHR_external_memory_fd
[2019.07.09-00.18.17:768][  0]LogVulkanRHI: Display: - Found device extension VK_KHR_external_semaphore
[2019.07.09-00.18.17:768][  0]LogVulkanRHI: Display: - Found device extension VK_KHR_external_semaphore_fd
[2019.07.09-00.18.17:768][  0]LogVulkanRHI: Display: - Found device extension VK_KHR_get_memory_requirements2
[2019.07.09-00.18.17:768][  0]LogVulkanRHI: Display: - Found device extension VK_KHR_image_format_list
[2019.07.09-00.18.17:768][  0]LogVulkanRHI: Display: - Found device extension VK_KHR_maintenance1
[2019.07.09-00.18.17:768][  0]LogVulkanRHI: Display: - Found device extension VK_KHR_maintenance2
[2019.07.09-00.18.17:768][  0]LogVulkanRHI: Display: - Found device extension VK_KHR_maintenance3
[2019.07.09-00.18.17:768][  0]LogVulkanRHI: Display: - Found device extension VK_KHR_multiview
[2019.07.09-00.18.17:768][  0]LogVulkanRHI: Display: - Found device extension VK_KHR_push_descriptor
[2019.07.09-00.18.17:768][  0]LogVulkanRHI: Display: - Found device extension VK_KHR_relaxed_block_layout
[2019.07.09-00.18.17:768][  0]LogVulkanRHI: Display: - Found device extension VK_KHR_sampler_mirror_clamp_to_edge
[2019.07.09-00.18.17:768][  0]LogVulkanRHI: Display: - Found device extension VK_KHR_sampler_ycbcr_conversion
[2019.07.09-00.18.17:768][  0]LogVulkanRHI: Display: - Found device extension VK_KHR_shader_atomic_int64
[2019.07.09-00.18.17:768][  0]LogVulkanRHI: Display: - Found device extension VK_KHR_shader_draw_parameters
[2019.07.09-00.18.17:768][  0]LogVulkanRHI: Display: - Found device extension VK_KHR_shader_float16_int8
[2019.07.09-00.18.17:768][  0]LogVulkanRHI: Display: - Found device extension VK_KHR_shader_float_controls
[2019.07.09-00.18.17:768][  0]LogVulkanRHI: Display: - Found device extension VK_KHR_storage_buffer_storage_class
[2019.07.09-00.18.17:768][  0]LogVulkanRHI: Display: - Found device extension VK_KHR_swapchain
[2019.07.09-00.18.17:768][  0]LogVulkanRHI: Display: - Found device extension VK_KHR_swapchain_mutable_format
[2019.07.09-00.18.17:768][  0]LogVulkanRHI: Display: - Found device extension VK_KHR_variable_pointers
[2019.07.09-00.18.17:768][  0]LogVulkanRHI: Display: - Found device extension VK_KHR_vulkan_memory_model
[2019.07.09-00.18.17:768][  0]LogVulkanRHI: Display: - Found device extension VK_NV_clip_space_w_scaling
[2019.07.09-00.18.17:768][  0]LogVulkanRHI: Display: - Found device extension VK_NV_dedicated_allocation
[2019.07.09-00.18.17:768][  0]LogVulkanRHI: Display: - Found device extension VK_NV_device_diagnostic_checkpoints
[2019.07.09-00.18.17:768][  0]LogVulkanRHI: Display: - Found device extension VK_NV_fill_rectangle
[2019.07.09-00.18.17:768][  0]LogVulkanRHI: Display: - Found device extension VK_NV_fragment_coverage_to_color
[2019.07.09-00.18.17:768][  0]LogVulkanRHI: Display: - Found device extension VK_NV_framebuffer_mixed_samples
[2019.07.09-00.18.17:768][  0]LogVulkanRHI: Display: - Found device extension VK_NV_geometry_shader_passthrough
[2019.07.09-00.18.17:768][  0]LogVulkanRHI: Display: - Found device extension VK_NV_ray_tracing
[2019.07.09-00.18.17:768][  0]LogVulkanRHI: Display: - Found device extension VK_NV_sample_mask_override_coverage
[2019.07.09-00.18.17:768][  0]LogVulkanRHI: Display: - Found device extension VK_NV_shader_subgroup_partitioned
[2019.07.09-00.18.17:768][  0]LogVulkanRHI: Display: - Found device extension VK_NV_viewport_array2
[2019.07.09-00.18.17:768][  0]LogVulkanRHI: Display: - Found device extension VK_NV_viewport_swizzle
[2019.07.09-00.18.17:768][  0]LogVulkanRHI: Display: - Found device extension VK_NVX_device_generated_commands
[2019.07.09-00.18.17:768][  0]LogVulkanRHI: Display: - Found device extension VK_NVX_multiview_per_view_attributes
[2019.07.09-00.18.17:768][  0]LogVulkanRHI: Display: Using device extensions
[2019.07.09-00.18.17:768][  0]LogVulkanRHI: Display: * VK_KHR_swapchain
[2019.07.09-00.18.17:768][  0]LogVulkanRHI: Display: * VK_KHR_maintenance1
[2019.07.09-00.18.17:768][  0]LogVulkanRHI: Display: * VK_KHR_maintenance2
[2019.07.09-00.18.17:768][  0]LogVulkanRHI: Display: Found 3 Queue Families
[2019.07.09-00.18.17:768][  0]LogVulkanRHI: Display: Initializing Queue Family 0: 16 queues Gfx Compute Xfer Sparse
[2019.07.09-00.18.17:768][  0]LogVulkanRHI: Display: Initializing Queue Family 1: 1 queues Xfer
[2019.07.09-00.18.17:768][  0]LogVulkanRHI: Display: Skipping unnecessary Queue Family 2: 8 queues Compute
[2019.07.09-00.18.17:978][  0]LogVulkanRHI: Display: 2 Device Memory Heaps; Max memory allocations -1
[2019.07.09-00.18.17:978][  0]LogVulkanRHI: Display: 0: Flags 0x1 Size 6442450944 (6144.00 MB) GPU
[2019.07.09-00.18.17:978][  0]LogVulkanRHI: Display: 1: Flags 0x0 Size 7810446336 (7448.62 MB) 
[2019.07.09-00.18.17:978][  0]LogVulkanRHI: Display: 11 Device Memory Types (Not unified)
[2019.07.09-00.18.17:978][  0]LogVulkanRHI: Display: 0: Flags 0x0 Heap 1 
[2019.07.09-00.18.17:978][  0]LogVulkanRHI: Display: 1: Flags 0x0 Heap 1 
[2019.07.09-00.18.17:978][  0]LogVulkanRHI: Display: 2: Flags 0x0 Heap 1 
[2019.07.09-00.18.17:978][  0]LogVulkanRHI: Display: 3: Flags 0x0 Heap 1 
[2019.07.09-00.18.17:978][  0]LogVulkanRHI: Display: 4: Flags 0x0 Heap 1 
[2019.07.09-00.18.17:978][  0]LogVulkanRHI: Display: 5: Flags 0x0 Heap 1 
[2019.07.09-00.18.17:978][  0]LogVulkanRHI: Display: 6: Flags 0x0 Heap 1 
[2019.07.09-00.18.17:978][  0]LogVulkanRHI: Display: 7: Flags 0x1 Heap 0  Local
[2019.07.09-00.18.17:978][  0]LogVulkanRHI: Display: 8: Flags 0x1 Heap 0  Local
[2019.07.09-00.18.17:978][  0]LogVulkanRHI: Display: 9: Flags 0x6 Heap 1  HostVisible HostCoherent
[2019.07.09-00.18.17:978][  0]LogVulkanRHI: Display: 10: Flags 0xe Heap 1  HostVisible HostCoherent HostCached
[2019.07.09-00.18.17:994][  0]LogVulkanRHI: Display: FVulkanPipelineStateCacheManager: Binary pipeline cache '../../../../../home/donovan/Documents/Unreal Projects/Labarynth/Project/Saved/VulkanPSO.cache.10de.1c03' not found.
[2019.07.09-00.18.18:002][  0]LogVulkanRHI: Display: Nvidia User Driver Version = 418.67
[2019.07.09-00.18.18:011][  0]LogRendererCore: FGlobalReadBuffer::InitRHI
[2019.07.09-00.18.18:011][  0]LogRendererCore: FGlobalReadBuffer::InitRHI
[2019.07.09-00.18.18:011][  0]LogRendererCore: FGlobalReadBuffer::InitRHI
[2019.07.09-00.18.18:013][  0]LogRHI: Texture pool is 4085 MB (70% of 5836 MB)
[2019.07.09-00.18.18:659][  0]LogTemp: Display: Module 'AllDesktopTargetPlatform' loaded TargetPlatform 'AllDesktop'
[2019.07.09-00.18.18:819][  0]LogTemp: Display: Module 'HTML5TargetPlatform' loaded TargetPlatform 'HTML5'
[2019.07.09-00.18.18:994][  0]LogTemp: Display: Module 'LinuxClientTargetPlatform' loaded TargetPlatform 'LinuxClient'
[2019.07.09-00.18.19:162][  0]LogTemp: Display: Module 'LinuxNoEditorTargetPlatform' loaded TargetPlatform 'LinuxNoEditor'
[2019.07.09-00.18.19:340][  0]LogTemp: Display: Module 'LinuxServerTargetPlatform' loaded TargetPlatform 'LinuxServer'
[2019.07.09-00.18.19:501][  0]LogTemp: Display: Module 'LinuxTargetPlatform' loaded TargetPlatform 'Linux'
[2019.07.09-00.18.19:721][  0]LogTemp: Display: Module 'AndroidTargetPlatform' loaded TargetPlatform 'Android'
[2019.07.09-00.18.19:721][  0]LogTemp: Display: Module 'AndroidTargetPlatform' loaded TargetPlatform 'Android_ASTC'
[2019.07.09-00.18.19:721][  0]LogTemp: Display: Module 'AndroidTargetPlatform' loaded TargetPlatform 'Android_ATC'
[2019.07.09-00.18.19:721][  0]LogTemp: Display: Module 'AndroidTargetPlatform' loaded TargetPlatform 'Android_DXT'
[2019.07.09-00.18.19:721][  0]LogTemp: Display: Module 'AndroidTargetPlatform' loaded TargetPlatform 'Android_ETC1'
[2019.07.09-00.18.19:721][  0]LogTemp: Display: Module 'AndroidTargetPlatform' loaded TargetPlatform 'Android_ETC1a'
[2019.07.09-00.18.19:722][  0]LogTemp: Display: Module 'AndroidTargetPlatform' loaded TargetPlatform 'Android_ETC2'
[2019.07.09-00.18.19:722][  0]LogTemp: Display: Module 'AndroidTargetPlatform' loaded TargetPlatform 'Android_PVRTC'
[2019.07.09-00.18.19:722][  0]LogTemp: Display: Module 'AndroidTargetPlatform' loaded TargetPlatform 'AndroidClient'
[2019.07.09-00.18.19:722][  0]LogTemp: Display: Module 'AndroidTargetPlatform' loaded TargetPlatform 'Android_ASTCClient'
[2019.07.09-00.18.19:722][  0]LogTemp: Display: Module 'AndroidTargetPlatform' loaded TargetPlatform 'Android_ATCClient'
[2019.07.09-00.18.19:722][  0]LogTemp: Display: Module 'AndroidTargetPlatform' loaded TargetPlatform 'Android_DXTClient'
[2019.07.09-00.18.19:722][  0]LogTemp: Display: Module 'AndroidTargetPlatform' loaded TargetPlatform 'Android_ETC1Client'
[2019.07.09-00.18.19:722][  0]LogTemp: Display: Module 'AndroidTargetPlatform' loaded TargetPlatform 'Android_ETC1aClient'
[2019.07.09-00.18.19:722][  0]LogTemp: Display: Module 'AndroidTargetPlatform' loaded TargetPlatform 'Android_ETC2Client'
[2019.07.09-00.18.19:722][  0]LogTemp: Display: Module 'AndroidTargetPlatform' loaded TargetPlatform 'Android_PVRTCClient'
[2019.07.09-00.18.19:722][  0]LogTemp: Display: Module 'AndroidTargetPlatform' loaded TargetPlatform 'Android_Multi'
[2019.07.09-00.18.19:722][  0]LogTemp: Display: Module 'AndroidTargetPlatform' loaded TargetPlatform 'Android_MultiClient'
[2019.07.09-00.18.19:730][  0]LogTargetPlatformManager: Display: Building Assets For Linux
[2019.07.09-00.18.20:207][  0]LogShaderCompilers: Guid format shader working directory is 14 characters bigger than the processId version (../../../../../home/donovan/Documents/Unreal Projects/Labarynth/Project/Intermediate/Shaders/WorkingDirectory/23117/).
[2019.07.09-00.18.20:207][  0]LogShaderCompilers: Cleaned the shader compiler working directory '../../../../../home/donovan/Documents/Unreal Projects/Labarynth/Project/Intermediate/Shaders/tmp/0004826108D703C8462F723A7C8B4F69/'.
[2019.07.09-00.18.20:207][  0]LogShaderCompilers: Display: Using Local Shader Compiler.
[2019.07.09-00.18.21:352][  0]LogDerivedDataCache: Display: Max Cache Size: 512 MB
[2019.07.09-00.18.21:432][  0]LogDerivedDataCache: Loaded boot cache 0.08s 95MB ../../../../../home/donovan/Documents/Unreal Projects/Labarynth/Project/DerivedDataCache/Boot.ddc.
[2019.07.09-00.18.21:432][  0]LogDerivedDataCache: Display: Loaded Boot cache: ../../../../../home/donovan/Documents/Unreal Projects/Labarynth/Project/DerivedDataCache/Boot.ddc
[2019.07.09-00.18.21:432][  0]LogDerivedDataCache: FDerivedDataBackendGraph:  Pak pak cache file ../../../../../home/donovan/Documents/Unreal Projects/Labarynth/Project/DerivedDataCache/DDC.ddp not found, will not use a pak cache.
[2019.07.09-00.18.21:432][  0]LogDerivedDataCache: Unable to find inner node Pak for hierarchical cache Hierarchy.
[2019.07.09-00.18.21:433][  0]LogDerivedDataCache: FDerivedDataBackendGraph:  EnginePak pak cache file ../../../Engine/DerivedDataCache/DDC.ddp not found, will not use a pak cache.
[2019.07.09-00.18.21:433][  0]LogDerivedDataCache: Unable to find inner node EnginePak for hierarchical cache Hierarchy.
[2019.07.09-00.18.21:433][  0]LogDerivedDataCache: Using Local data cache path ../../../Engine/DerivedDataCache: Writable
[2019.07.09-00.18.21:433][  0]LogDerivedDataCache: Shared data cache path not found in *engine.ini, will not use an Shared cache.
[2019.07.09-00.18.21:433][  0]LogDerivedDataCache: Unable to find inner node Shared for hierarchical cache Hierarchy.
[2019.07.09-00.18.21:469][  0]LogMaterial: Verifying Global Shaders for SF_VULKAN_SM5_NOUB
[2019.07.09-00.18.21:477][  0]LogSlate: Using FreeType 2.6.0
[2019.07.09-00.18.21:479][  0]LogSlate: SlateFontServices - WITH_FREETYPE: 1, WITH_HARFBUZZ: 0
[2019.07.09-00.18.21:615][  0]LogAssetRegistry: FAssetRegistry took 0.0032 seconds to start up
[2019.07.09-00.18.21:906][  0]LogLinux: Selected Device Profile: [Linux]
[2019.07.09-00.18.22:647][  0]LogMeshReduction: Using QuadricMeshReduction for automatic static mesh reduction
[2019.07.09-00.18.22:647][  0]LogMeshReduction: Using SimplygonMeshReduction for automatic skeletal mesh reduction
[2019.07.09-00.18.22:647][  0]LogMeshReduction: No automatic mesh merging module available
[2019.07.09-00.18.22:647][  0]LogMeshReduction: No distributed automatic mesh merging module available
[2019.07.09-00.18.22:647][  0]LogMeshMerging: No automatic mesh merging module available
[2019.07.09-00.18.22:647][  0]LogMeshMerging: No distributed automatic mesh merging module available
[2019.07.09-00.18.22:664][  0]LogNetVersion: Labarynth 1.0.0, NetCL: 0, EngineNetVer: 10, GameNetVer: 0 (Checksum: 1462557434)
[2019.07.09-00.18.23:149][  0]LogPackageLocalizationCache: Processed 10 localized package path(s) for 1 prioritized culture(s) in 0.021062 seconds
[2019.07.09-00.18.23:165][  0]LogUObjectArray: 41532 objects as part of root set at end of initial load.
[2019.07.09-00.18.23:165][  0]LogUObjectAllocator: 7197144 out of 0 bytes used by permanent object pool.
[2019.07.09-00.18.23:165][  0]LogUObjectArray: CloseDisregardForGC: 0/0 objects in disregard for GC pool
[2019.07.09-00.18.23:402][  0]LogHAL: Linux SourceCodeAccessSettings: NullSourceCodeAccessor
[2019.07.09-00.18.29:951][  0]LogTcpMessaging: Initializing TcpMessaging bridge
[2019.07.09-00.18.29:956][  0]LogUdpMessaging: Initializing bridge on interface 0.0.0.0:0 to multicast group 230.0.0.1:6666.
[2019.07.09-00.18.31:424][  0]SourceControl: Source control is disabled
[2019.07.09-00.18.31:425][  0]SourceControl: Source control is disabled
[2019.07.09-00.18.32:095][  0]SourceControl: Source control is disabled
[2019.07.09-00.18.32:235][  0]SourceControl: Source control is disabled
[2019.07.09-00.18.38:187][  0]LogAndroidPermission: UAndroidPermissionCallbackProxy::GetInstance
[2019.07.09-00.18.38:539][  0]LogEngine: Initializing Engine...
[2019.07.09-00.18.38:540][  0]LogHMD: Failed to initialize OpenVR with code 110
[2019.07.09-00.18.38:541][  0]LogStats: UGameplayTagsManager::InitializeManager -  0.000 s
[2019.07.09-00.18.38:841][  0]LogInit: Initializing FReadOnlyCVARCache
[2019.07.09-00.18.39:378][  0]LogAIModule: Creating AISystem for world Untitled
[2019.07.09-00.18.39:388][  0]LogAudioMixer: Display: Audio Mixer Platform Settings:
[2019.07.09-00.18.39:388][  0]LogAudioMixer: Display: 	Sample Rate:						  48000
[2019.07.09-00.18.39:388][  0]LogAudioMixer: Display: 	Callback Buffer Frame Size Requested: 1024
[2019.07.09-00.18.39:388][  0]LogAudioMixer: Display: 	Callback Buffer Frame Size To Use:	  1024
[2019.07.09-00.18.39:388][  0]LogAudioMixer: Display: 	Number of buffers to queue:			  2
[2019.07.09-00.18.39:388][  0]LogAudioMixer: Display: 	Max Channels (voices):				  0
[2019.07.09-00.18.39:388][  0]LogAudioMixer: Display: 	Number of Async Source Workers:		  0
[2019.07.09-00.18.39:388][  0]LogAudioMixer: Display: Initializing audio mixer.
[2019.07.09-00.18.39:396][  0]LogAudioMixerSDL: Display: Initialized SDL using pulseaudio platform API backend.
[2019.07.09-00.18.39:675][  0]LogInit: FAudioDevice initialized.
[2019.07.09-00.18.39:676][  0]LogNetVersion: Set ProjectVersion to 1.0.0.0. Version Checksum will be recalculated on next use.
[2019.07.09-00.18.39:735][  0]LogDerivedDataCache: Saved boot cache 0.06s 95MB ../../../../../home/donovan/Documents/Unreal Projects/Labarynth/Project/DerivedDataCache/Boot.ddc.
[2019.07.09-00.18.39:748][  0]LogInit: Texture streaming: Enabled
[2019.07.09-00.18.39:932][  0]LogEngineSessionManager: EngineSessionManager initialized
[2019.07.09-00.18.40:590][  0]LogInit: Transaction tracking system initialized
[2019.07.09-00.18.41:516][  0]BlueprintLog: New page: Editor Load
[2019.07.09-00.18.44:465][  0]LocalizationService: Localization service is disabled
[2019.07.09-00.18.45:583][  0]LogLinker: Warning: Can't find file '/Game/FirstPersonBP/FirstPersonOverview'
[2019.07.09-00.18.45:583][  0]LogLinker: Warning: Can't find file '/Game/FirstPersonBP/FirstPersonOverview'
[2019.07.09-00.18.45:583][  0]LogUObjectGlobals: Warning: Failed to find object 'Class /Game/FirstPersonBP/FirstPersonOverview.FirstPersonOverview_C'
[2019.07.09-00.18.47:016][  0]LogFileCache: Scanning file cache for directory '/home/donovan/Documents/Unreal Projects/Labarynth/Project/Content/' took 0.00s
[2019.07.09-00.18.47:016][  0]LogCook: Display: Max memory allowance for cook 16384mb min free memory 0mb
[2019.07.09-00.18.47:016][  0]LogCook: Display: Mobile HDR setting 1
[2019.07.09-00.18.50:980][  0]SourceControl: Source control is disabled
[2019.07.09-00.18.50:980][  0]Cmd: MAP LOAD FILE="../../../../../home/donovan/Documents/Unreal Projects/Labarynth/Project/Content/FirstPersonBP/Maps/FirstPersonExampleMap.umap" TEMPLATE=0 SHOWPROGRESS=1 FEATURELEVEL=3
[2019.07.09-00.18.50:990][  0]LightingResults: New page: Lighting Build
[2019.07.09-00.18.51:099][  0]MapCheck: New page: Map Check
[2019.07.09-00.18.51:099][  0]LightingResults: New page: Lighting Build
[2019.07.09-00.18.51:121][  0]LogUObjectHash: Compacting FUObjectHashTables data took   2.61ms
[2019.07.09-00.18.51:690][  0]LogAIModule: Creating AISystem for world FirstPersonExampleMap
[2019.07.09-00.18.51:694][  0]LogEditorServer: Finished looking for orphan Actors (0.000 secs)
[2019.07.09-00.18.51:722][  0]LogUObjectHash: Compacting FUObjectHashTables data took   2.89ms
[2019.07.09-00.18.51:731][  0]Cmd: MAP CHECKDEP NOCLEARLOG
[2019.07.09-00.18.51:731][  0]MapCheck: Map check complete: 0 Error(s), 0 Warning(s), took 0.107ms to complete.
[2019.07.09-00.18.51:732][  0]LogFileHelpers: Loading map 'FirstPersonExampleMap' took 0.751
[2019.07.09-00.18.51:752][  0]LogLinux: Scale at X=0.000000, Y=27.000000: 1.000000 (monitor=#0, HDPI=96.000000 (horz scale: 1.000000), VDPI=96.000000 (vert scale: 1.000000))
[2019.07.09-00.18.51:752][  0]LogLinux: Scale at X=960.000000, Y=553.500000: 1.000000 (monitor=#0, HDPI=96.000000 (horz scale: 1.000000), VDPI=96.000000 (vert scale: 1.000000))
[2019.07.09-00.18.51:815][  0]LogLinux: Scale at X=0.000000, Y=27.000000: 1.000000 (monitor=#0, HDPI=96.000000 (horz scale: 1.000000), VDPI=96.000000 (vert scale: 1.000000))
[2019.07.09-00.18.51:969][  0]LogSlate: Updating window title bar state: overlay mode, drag disabled, window buttons hidden, title bar hidden
[2019.07.09-00.18.51:977][  0]LogSlate: Updating window title bar state: overlay mode, drag disabled, window buttons hidden, title bar hidden
[2019.07.09-00.18.51:985][  0]LogSlate: Updating window title bar state: overlay mode, drag disabled, window buttons hidden, title bar hidden
[2019.07.09-00.18.51:992][  0]LogSlate: Updating window title bar state: overlay mode, drag disabled, window buttons hidden, title bar hidden
[2019.07.09-00.18.52:003][  0]LogCollectionManager: Loaded 0 collections in 0.002213 seconds
[2019.07.09-00.18.52:014][  0]LogFileCache: Scanning file cache for directory '/home/donovan/Documents/Unreal Projects/Labarynth/Project/Saved/Collections/' took 0.00s
[2019.07.09-00.18.52:014][  0]LogFileCache: Scanning file cache for directory '/home/donovan/Documents/Unreal Projects/Labarynth/Project/Content/Developers/donovan/Collections/' took 0.00s
[2019.07.09-00.18.52:014][  0]LogFileCache: Scanning file cache for directory '/home/donovan/Documents/Unreal Projects/Labarynth/Project/Content/Collections/' took 0.00s
[2019.07.09-00.18.52:014][  0]LogContentBrowser: Native class hierarchy populated in 0.0086 seconds. Added 2691 classes and 621 folders.
[2019.07.09-00.18.52:016][  0]LogCollectionManager: Rebuilt the GUID cache for 0 collections in 0.000000 seconds
[2019.07.09-00.18.52:277][  0]LogContentBrowser: Native class hierarchy updated for 'WidgetCarousel' in 0.0003 seconds. Added 0 classes and 0 folders.
[2019.07.09-00.18.52:280][  0]LogPakFile: Registered encryption key '00000000000000000000000000000000': 0 pak files mounted, 0 remain pending
[2019.07.09-00.18.52:281][  0]LogPakFile: Registered encryption key '00000000000000000000000000000000': 0 pak files mounted, 0 remain pending
[2019.07.09-00.18.52:282][  0]LogPakFile: Registered encryption key '00000000000000000000000000000000': 0 pak files mounted, 0 remain pending
[2019.07.09-00.18.52:283][  0]LogPakFile: Registered encryption key '00000000000000000000000000000000': 0 pak files mounted, 0 remain pending
[2019.07.09-00.18.52:285][  0]LogPakFile: Registered encryption key '00000000000000000000000000000000': 0 pak files mounted, 0 remain pending
[2019.07.09-00.18.52:286][  0]LogPakFile: Registered encryption key '00000000000000000000000000000000': 0 pak files mounted, 0 remain pending
[2019.07.09-00.18.52:288][  0]LogPakFile: Registered encryption key '00000000000000000000000000000000': 0 pak files mounted, 0 remain pending
[2019.07.09-00.18.52:289][  0]LogPakFile: Registered encryption key '00000000000000000000000000000000': 0 pak files mounted, 0 remain pending
[2019.07.09-00.18.52:291][  0]LogPakFile: Registered encryption key '00000000000000000000000000000000': 0 pak files mounted, 0 remain pending
[2019.07.09-00.18.52:292][  0]LogPakFile: Registered encryption key '00000000000000000000000000000000': 0 pak files mounted, 0 remain pending
[2019.07.09-00.18.52:293][  0]LogPakFile: Registered encryption key '00000000000000000000000000000000': 0 pak files mounted, 0 remain pending
[2019.07.09-00.18.52:295][  0]LogPakFile: Registered encryption key '00000000000000000000000000000000': 0 pak files mounted, 0 remain pending
[2019.07.09-00.18.52:297][  0]LogPakFile: Registered encryption key '00000000000000000000000000000000': 0 pak files mounted, 0 remain pending
[2019.07.09-00.18.52:298][  0]LogPakFile: Registered encryption key '00000000000000000000000000000000': 0 pak files mounted, 0 remain pending
[2019.07.09-00.18.52:299][  0]LogPakFile: Registered encryption key '00000000000000000000000000000000': 0 pak files mounted, 0 remain pending
[2019.07.09-00.18.52:301][  0]LogPakFile: Registered encryption key '00000000000000000000000000000000': 0 pak files mounted, 0 remain pending
[2019.07.09-00.18.52:302][  0]LogPakFile: Registered encryption key '00000000000000000000000000000000': 0 pak files mounted, 0 remain pending
[2019.07.09-00.18.52:303][  0]LogPakFile: Registered encryption key '00000000000000000000000000000000': 0 pak files mounted, 0 remain pending
[2019.07.09-00.18.52:305][  0]LogPakFile: Registered encryption key '00000000000000000000000000000000': 0 pak files mounted, 0 remain pending
[2019.07.09-00.18.52:306][  0]LogPakFile: Registered encryption key '00000000000000000000000000000000': 0 pak files mounted, 0 remain pending
[2019.07.09-00.18.52:308][  0]LogPakFile: Registered encryption key '00000000000000000000000000000000': 0 pak files mounted, 0 remain pending
[2019.07.09-00.18.52:309][  0]LogPakFile: Registered encryption key '00000000000000000000000000000000': 0 pak files mounted, 0 remain pending
[2019.07.09-00.18.52:310][  0]LogPakFile: Registered encryption key '00000000000000000000000000000000': 0 pak files mounted, 0 remain pending
[2019.07.09-00.18.52:312][  0]LogPakFile: Registered encryption key '00000000000000000000000000000000': 0 pak files mounted, 0 remain pending
[2019.07.09-00.18.52:313][  0]LogPakFile: Registered encryption key '00000000000000000000000000000000': 0 pak files mounted, 0 remain pending
[2019.07.09-00.18.52:314][  0]LogPakFile: Registered encryption key '00000000000000000000000000000000': 0 pak files mounted, 0 remain pending
[2019.07.09-00.18.52:344][  0]LogContentBrowser: Native class hierarchy updated for 'AddContentDialog' in 0.0005 seconds. Added 0 classes and 0 folders.
[2019.07.09-00.18.52:425][  0]LogVulkanRHI: Display: Requested PixelFormat 18 not supported by this swapchain! Falling back to supported swapchain format...
[2019.07.09-00.18.52:425][  0]LogVulkanRHI: Display: Queue Family 0: Supports Present
[2019.07.09-00.18.52:425][  0]LogVulkanRHI: Display: Queue Family 0: Supports Present
[2019.07.09-00.18.52:425][  0]LogVulkanRHI: Display: Found 3 Surface present modes:
[2019.07.09-00.18.52:425][  0]LogVulkanRHI: Display: - VK_PRESENT_MODE_FIFO_KHR (2)
[2019.07.09-00.18.52:425][  0]LogVulkanRHI: Display: - VK_PRESENT_MODE_FIFO_RELAXED_KHR (3)
[2019.07.09-00.18.52:425][  0]LogVulkanRHI: Display: - VK_PRESENT_MODE_IMMEDIATE_KHR (0)
[2019.07.09-00.18.52:425][  0]LogVulkanRHI: Display: Selected VkPresentModeKHR mode 2
[2019.07.09-00.18.52:591][  0]LogContentBrowser: Native class hierarchy updated for 'HierarchicalLODOutliner' in 0.0003 seconds. Added 0 classes and 0 folders.
[2019.07.09-00.18.52:591][  0]LogLoad: (Engine Initialization) Total time: 39.13 seconds
[2019.07.09-00.18.52:591][  0]LogLoad: (Engine Initialization) Total Blueprint compile time: 0.00 seconds
[2019.07.09-00.18.52:602][  0]LogSlate: Took 0.000800 seconds to synchronously load lazily loaded font '../../../Engine/Content/Slate/Fonts/Roboto-Regular.ttf' (155K)
[2019.07.09-00.18.52:607][  0]LogSlate: Took 0.000804 seconds to synchronously load lazily loaded font '../../../Engine/Content/Slate/Fonts/Roboto-Bold.ttf' (160K)
[2019.07.09-00.18.52:616][  0]LogSlate: Took 0.000763 seconds to synchronously load lazily loaded font '../../../Engine/Content/Editor/Slate/Fonts/FontAwesome.ttf' (139K)
[2019.07.09-00.18.52:668][  0]LogSlate: Took 0.000070 seconds to synchronously load lazily loaded font '../../../Engine/Content/Slate/Fonts/Roboto-Light.ttf' (167K)
[2019.07.09-00.18.52:713][  0]LogInit: Adding external input plugin.
[2019.07.09-00.18.52:744][  0]LogRenderer: Reallocating scene render targets to support 1236x644 Format 10 NumSamples 1 (Frame:1).
[2019.07.09-00.18.52:744][  0]LogAssetRegistry: Asset discovery search completed in 31.1291 seconds
[2019.07.09-00.18.52:747][  0]LogCollectionManager: Rebuilt the object cache for 0 collections in 0.000000 seconds (found 0 objects)
[2019.07.09-00.18.52:747][  0]LogCollectionManager: Fixed up redirectors for 0 collections in 0.000087 seconds (updated 0 objects)
[2019.07.09-00.18.52:748][  0]LogContentStreaming: Texture pool size now 1000 MB
[2019.07.09-00.18.55:603][171]LogLinux: Scale at X=960.000000, Y=540.000000: 1.000000 (monitor=#0, HDPI=96.000000 (horz scale: 1.000000), VDPI=96.000000 (vert scale: 1.000000))
[2019.07.09-00.18.56:177][189]LogLinux: Scale at X=1127.000000, Y=322.000000: 1.000000 (monitor=#0, HDPI=96.000000 (horz scale: 1.000000), VDPI=96.000000 (vert scale: 1.000000))
[2019.07.09-00.18.56:258][189]LogSlate: FSceneViewport::OnFocusLost() reason 2
[2019.07.09-00.18.58:747][291]LogLinux: Scale at X=331.000000, Y=193.000000: 1.000000 (monitor=#0, HDPI=96.000000 (horz scale: 1.000000), VDPI=96.000000 (vert scale: 1.000000))
[2019.07.09-00.18.58:747][291]LogLinux: Scale at X=960.000000, Y=540.000000: 1.000000 (monitor=#0, HDPI=96.000000 (horz scale: 1.000000), VDPI=96.000000 (vert scale: 1.000000))
[2019.07.09-00.22.42:650][962]LogLinux: Scale at X=331.000000, Y=193.000000: 1.000000 (monitor=#0, HDPI=96.000000 (horz scale: 1.000000), VDPI=96.000000 (vert scale: 1.000000))
[2019.07.09-00.22.42:650][962]LogSlate: Window 'Editor Preferences' being destroyed
[2019.07.09-00.22.42:718][962]LogSlate: Window 'Editor Preferences' being destroyed
[2019.07.09-00.22.44:979][ 72]LogSlate: FSceneViewport::OnFocusLost() reason 0
[2019.07.09-00.22.45:045][ 76]LogTemp: Repeating last play command: New Editor Window (PIE)
[2019.07.09-00.22.45:052][ 76]LogBlueprintUserMessages: Early PlayInEditor Detection: Level '/Game/FirstPersonBP/Maps/FirstPersonExampleMap.FirstPersonExampleMap:PersistentLevel' has LevelScriptBlueprint '/Game/FirstPersonBP/Maps/FirstPersonExampleMap.FirstPersonExampleMap:PersistentLevel.FirstPersonExampleMap' with GeneratedClass '/Game/FirstPersonBP/Maps/FirstPersonExampleMap.FirstPersonExampleMap_C' with ClassGeneratedBy '/Game/FirstPersonBP/Maps/FirstPersonExampleMap.FirstPersonExampleMap:PersistentLevel.FirstPersonExampleMap'
[2019.07.09-00.22.45:052][ 76]LogPlayLevel: PlayLevel: No blueprints needed recompiling
[2019.07.09-00.22.45:053][ 76]PIE: New page: PIE session: FirstPersonExampleMap (Jul 8, 2019, 10:22:45 AM)
[2019.07.09-00.22.45:053][ 76]LogPlayLevel: Creating play world package: /Game/FirstPersonBP/Maps/UEDPIE_1_FirstPersonExampleMap
[2019.07.09-00.22.45:057][ 76]LogPlayLevel: PIE: StaticDuplicateObject took: (0.003118s)
[2019.07.09-00.22.45:058][ 76]LogAIModule: Creating AISystem for world FirstPersonExampleMap
[2019.07.09-00.22.45:058][ 76]LogPlayLevel: PIE: World Init took: (0.000667s)
[2019.07.09-00.22.45:058][ 76]LogPlayLevel: PIE: Created PIE world by copying editor world from /Game/FirstPersonBP/Maps/FirstPersonExampleMap.FirstPersonExampleMap to /Game/FirstPersonBP/Maps/UEDPIE_1_FirstPersonExampleMap.FirstPersonExampleMap (0.004697s)
[2019.07.09-00.22.45:078][ 76]LogUObjectHash: Compacting FUObjectHashTables data took   1.47ms
[2019.07.09-00.22.45:080][ 76]LogLoad: Game class is 'MyChunkerGameMode_C'
[2019.07.09-00.22.45:083][ 76]LogWorld: Bringing World /Game/FirstPersonBP/Maps/UEDPIE_1_FirstPersonExampleMap.FirstPersonExampleMap up for play (max tick rate 0) at 2019.07.08-17.22.45
[2019.07.09-00.22.45:084][ 76]LogWorld: Bringing up level for play took: 0.002223
[2019.07.09-00.22.45:084][ 76]LogTemp: Display: ParseSettings for GameNetDriver
[2019.07.09-00.22.45:084][ 76]LogTemp: Display: ParseSettings for IpNetDriver_0
[2019.07.09-00.22.45:084][ 76]LogTemp: Display: ParseSettings for GameNetDriver
[2019.07.09-00.22.45:084][ 76]LogNet: ReplicationDriverClass is null! Not using ReplicationDriver.
[2019.07.09-00.22.45:084][ 76]PacketHandlerLog: DDoS detection status: detection enabled: 0 analytics enabled: 0
[2019.07.09-00.22.45:084][ 76]LogInit: BSD IPv4/6: Socket queue 262144 / 262144
[2019.07.09-00.22.45:085][ 76]PacketHandlerLog: Loaded PacketHandler component: Engine.EngineHandlerComponentFactory (StatelessConnectHandlerComponent)
[2019.07.09-00.22.45:085][ 76]LogNet: GameNetDriver IpNetDriver_0 IpNetDriver listening on port 2345
[2019.07.09-00.22.45:086][ 76]PIE: Play in editor start time for /Game/FirstPersonBP/Maps/UEDPIE_1_FirstPersonExampleMap 0.033
[2019.07.09-00.22.45:088][ 76]LogAudioMixer: Display: Audio Mixer Platform Settings:
[2019.07.09-00.22.45:088][ 76]LogAudioMixer: Display: 	Sample Rate:						  48000
[2019.07.09-00.22.45:088][ 76]LogAudioMixer: Display: 	Callback Buffer Frame Size Requested: 1024
[2019.07.09-00.22.45:088][ 76]LogAudioMixer: Display: 	Callback Buffer Frame Size To Use:	  1024
[2019.07.09-00.22.45:088][ 76]LogAudioMixer: Display: 	Number of buffers to queue:			  2
[2019.07.09-00.22.45:088][ 76]LogAudioMixer: Display: 	Max Channels (voices):				  0
[2019.07.09-00.22.45:088][ 76]LogAudioMixer: Display: 	Number of Async Source Workers:		  0
[2019.07.09-00.22.45:089][ 76]LogAudioMixer: Display: Initializing audio mixer.
[2019.07.09-00.22.45:089][ 76]LogAudioMixerSDL: Display: Initialized SDL using pulseaudio platform API backend.
[2019.07.09-00.22.45:363][ 76]LogInit: FAudioDevice initialized.
[2019.07.09-00.22.45:364][ 76]LogLinux: Scale at X=0.000000, Y=27.000000: 1.000000 (monitor=#0, HDPI=96.000000 (horz scale: 1.000000), VDPI=96.000000 (vert scale: 1.000000))
[2019.07.09-00.22.45:364][ 76]LogLinux: Scale at X=315.000000, Y=163.000000: 1.000000 (monitor=#0, HDPI=96.000000 (horz scale: 1.000000), VDPI=96.000000 (vert scale: 1.000000))
[2019.07.09-00.22.45:365][ 76]LogLinux: Scale at X=960.000000, Y=540.000000: 1.000000 (monitor=#0, HDPI=96.000000 (horz scale: 1.000000), VDPI=96.000000 (vert scale: 1.000000))
[2019.07.09-00.22.45:458][ 76]LogSlate: Updating window title bar state: overlay mode, drag disabled, window buttons hidden, title bar hidden
[2019.07.09-00.22.45:597][ 76]LogNet: Browse: 127.0.0.1:2345//Game/FirstPersonBP/Maps/FirstPersonExampleMap
[2019.07.09-00.22.45:597][ 76]LogTemp: Display: ParseSettings for GameNetDriver
[2019.07.09-00.22.45:597][ 76]LogTemp: Display: ParseSettings for IpNetDriver_1
[2019.07.09-00.22.45:598][ 76]LogTemp: Display: ParseSettings for PendingNetDriver
[2019.07.09-00.22.45:598][ 76]LogInit: BSD IPv4/6: Socket queue 65536 / 65536
[2019.07.09-00.22.45:598][ 76]PacketHandlerLog: Loaded PacketHandler component: Engine.EngineHandlerComponentFactory (StatelessConnectHandlerComponent)
[2019.07.09-00.22.45:598][ 76]LogNet: Game client on port 2345, rate 10000
[2019.07.09-00.22.45:600][ 76]PIE: Play in editor start time for /Game/FirstPersonBP/Maps/FirstPersonExampleMap 0.547
[2019.07.09-00.22.45:601][ 76]LogBlueprintUserMessages: Late PlayInEditor Detection: Level '/Game/FirstPersonBP/Maps/FirstPersonExampleMap.FirstPersonExampleMap:PersistentLevel' has LevelScriptBlueprint '/Game/FirstPersonBP/Maps/FirstPersonExampleMap.FirstPersonExampleMap:PersistentLevel.FirstPersonExampleMap' with GeneratedClass '/Game/FirstPersonBP/Maps/FirstPersonExampleMap.FirstPersonExampleMap_C' with ClassGeneratedBy '/Game/FirstPersonBP/Maps/FirstPersonExampleMap.FirstPersonExampleMap:PersistentLevel.FirstPersonExampleMap'
[2019.07.09-00.22.45:602][ 76]LogNet: NotifyAcceptingConnection accepted from: 127.0.0.1:40850
[2019.07.09-00.22.45:602][ 76]LogHandshake: SendConnectChallenge. Timestamp: 0.016597, Cookie: 240116116019058077234140224095073022246122057141024199158161
[2019.07.09-00.22.45:612][ 76]LogHandshake: SendChallengeResponse. Timestamp: 0.016597, Cookie: 240116116019058077234140224095073022246122057141024199158161
[2019.07.09-00.22.45:675][ 77]LogNet: NotifyAcceptingConnection accepted from: 127.0.0.1:40850
[2019.07.09-00.22.45:676][ 77]LogHandshake: SendChallengeAck. InCookie: 240116116019058077234140224095073022246122057141024199158161
[2019.07.09-00.22.45:676][ 77]LogNet: Server accepting post-challenge connection from: 127.0.0.1:40850
[2019.07.09-00.22.45:676][ 77]PacketHandlerLog: Loaded PacketHandler component: Engine.EngineHandlerComponentFactory (StatelessConnectHandlerComponent)
[2019.07.09-00.22.45:676][ 77]LogNet: NotifyAcceptedConnection: Name: FirstPersonExampleMap, TimeStamp: 07/08/19 17:22:45, [UNetConnection] RemoteAddr: 127.0.0.1:40850, Name: IpConnection_1, Driver: GameNetDriver IpNetDriver_0, IsServer: YES, PC: NULL, Owner: NULL, UniqueId: INVALID
[2019.07.09-00.22.45:677][ 77]LogNet: AddClientConnection: Added client connection: [UNetConnection] RemoteAddr: 127.0.0.1:40850, Name: IpConnection_1, Driver: GameNetDriver IpNetDriver_0, IsServer: YES, PC: NULL, Owner: NULL, UniqueId: INVALID
[2019.07.09-00.22.45:678][ 77]LogNetVersion: Labarynth 1.0.0.0, NetCL: 0, EngineNetVer: 10, GameNetVer: 0 (Checksum: 3635551341)
[2019.07.09-00.22.45:678][ 77]LogNet: UPendingNetGame::SendInitialJoin: Sending hello. [UNetConnection] RemoteAddr: 127.0.0.1:2345, Name: IpConnection_0, Driver: PendingNetDriver IpNetDriver_1, IsServer: NO, PC: NULL, Owner: NULL, UniqueId: INVALID
[2019.07.09-00.22.45:688][ 78]LogNet: NotifyAcceptingChannel Control 0 server World /Game/FirstPersonBP/Maps/UEDPIE_1_FirstPersonExampleMap.FirstPersonExampleMap: Accepted
[2019.07.09-00.22.45:688][ 78]LogNet: Remote platform little endian=1
[2019.07.09-00.22.45:688][ 78]LogNet: This platform little endian=1
[2019.07.09-00.22.45:696][ 79]LogNet: Login request: /Game/FirstPersonBP/Maps/FirstPersonExampleMap?Name=donovan-FR-2033970708D703C8E46D87988C5E3E6F userId: NULL:donovan-FR-2033970708D703C8E46D87988C5E3E6F platform: NULL
[2019.07.09-00.22.45:697][ 79]LogNet: Welcomed by server (Level: /Game/FirstPersonBP/Maps/UEDPIE_1_FirstPersonExampleMap, Game: /Game/MyChunkerGameMode.MyChunkerGameMode_C)
[2019.07.09-00.22.45:697][ 79]LogLoad: LoadMap: 127.0.0.1:2345//Game/FirstPersonBP/Maps/UEDPIE_1_FirstPersonExampleMap?game=/Game/MyChunkerGameMode.MyChunkerGameMode_C
[2019.07.09-00.22.45:697][ 79]LogAudioMixer: Display: No commands were queued while flushing the source manager.
[2019.07.09-00.22.45:719][ 79]LogUObjectHash: Compacting FUObjectHashTables data took   1.90ms
[2019.07.09-00.22.45:723][ 79]LogAIModule: Creating AISystem for world FirstPersonExampleMap
[2019.07.09-00.22.45:723][ 79]LogTemp: Display: ParseSettings for GameNetDriver
[2019.07.09-00.22.45:725][ 79]LogWorld: Bringing World /Game/FirstPersonBP/Maps/UEDPIE_2_FirstPersonExampleMap.FirstPersonExampleMap up for play (max tick rate 0) at 2019.07.08-17.22.45
[2019.07.09-00.22.45:725][ 79]LogWorld: Bringing up level for play took: 0.001116
[2019.07.09-00.22.45:725][ 79]LogNavigation: Warning: Was not able to create navigation data for SupportedAgent[0]: Default
[2019.07.09-00.22.45:726][ 79]LogLoad: Took 0.028696 seconds to LoadMap(/Game/FirstPersonBP/Maps/UEDPIE_1_FirstPersonExampleMap)
[2019.07.09-00.22.45:737][ 80]LogRenderer: Reallocating scene render targets to support 1272x688 Format 10 NumSamples 1 (Frame:1).
[2019.07.09-00.22.45:738][ 80]LogNet: Client netspeed is 10000
[2019.07.09-00.22.45:738][ 80]LogNet: Join request: /Game/FirstPersonBP/Maps/FirstPersonExampleMap?Name=donovan-FR-2033970708D703C8E46D87988C5E3E6F?SplitscreenCount=1
[2019.07.09-00.22.45:740][ 80]LogOnlineSession: Warning: OSS: No game present to join for session (GameSession)
[2019.07.09-00.22.45:744][ 80]LogNet: Join succeeded: donovan-FR-203397070
[2019.07.09-00.22.45:745][ 80]LogTemp: Warning: Spawning new chunk at X=-1 Y=-1
[2019.07.09-00.22.45:745][ 80]LogTemp: Warning: Try X: -1 Y: -1
[2019.07.09-00.22.45:760][ 80]LogTemp: Warning: Spawning new chunk at X=-1 Y=0
[2019.07.09-00.22.45:760][ 80]LogTemp: Warning: Try X: -1 Y: 0
[2019.07.09-00.22.45:774][ 80]LogTemp: Warning: Spawning new chunk at X=-1 Y=1
[2019.07.09-00.22.45:774][ 80]LogTemp: Warning: Try X: -1 Y: 1
[2019.07.09-00.22.45:788][ 80]LogTemp: Warning: Spawning new chunk at X=0 Y=-1
[2019.07.09-00.22.45:788][ 80]LogTemp: Warning: Try X: 0 Y: -1
[2019.07.09-00.22.45:801][ 80]LogTemp: Warning: Spawning new chunk at X=0 Y=1
[2019.07.09-00.22.45:801][ 80]LogTemp: Warning: Try X: 0 Y: 1
[2019.07.09-00.22.45:821][ 80]LogTemp: Warning: Spawning new chunk at X=1 Y=-1
[2019.07.09-00.22.45:821][ 80]LogTemp: Warning: Try X: 1 Y: -1
[2019.07.09-00.22.45:821][ 80]LogTemp: Warning: Try X: 1 Y: -1
[2019.07.09-00.22.45:821][ 80]LogTemp: Warning: Try X: 1 Y: -1
[2019.07.09-00.22.45:821][ 80]LogTemp: Warning: Try X: 1 Y: -1
[2019.07.09-00.22.45:821][ 80]LogTemp: Warning: Try X: 1 Y: -1
[2019.07.09-00.22.45:821][ 80]LogTemp: Warning: Try X: 1 Y: -1
[2019.07.09-00.22.45:835][ 80]LogTemp: Warning: Spawning new chunk at X=1 Y=0
[2019.07.09-00.22.45:835][ 80]LogTemp: Warning: Try X: 1 Y: 0
[2019.07.09-00.22.45:842][ 80]LogTemp: Warning: Spawning new chunk at X=1 Y=1
[2019.07.09-00.22.45:842][ 80]LogTemp: Warning: Try X: 1 Y: 1
[2019.07.09-00.22.45:941][ 82]LogNetPackageMap: Warning: FNetGUIDCache::SupportsObject: StaticMeshComponent /Game/FirstPersonBP/Maps/UEDPIE_1_FirstPersonExampleMap.FirstPersonExampleMap:PersistentLevel.MyChunk_C_1.StaticMeshComponent_0 NOT Supported.
[2019.07.09-00.22.46:081][ 92]LogTemp: Warning: Chunk was found empty
[2019.07.09-00.22.46:179][ 98]LogOnlineSession: Warning: OSS: No game present to join for session (GameSession)
[2019.07.09-00.22.46:512][118]LogTemp: Warning: Chunk was found empty
[2019.07.09-00.22.46:546][120]LogTemp: Warning: Chunk was found empty
[2019.07.09-00.22.46:962][145]LogTemp: Warning: Chunk was found empty
[2019.07.09-00.22.47:064][151]LogTemp: Warning: Chunk was found empty
[2019.07.09-00.22.47:249][162]LogTemp: Warning: Chunk was found empty
[2019.07.09-00.22.47:446][174]LogTemp: Warning: Chunk was found empty
[2019.07.09-00.22.47:513][178]LogTemp: Warning: Chunk was found empty
[2019.07.09-00.22.47:677][188]Cmd: LevelEditor.ToggleImmersive
[2019.07.09-00.22.47:737][188]LogRenderer: Reallocating scene render targets to support 1652x892 Format 10 NumSamples 1 (Frame:6255).
[2019.07.09-00.22.47:795][189]LogRenderer: Reallocating scene render targets to support 1912x1048 Format 10 NumSamples 1 (Frame:6257).
[2019.07.09-00.22.47:852][190]LogRenderer: Reallocating scene render targets to support 1920x1056 Format 10 NumSamples 1 (Frame:6259).
[2019.07.09-00.22.47:875][191]LogSlate: FSceneViewport::OnFocusLost() reason 2
[2019.07.09-00.22.50:287][333]LogSlate: FSceneViewport::OnFocusLost() reason 2
[2019.07.09-00.22.50:507][348]LogSlate: FSceneViewport::OnFocusLost() reason 2
[2019.07.09-00.22.51:538][410]Cmd: LevelEditor.ToggleImmersive
[2019.07.09-00.22.51:692][415]LogSlate: FSceneViewport::OnFocusLost() reason 2
[2019.07.09-00.22.52:975][490]LogSlate: FSceneViewport::OnFocusLost() reason 2
[2019.07.09-00.22.54:098][559]LogSlate: FSceneViewport::OnFocusLost() reason 2
[2019.07.09-00.23.12:941][371]LogSlate: FSceneViewport::OnFocusLost() reason 2
[2019.07.09-00.23.26:056][139]LogTemp: Warning: Spawning new chunk at X=-2 Y=-1
[2019.07.09-00.23.26:056][139]LogTemp: Warning: Try X: -2 Y: -1
[2019.07.09-00.23.26:067][139]LogTemp: Warning: Spawning new chunk at X=-2 Y=0
[2019.07.09-00.23.26:067][139]LogTemp: Warning: Try X: -2 Y: 0
[2019.07.09-00.23.26:074][139]LogTemp: Warning: Spawning new chunk at X=-2 Y=1
[2019.07.09-00.23.26:074][139]LogTemp: Warning: Try X: -2 Y: 1
[2019.07.09-00.23.26:088][139]LogTemp: Warning: Chunk was found empty
[2019.07.09-00.23.26:247][150]LogTemp: Warning: Chunk was found empty
[2019.07.09-00.23.26:511][166]LogTemp: Warning: Chunk was found empty
[2019.07.09-00.23.44:730][259]LogAudioMixer: Display: No commands were queued while flushing the source manager.
[2019.07.09-00.23.44:730][259]LogAudioMixer: Display: No commands were queued while flushing the source manager.
[2019.07.09-00.23.44:730][259]LogBlueprintUserMessages: Early EndPlayMap Detection: Level '/Game/FirstPersonBP/Maps/FirstPersonExampleMap.FirstPersonExampleMap:PersistentLevel' has LevelScriptBlueprint '/Game/FirstPersonBP/Maps/FirstPersonExampleMap.FirstPersonExampleMap:PersistentLevel.FirstPersonExampleMap' with GeneratedClass '/Game/FirstPersonBP/Maps/FirstPersonExampleMap.FirstPersonExampleMap_C' with ClassGeneratedBy '/Game/FirstPersonBP/Maps/FirstPersonExampleMap.FirstPersonExampleMap:PersistentLevel.FirstPersonExampleMap'
[2019.07.09-00.23.44:730][259]LogSlate: Updating window title bar state: overlay mode, drag disabled, window buttons hidden, title bar hidden
[2019.07.09-00.23.44:731][259]LogLinux: Scale at X=0.000000, Y=27.000000: 1.000000 (monitor=#0, HDPI=96.000000 (horz scale: 1.000000), VDPI=96.000000 (vert scale: 1.000000))
[2019.07.09-00.23.44:739][259]LogSlate: Window 'Labarynth Game Preview Client 1 (64-bit/SF_VULKAN_SM5_NOUB)' being destroyed
[2019.07.09-00.23.44:803][259]LogAudioMixer: Display: No commands were queued while flushing the source manager.
[2019.07.09-00.23.44:821][259]LogNet: World NetDriver shutdown IpNetDriver_1 [GameNetDriver]
[2019.07.09-00.23.44:821][259]LogNet: DestroyNamedNetDriver IpNetDriver_1 [GameNetDriver]
[2019.07.09-00.23.44:822][259]LogNet: UNetConnection::Close: [UNetConnection] RemoteAddr: 127.0.0.1:2345, Name: IpConnection_0, Driver: GameNetDriver IpNetDriver_1, IsServer: NO, PC: PlayerController_1, Owner: PlayerController_1, UniqueId: NULL:donovan-FR-2033970708D703C8E46D87988C5E3E6F, Channels: 315, Time: 2019.07.09-00.23.44
[2019.07.09-00.23.44:822][259]LogNet: UChannel::Close: Sending CloseBunch. ChIndex == 0. Name: [UChannel] ChIndex: 0, Closing: 0 [UNetConnection] RemoteAddr: 127.0.0.1:2345, Name: IpConnection_0, Driver: GameNetDriver IpNetDriver_1, IsServer: NO, PC: PlayerController_1, Owner: PlayerController_1, UniqueId: NULL:donovan-FR-2033970708D703C8E46D87988C5E3E6F
[2019.07.09-00.23.44:822][259]LogExit: GameNetDriver IpNetDriver_1 shut down
[2019.07.09-00.23.44:822][259]LogAudioMixer: Display: No commands were queued while flushing the source manager.
[2019.07.09-00.23.44:833][259]LogNet: World NetDriver shutdown IpNetDriver_0 [GameNetDriver]
[2019.07.09-00.23.44:833][259]LogNet: DestroyNamedNetDriver IpNetDriver_0 [GameNetDriver]
[2019.07.09-00.23.44:833][259]LogNet: UNetConnection::Cleanup: Closing open connection. [UNetConnection] RemoteAddr: 127.0.0.1:40850, Name: IpConnection_1, Driver: GameNetDriver IpNetDriver_0, IsServer: YES, PC: PlayerController_0, Owner: PlayerController_0, UniqueId: NULL:donovan-FR-2033970708D703C8E46D87988C5E3E6F
[2019.07.09-00.23.44:833][259]LogNet: UNetConnection::Close: [UNetConnection] RemoteAddr: 127.0.0.1:40850, Name: IpConnection_1, Driver: GameNetDriver IpNetDriver_0, IsServer: YES, PC: PlayerController_0, Owner: PlayerController_0, UniqueId: NULL:donovan-FR-2033970708D703C8E46D87988C5E3E6F, Channels: 315, Time: 2019.07.09-00.23.44
[2019.07.09-00.23.44:833][259]LogNet: UChannel::Close: Sending CloseBunch. ChIndex == 0. Name: [UChannel] ChIndex: 0, Closing: 0 [UNetConnection] RemoteAddr: 127.0.0.1:40850, Name: IpConnection_1, Driver: GameNetDriver IpNetDriver_0, IsServer: YES, PC: PlayerController_0, Owner: PlayerController_0, UniqueId: NULL:donovan-FR-2033970708D703C8E46D87988C5E3E6F
[2019.07.09-00.23.44:834][259]LogExit: GameNetDriver IpNetDriver_0 shut down
[2019.07.09-00.23.44:834][259]LogPlayLevel: Display: Shutting down PIE online subsystems
[2019.07.09-00.23.44:834][259]LogBlueprintUserMessages: Late EndPlayMap Detection: Level '/Game/FirstPersonBP/Maps/FirstPersonExampleMap.FirstPersonExampleMap:PersistentLevel' has LevelScriptBlueprint '/Game/FirstPersonBP/Maps/FirstPersonExampleMap.FirstPersonExampleMap:PersistentLevel.FirstPersonExampleMap' with GeneratedClass '/Game/FirstPersonBP/Maps/FirstPersonExampleMap.FirstPersonExampleMap_C' with ClassGeneratedBy '/Game/FirstPersonBP/Maps/FirstPersonExampleMap.FirstPersonExampleMap:PersistentLevel.FirstPersonExampleMap'
[2019.07.09-00.23.44:864][259]LogAudioMixer: Display: No commands were queued while flushing the source manager.
[2019.07.09-00.23.44:916][259]LogUObjectHash: Compacting FUObjectHashTables data took   2.16ms
[2019.07.09-00.23.44:932][260]LogPlayLevel: Display: Destroying online subsystem :Context_2
[2019.07.09-00.23.44:932][260]LogPlayLevel: Display: Destroying online subsystem :Context_1
[2019.07.09-00.23.46:473][331]LogLinux: Scale at X=1127.000000, Y=322.000000: 1.000000 (monitor=#0, HDPI=96.000000 (horz scale: 1.000000), VDPI=96.000000 (vert scale: 1.000000))
[2019.07.09-00.23.46:551][331]LogSlate: FSceneViewport::OnFocusLost() reason 2
[2019.07.09-00.23.47:842][390]LogUObjectHash: Compacting FUObjectHashTables data took   0.59ms
[2019.07.09-00.23.49:144][450]LogSlate: FSceneViewport::OnFocusLost() reason 0
[2019.07.09-00.23.49:226][455]LogTemp: Repeating last play command: Standalone Game
[2019.07.09-00.23.49:256][455]LogUObjectHash: Compacting FUObjectHashTables data took   0.54ms
