Log file open, 07/08/19 13:38:01
LogPakFile: Registered encryption key '00000000000000000000000000000000': 0 pak files mounted, 0 remain pending
LogPlatformFile: Not using cached read wrapper
LogTaskGraph: Started task graph with 4 named threads and 7 total threads with 1 sets of task threads.
LogICUInternationalization: ICU TimeZone Detection - Raw Offset: -8:00, Platform Override: ''
LogInit: Build: ++UE4+Release-4.22-CL-0
LogInit: Engine Version: 4.22.3-0+++UE4+Release-4.22
LogInit: Compatible Engine Version: 4.22.0-0+++UE4+Release-4.22
LogInit: Net CL: 0
LogInit: OS: GenericOSVersionLabel (GenericOSSubVersionLabel), CPU: Intel(R) Core(TM) i5-4570 CPU @ 3.20GHz, GPU: GenericGPUBrand
LogInit: Compiled (64-bit): Jun 27 2019 15:40:14
LogInit: Compiled with Clang: 7.0.1 (tags/RELEASE_701/final)
LogInit: Build Configuration: Shipping
LogInit: Branch Name: ++UE4+Release-4.22
LogInit: Command Line:  -Abslog="/home/donovan/Documents/Unreal Projects/Labarynth/Project/Saved/Logs/Labarynth-CRC.log" "/home/donovan/Documents/Unreal Projects/Labarynth/Project/Saved/Crashes/crashinfo-Labarynth-pid-11281-2031C55508D703A97F6BC02268AAEBF7/"
LogInit: Base Directory: /games/UnrealEngine/Engine/Binaries/Linux/
LogInit: Installed Engine Build: 1
LogInit: Presizing for max 100000 objects, including 0 objects not considered by GC, pre-allocating 0 bytes for permanent pool.
LogInit: Object subsystem initialized
LogConfig: Applying CVar settings from Section [ConsoleVariables] File [/home/donovan/.config/Epic/CrashReportClient/Saved/Config/Linux/Engine.ini]
[2019.07.08-20.38.01:919][  0]LogInit: Unix hardware info:
[2019.07.08-20.38.01:919][  0]LogInit:  - we are the first instance of this executable
[2019.07.08-20.38.01:919][  0]LogInit:  - this process' id (pid) is 12139, parent process' id (ppid) is 11281
[2019.07.08-20.38.01:919][  0]LogInit:  - we are not running under debugger
[2019.07.08-20.38.01:919][  0]LogInit:  - machine network name is 'donovan-FR'
[2019.07.08-20.38.01:919][  0]LogInit:  - user name is 'donovan' (donovan)
[2019.07.08-20.38.01:919][  0]LogInit:  - we're logged in locally
[2019.07.08-20.38.01:919][  0]LogInit:  - we're running with rendering
[2019.07.08-20.38.01:919][  0]LogInit:  - CPU: GenuineIntel 'Intel(R) Core(TM) i5-4570 CPU @ 3.20GHz' (signature: 0x306C3)
[2019.07.08-20.38.01:919][  0]LogInit:  - Number of physical cores available for the process: 4
[2019.07.08-20.38.01:919][  0]LogInit:  - Number of logical cores available for the process: 4
[2019.07.08-20.38.01:919][  0]LogInit:  - Cache line size: 64
[2019.07.08-20.38.01:919][  0]LogInit:  - Memory allocator used: binned2
[2019.07.08-20.38.01:919][  0]LogInit:  - This binary is optimized with LTO: no, PGO: no, instrumented for PGO data collection: no
[2019.07.08-20.38.01:919][  0]LogCore: Skipped benchmarking clocks because the engine is running in a standalone program mode - CLOCK_MONOTONIC will be used.
[2019.07.08-20.38.01:919][  0]LogInit: Unix-specific commandline switches:
[2019.07.08-20.38.01:919][  0]LogInit:  -ansimalloc - use malloc()/free() from libc (useful for tools like valgrind and electric fence)
[2019.07.08-20.38.01:919][  0]LogInit:  -jemalloc - use jemalloc for all memory allocation
[2019.07.08-20.38.01:919][  0]LogInit:  -binnedmalloc - use binned malloc  for all memory allocation
[2019.07.08-20.38.01:919][  0]LogInit:  -filemapcachesize=NUMBER - set the size for case-sensitive file mapping cache
[2019.07.08-20.38.01:919][  0]LogInit:  -useksm - uses kernel same-page mapping (KSM) for mapped memory (OFF)
[2019.07.08-20.38.01:920][  0]LogInit:  -ksmmergeall - marks all mmap'd memory pages suitable for KSM (OFF)
[2019.07.08-20.38.01:920][  0]LogInit:  -preloadmodulesymbols - Loads the main module symbols file into memory (OFF)
[2019.07.08-20.38.01:920][  0]LogInit:  -sigdfl=SIGNAL - Allows a specific signal to be set to its default handler rather then ignoring the signal
[2019.07.08-20.38.01:920][  0]LogInit:  -httpproxy=ADDRESS:PORT - redirects HTTP requests to a proxy (only supported if compiled with libcurl)
[2019.07.08-20.38.01:920][  0]LogInit:  -reuseconn - allow libcurl to reuse HTTP connections (only matters if compiled with libcurl)
[2019.07.08-20.38.01:920][  0]LogInit:  -virtmemkb=NUMBER - sets process virtual memory (address space) limit (overrides VirtualMemoryLimitInKB value from .ini)
[2019.07.08-20.38.01:920][  0]LogInit:  - Physical RAM available (not considering process quota): 10 GB (9931 MB, 10169852 KB, 10413928448 bytes)
[2019.07.08-20.38.01:920][  0]LogInit:  - VirtualMemoryAllocator pools will grow at scale 1.4
[2019.07.08-20.38.01:920][  0]LogInit:  - MemoryRangeDecommit() will be a no-op (re-run with -vmapoolevict to change)
[2019.07.08-20.38.01:932][  0]LogAssetRegistry: FAssetRegistry took 0.0000 seconds to start up
[2019.07.08-20.38.01:933][  0]LogUObjectArray: 1050 objects as part of root set at end of initial load.
[2019.07.08-20.38.01:933][  0]LogUObjectAllocator: 157600 out of 0 bytes used by permanent object pool.
[2019.07.08-20.38.01:933][  0]LogUObjectArray: CloseDisregardForGC: 0/0 objects in disregard for GC pool
[2019.07.08-20.38.01:933][  0]LogInit: Using OS detected language (en-US).
[2019.07.08-20.38.01:933][  0]LogInit: Using OS detected locale (en-US).
[2019.07.08-20.38.01:933][  0]LogTextLocalizationManager: No localization for 'en-US' exists, so 'en' will be used for the language.
[2019.07.08-20.38.01:933][  0]LogTextLocalizationManager: No localization for 'en-US' exists, so 'en' will be used for the locale.
[2019.07.08-20.38.01:940][  0]LogInit: Using OS detected language (en-US).
[2019.07.08-20.38.01:940][  0]LogInit: Using OS detected locale (en-US).
[2019.07.08-20.38.01:940][  0]LogTextLocalizationManager: No localization for 'en-US' exists, so 'en' will be used for the language.
[2019.07.08-20.38.01:940][  0]LogTextLocalizationManager: No localization for 'en-US' exists, so 'en' will be used for the locale.
[2019.07.08-20.38.01:941][  0]LogTextLocalizationManager: Compacting localization data took   0.54ms
[2019.07.08-20.38.01:941][  0]LogPackageLocalizationCache: Processed 2 localized package path(s) for 1 prioritized culture(s) in 0.000028 seconds
[2019.07.08-20.38.01:941][  0]CrashReportClientLog: CrashReportClientVersion=1.0
[2019.07.08-20.38.01:941][  0]CrashReportClientLog: CrashReportReceiver disabled
[2019.07.08-20.38.01:941][  0]CrashReportClientLog: DataRouterUrl: https://datarouter.ol.epicgames.com/datarouter/api/v1/public/data
[2019.07.08-20.38.01:942][  0]LogInit: Initializing SDL.
[2019.07.08-20.38.02:028][  0]LogInit: Initialized SDL 2.0.8 revision: 11184 (hg-12121:4358e537000a with EpicExtensions) (compiled against 2.0.8)
[2019.07.08-20.38.02:028][  0]LogInit: Using SDL video driver 'x11'
[2019.07.08-20.38.02:031][  0]LogSlate: New Slate User Created.  User Index 0, Is Virtual User: 0
[2019.07.08-20.38.02:031][  0]LogSlate: Slate User Registered.  User Index 0, Is Virtual User: 0
[2019.07.08-20.38.02:031][  0]LogSlate: Using FreeType 2.6.0
[2019.07.08-20.38.02:031][  0]LogSlate: SlateFontServices - WITH_FREETYPE: 1, WITH_HARFBUZZ: 0
[2019.07.08-20.38.02:031][  0]LogInit: Using SDL_WINDOW_OPENGL
[2019.07.08-20.38.02:048][  0]LogInit: FSlateOpenGLContext::Initialize - creating OpenGL 2.1 context
[2019.07.08-20.38.02:132][  0]CrashReportClientLog: Initial state = Unknown UploadState value
[2019.07.08-20.38.02:132][  0]CrashReportClientLog: Initial state = Unknown UploadState value
[2019.07.08-20.38.02:139][  0]LogLinux: Scale at X=0.000000, Y=27.000000: 1.000000 (monitor=#0, HDPI=96.000000 (horz scale: 1.000000), VDPI=96.000000 (vert scale: 1.000000))
[2019.07.08-20.38.02:139][  0]LogLinux: Scale at X=585.000000, Y=256.500000: 1.000000 (monitor=#0, HDPI=96.000000 (horz scale: 1.000000), VDPI=96.000000 (vert scale: 1.000000))
[2019.07.08-20.38.02:139][  0]LogLinux: Scale at X=960.000000, Y=553.500000: 1.000000 (monitor=#0, HDPI=96.000000 (horz scale: 1.000000), VDPI=96.000000 (vert scale: 1.000000))
[2019.07.08-20.38.02:160][  0]LogInit: FSlateOpenGLContext::Initialize - creating OpenGL 2.1 context
[2019.07.08-20.38.02:171][  0]LogSlate: Took 0.000058 seconds to synchronously load lazily loaded font '../../../Engine/Content/Slate/Fonts/Roboto-Regular.ttf' (155K)
[2019.07.08-20.38.02:172][  0]LogSlate: Took 0.000079 seconds to synchronously load lazily loaded font '../../../Engine/Content/Slate/Fonts/Roboto-Bold.ttf' (160K)
[2019.07.08-20.38.02:176][  0]LogSlate: Took 0.000084 seconds to synchronously load lazily loaded font '../../../Engine/Content/Slate/Fonts/Roboto-Italic.ttf' (157K)
[2019.07.08-20.38.02:449][  0]LogLinux: Scale at X=1086.500000, Y=502.000000: 1.000000 (monitor=#0, HDPI=96.000000 (horz scale: 1.000000), VDPI=96.000000 (vert scale: 1.000000))
[2019.07.08-20.38.02:452][  0]LogInit: FSlateOpenGLContext::Initialize - creating OpenGL 2.1 context
[2019.07.08-20.38.03:482][  0]LogLinux: Scale at X=960.000000, Y=540.000000: 1.000000 (monitor=#0, HDPI=96.000000 (horz scale: 1.000000), VDPI=96.000000 (vert scale: 1.000000))
[2019.07.08-20.38.03:499][  0]LogInit: FSlateOpenGLContext::Initialize - creating OpenGL 2.1 context
[2019.07.08-20.38.04:499][  0]LogSlate: Request Window '' being destroyed
[2019.07.08-20.38.06:169][  0]LogSlate: Request Window '' being destroyed
[2019.07.08-20.38.06:178][  0]LogSlate: Request Window 'Unreal Engine 4 Crash Reporter' being destroyed
[2019.07.08-20.38.06:178][  0]LogSlate: Window 'Unreal Engine 4 Crash Reporter' being destroyed
[2019.07.08-20.38.06:195][  0]LogSlate: Slate User Destroyed.  User Index 0, Is Virtual User: 0
[2019.07.08-20.38.06:196][  0]LogExit: Preparing to exit.
[2019.07.08-20.38.06:196][  0]LogExit: Object subsystem successfully closed.
[2019.07.08-20.38.06:197][  0]LogModuleManager: Shutting down and abandoning module ImageWrapper (12)
[2019.07.08-20.38.06:197][  0]LogModuleManager: Shutting down and abandoning module InputCore (10)
[2019.07.08-20.38.06:197][  0]LogModuleManager: Shutting down and abandoning module CoreUObject (8)
[2019.07.08-20.38.06:197][  0]LogModuleManager: Shutting down and abandoning module SandboxFile (6)
[2019.07.08-20.38.06:197][  0]LogModuleManager: Shutting down and abandoning module PakFile (4)
[2019.07.08-20.38.06:197][  0]LogModuleManager: Shutting down and abandoning module RSA (3)
[2019.07.08-20.38.06:197][  0]LogExit: Exiting.
[2019.07.08-20.38.06:197][  0]LogInit: Tearing down SDL.
[2019.07.08-20.38.06:208][  0]Log file closed, 07/08/19 13:38:06
